[github.com/flipped-aurora/gin-vue-admin/forum-server]2023/01/04 - 16:22:34.301	[34minfo[0m	/Users/mac/gopath/src/gin-vue-admin/forum-server/initialize/gorm.go:67	register table success
[github.com/flipped-aurora/gin-vue-admin/forum-server]2023/01/04 - 16:22:34.314	[34minfo[0m	/Users/mac/gopath/src/gin-vue-admin/forum-server/initialize/redis.go:23	redis connect ping response:	{"pong": "PONG"}
[github.com/flipped-aurora/gin-vue-admin/forum-server]2023/01/04 - 16:22:34.315	[34minfo[0m	/Users/mac/gopath/src/gin-vue-admin/forum-server/initialize/router.go:39	register swagger handler
[github.com/flipped-aurora/gin-vue-admin/forum-server]2023/01/04 - 16:22:34.330	[34minfo[0m	/Users/mac/gopath/src/gin-vue-admin/forum-server/initialize/router.go:96	router register success
[github.com/flipped-aurora/gin-vue-admin/forum-server]2023/01/04 - 16:22:34.331	[34minfo[0m	/Users/mac/gopath/src/gin-vue-admin/forum-server/core/server.go:37	forum-server run success on 	{"address": ":8889"}
[github.com/flipped-aurora/gin-vue-admin/forum-server]2023/01/04 - 16:32:11.750	[34minfo[0m	/Users/mac/gopath/src/gin-vue-admin/forum-server/initialize/gorm.go:67	register table success
[github.com/flipped-aurora/gin-vue-admin/forum-server]2023/01/04 - 16:32:11.763	[34minfo[0m	/Users/mac/gopath/src/gin-vue-admin/forum-server/initialize/redis.go:23	redis connect ping response:	{"pong": "PONG"}
[github.com/flipped-aurora/gin-vue-admin/forum-server]2023/01/04 - 16:32:11.764	[34minfo[0m	/Users/mac/gopath/src/gin-vue-admin/forum-server/initialize/router.go:39	register swagger handler
[github.com/flipped-aurora/gin-vue-admin/forum-server]2023/01/04 - 16:32:11.770	[34minfo[0m	/Users/mac/gopath/src/gin-vue-admin/forum-server/initialize/router.go:96	router register success
[github.com/flipped-aurora/gin-vue-admin/forum-server]2023/01/04 - 16:32:11.771	[34minfo[0m	/Users/mac/gopath/src/gin-vue-admin/forum-server/core/server.go:37	forum-server run success on 	{"address": ":8889"}
[github.com/flipped-aurora/gin-vue-admin/forum-server]2023/01/04 - 19:55:53.389	[34minfo[0m	/Users/mac/gopath/src/gin-vue-admin/forum-server/initialize/gorm.go:67	register table success
[github.com/flipped-aurora/gin-vue-admin/forum-server]2023/01/04 - 19:55:53.401	[34minfo[0m	/Users/mac/gopath/src/gin-vue-admin/forum-server/initialize/redis.go:23	redis connect ping response:	{"pong": "PONG"}
[github.com/flipped-aurora/gin-vue-admin/forum-server]2023/01/04 - 19:55:53.403	[34minfo[0m	/Users/mac/gopath/src/gin-vue-admin/forum-server/initialize/router.go:39	register swagger handler
[github.com/flipped-aurora/gin-vue-admin/forum-server]2023/01/04 - 19:55:53.422	[34minfo[0m	/Users/mac/gopath/src/gin-vue-admin/forum-server/initialize/router.go:96	router register success
[github.com/flipped-aurora/gin-vue-admin/forum-server]2023/01/04 - 19:55:53.422	[34minfo[0m	/Users/mac/gopath/src/gin-vue-admin/forum-server/core/server.go:37	forum-server run success on 	{"address": ":8889"}
[github.com/flipped-aurora/gin-vue-admin/forum-server]2023/01/04 - 19:56:56.845	[34minfo[0m	/Users/mac/gopath/src/gin-vue-admin/forum-server/initialize/gorm.go:67	register table success
[github.com/flipped-aurora/gin-vue-admin/forum-server]2023/01/04 - 19:56:56.851	[34minfo[0m	/Users/mac/gopath/src/gin-vue-admin/forum-server/initialize/redis.go:23	redis connect ping response:	{"pong": "PONG"}
[github.com/flipped-aurora/gin-vue-admin/forum-server]2023/01/04 - 19:56:56.852	[34minfo[0m	/Users/mac/gopath/src/gin-vue-admin/forum-server/initialize/router.go:39	register swagger handler
[github.com/flipped-aurora/gin-vue-admin/forum-server]2023/01/04 - 19:56:56.860	[34minfo[0m	/Users/mac/gopath/src/gin-vue-admin/forum-server/initialize/router.go:96	router register success
[github.com/flipped-aurora/gin-vue-admin/forum-server]2023/01/04 - 19:56:56.860	[34minfo[0m	/Users/mac/gopath/src/gin-vue-admin/forum-server/core/server.go:37	forum-server run success on 	{"address": ":8889"}
[github.com/flipped-aurora/gin-vue-admin/forum-server]2023/01/04 - 20:05:00.280	[34minfo[0m	/Users/mac/gopath/src/gin-vue-admin/forum-server/initialize/gorm.go:67	register table success
[github.com/flipped-aurora/gin-vue-admin/forum-server]2023/01/04 - 20:05:00.285	[34minfo[0m	/Users/mac/gopath/src/gin-vue-admin/forum-server/initialize/redis.go:23	redis connect ping response:	{"pong": "PONG"}
[github.com/flipped-aurora/gin-vue-admin/forum-server]2023/01/04 - 20:05:00.285	[34minfo[0m	/Users/mac/gopath/src/gin-vue-admin/forum-server/initialize/router.go:39	register swagger handler
[github.com/flipped-aurora/gin-vue-admin/forum-server]2023/01/04 - 20:05:00.295	[34minfo[0m	/Users/mac/gopath/src/gin-vue-admin/forum-server/initialize/router.go:96	router register success
[github.com/flipped-aurora/gin-vue-admin/forum-server]2023/01/04 - 20:05:00.296	[34minfo[0m	/Users/mac/gopath/src/gin-vue-admin/forum-server/core/server.go:37	forum-server run success on 	{"address": ":8889"}
[github.com/flipped-aurora/gin-vue-admin/forum-server]2023/01/04 - 20:08:01.441	[34minfo[0m	/Users/mac/gopath/src/gin-vue-admin/forum-server/initialize/gorm.go:67	register table success
[github.com/flipped-aurora/gin-vue-admin/forum-server]2023/01/04 - 20:08:01.446	[34minfo[0m	/Users/mac/gopath/src/gin-vue-admin/forum-server/initialize/redis.go:23	redis connect ping response:	{"pong": "PONG"}
[github.com/flipped-aurora/gin-vue-admin/forum-server]2023/01/04 - 20:08:01.447	[34minfo[0m	/Users/mac/gopath/src/gin-vue-admin/forum-server/initialize/router.go:39	register swagger handler
[github.com/flipped-aurora/gin-vue-admin/forum-server]2023/01/04 - 20:08:01.471	[34minfo[0m	/Users/mac/gopath/src/gin-vue-admin/forum-server/initialize/router.go:96	router register success
[github.com/flipped-aurora/gin-vue-admin/forum-server]2023/01/04 - 20:08:01.473	[34minfo[0m	/Users/mac/gopath/src/gin-vue-admin/forum-server/core/server.go:37	forum-server run success on 	{"address": ":8889"}
[github.com/flipped-aurora/gin-vue-admin/forum-server]2023/01/04 - 20:09:01.365	[34minfo[0m	/Users/mac/gopath/src/gin-vue-admin/forum-server/initialize/gorm.go:67	register table success
[github.com/flipped-aurora/gin-vue-admin/forum-server]2023/01/04 - 20:09:01.369	[34minfo[0m	/Users/mac/gopath/src/gin-vue-admin/forum-server/initialize/redis.go:23	redis connect ping response:	{"pong": "PONG"}
[github.com/flipped-aurora/gin-vue-admin/forum-server]2023/01/04 - 20:09:01.370	[34minfo[0m	/Users/mac/gopath/src/gin-vue-admin/forum-server/initialize/router.go:39	register swagger handler
[github.com/flipped-aurora/gin-vue-admin/forum-server]2023/01/04 - 20:09:01.374	[34minfo[0m	/Users/mac/gopath/src/gin-vue-admin/forum-server/initialize/router.go:96	router register success
[github.com/flipped-aurora/gin-vue-admin/forum-server]2023/01/04 - 20:09:01.374	[34minfo[0m	/Users/mac/gopath/src/gin-vue-admin/forum-server/core/server.go:37	forum-server run success on 	{"address": ":8889"}
[github.com/flipped-aurora/gin-vue-admin/forum-server]2023/01/04 - 20:11:17.919	[34minfo[0m	/Users/mac/gopath/src/gin-vue-admin/forum-server/initialize/gorm.go:67	register table success
[github.com/flipped-aurora/gin-vue-admin/forum-server]2023/01/04 - 20:11:17.924	[34minfo[0m	/Users/mac/gopath/src/gin-vue-admin/forum-server/initialize/redis.go:23	redis connect ping response:	{"pong": "PONG"}
[github.com/flipped-aurora/gin-vue-admin/forum-server]2023/01/04 - 20:11:17.924	[34minfo[0m	/Users/mac/gopath/src/gin-vue-admin/forum-server/initialize/router.go:39	register swagger handler
[github.com/flipped-aurora/gin-vue-admin/forum-server]2023/01/04 - 20:11:17.929	[34minfo[0m	/Users/mac/gopath/src/gin-vue-admin/forum-server/initialize/router.go:96	router register success
[github.com/flipped-aurora/gin-vue-admin/forum-server]2023/01/04 - 20:11:17.929	[34minfo[0m	/Users/mac/gopath/src/gin-vue-admin/forum-server/core/server.go:37	forum-server run success on 	{"address": ":8889"}
[github.com/flipped-aurora/gin-vue-admin/forum-server]2023/01/04 - 20:12:08.224	[34minfo[0m	/Users/mac/gopath/src/gin-vue-admin/forum-server/initialize/gorm.go:67	register table success
[github.com/flipped-aurora/gin-vue-admin/forum-server]2023/01/04 - 20:12:08.227	[34minfo[0m	/Users/mac/gopath/src/gin-vue-admin/forum-server/initialize/redis.go:23	redis connect ping response:	{"pong": "PONG"}
[github.com/flipped-aurora/gin-vue-admin/forum-server]2023/01/04 - 20:12:08.228	[34minfo[0m	/Users/mac/gopath/src/gin-vue-admin/forum-server/initialize/router.go:39	register swagger handler
[github.com/flipped-aurora/gin-vue-admin/forum-server]2023/01/04 - 20:12:08.234	[34minfo[0m	/Users/mac/gopath/src/gin-vue-admin/forum-server/initialize/router.go:96	router register success
[github.com/flipped-aurora/gin-vue-admin/forum-server]2023/01/04 - 20:12:08.234	[34minfo[0m	/Users/mac/gopath/src/gin-vue-admin/forum-server/core/server.go:37	forum-server run success on 	{"address": ":8889"}
[github.com/flipped-aurora/gin-vue-admin/forum-server]2023/01/04 - 20:14:25.024	[34minfo[0m	/Users/mac/gopath/src/gin-vue-admin/forum-server/initialize/gorm.go:67	register table success
[github.com/flipped-aurora/gin-vue-admin/forum-server]2023/01/04 - 20:14:25.028	[34minfo[0m	/Users/mac/gopath/src/gin-vue-admin/forum-server/initialize/redis.go:23	redis connect ping response:	{"pong": "PONG"}
[github.com/flipped-aurora/gin-vue-admin/forum-server]2023/01/04 - 20:14:25.029	[34minfo[0m	/Users/mac/gopath/src/gin-vue-admin/forum-server/initialize/router.go:39	register swagger handler
[github.com/flipped-aurora/gin-vue-admin/forum-server]2023/01/04 - 20:14:25.034	[34minfo[0m	/Users/mac/gopath/src/gin-vue-admin/forum-server/initialize/router.go:96	router register success
[github.com/flipped-aurora/gin-vue-admin/forum-server]2023/01/04 - 20:14:25.034	[34minfo[0m	/Users/mac/gopath/src/gin-vue-admin/forum-server/core/server.go:37	forum-server run success on 	{"address": ":8889"}
[github.com/flipped-aurora/gin-vue-admin/forum-server]2023/01/04 - 20:15:06.888	[34minfo[0m	/Users/mac/gopath/src/gin-vue-admin/forum-server/initialize/gorm.go:67	register table success
[github.com/flipped-aurora/gin-vue-admin/forum-server]2023/01/04 - 20:15:06.892	[34minfo[0m	/Users/mac/gopath/src/gin-vue-admin/forum-server/initialize/redis.go:23	redis connect ping response:	{"pong": "PONG"}
[github.com/flipped-aurora/gin-vue-admin/forum-server]2023/01/04 - 20:15:06.893	[34minfo[0m	/Users/mac/gopath/src/gin-vue-admin/forum-server/initialize/router.go:39	register swagger handler
[github.com/flipped-aurora/gin-vue-admin/forum-server]2023/01/04 - 20:15:06.909	[34minfo[0m	/Users/mac/gopath/src/gin-vue-admin/forum-server/initialize/router.go:96	router register success
[github.com/flipped-aurora/gin-vue-admin/forum-server]2023/01/04 - 20:15:06.910	[34minfo[0m	/Users/mac/gopath/src/gin-vue-admin/forum-server/core/server.go:37	forum-server run success on 	{"address": ":8889"}
[github.com/flipped-aurora/gin-vue-admin/forum-server]2023/01/04 - 20:18:14.543	[34minfo[0m	/Users/mac/gopath/src/gin-vue-admin/forum-server/initialize/gorm.go:67	register table success
[github.com/flipped-aurora/gin-vue-admin/forum-server]2023/01/04 - 20:18:14.547	[34minfo[0m	/Users/mac/gopath/src/gin-vue-admin/forum-server/initialize/redis.go:23	redis connect ping response:	{"pong": "PONG"}
[github.com/flipped-aurora/gin-vue-admin/forum-server]2023/01/04 - 20:18:14.548	[34minfo[0m	/Users/mac/gopath/src/gin-vue-admin/forum-server/initialize/router.go:39	register swagger handler
[github.com/flipped-aurora/gin-vue-admin/forum-server]2023/01/04 - 20:18:14.553	[34minfo[0m	/Users/mac/gopath/src/gin-vue-admin/forum-server/initialize/router.go:96	router register success
[github.com/flipped-aurora/gin-vue-admin/forum-server]2023/01/04 - 20:18:14.553	[34minfo[0m	/Users/mac/gopath/src/gin-vue-admin/forum-server/core/server.go:37	forum-server run success on 	{"address": ":8889"}
[github.com/flipped-aurora/gin-vue-admin/forum-server]2023/01/04 - 20:56:01.527	[34minfo[0m	/Users/mac/gopath/src/gin-vue-admin/forum-server/initialize/gorm.go:67	register table success
[github.com/flipped-aurora/gin-vue-admin/forum-server]2023/01/04 - 20:56:01.530	[34minfo[0m	/Users/mac/gopath/src/gin-vue-admin/forum-server/initialize/redis.go:23	redis connect ping response:	{"pong": "PONG"}
[github.com/flipped-aurora/gin-vue-admin/forum-server]2023/01/04 - 20:56:01.531	[34minfo[0m	/Users/mac/gopath/src/gin-vue-admin/forum-server/initialize/router.go:39	register swagger handler
[github.com/flipped-aurora/gin-vue-admin/forum-server]2023/01/04 - 20:56:01.535	[34minfo[0m	/Users/mac/gopath/src/gin-vue-admin/forum-server/initialize/router.go:96	router register success
[github.com/flipped-aurora/gin-vue-admin/forum-server]2023/01/04 - 20:56:01.535	[34minfo[0m	/Users/mac/gopath/src/gin-vue-admin/forum-server/core/server.go:37	forum-server run success on 	{"address": ":8889"}
[github.com/flipped-aurora/gin-vue-admin/forum-server]2023/01/04 - 20:59:14.378	[34minfo[0m	/Users/mac/gopath/src/gin-vue-admin/forum-server/initialize/gorm.go:67	register table success
[github.com/flipped-aurora/gin-vue-admin/forum-server]2023/01/04 - 20:59:14.387	[34minfo[0m	/Users/mac/gopath/src/gin-vue-admin/forum-server/initialize/redis.go:23	redis connect ping response:	{"pong": "PONG"}
[github.com/flipped-aurora/gin-vue-admin/forum-server]2023/01/04 - 20:59:14.388	[34minfo[0m	/Users/mac/gopath/src/gin-vue-admin/forum-server/initialize/router.go:39	register swagger handler
[github.com/flipped-aurora/gin-vue-admin/forum-server]2023/01/04 - 20:59:14.392	[34minfo[0m	/Users/mac/gopath/src/gin-vue-admin/forum-server/initialize/router.go:96	router register success
[github.com/flipped-aurora/gin-vue-admin/forum-server]2023/01/04 - 20:59:14.392	[34minfo[0m	/Users/mac/gopath/src/gin-vue-admin/forum-server/core/server.go:37	forum-server run success on 	{"address": ":8889"}
