2023/02/22 21:42:58 [notice] 1#1: using the "epoll" event method
2023/02/22 21:42:58 [notice] 1#1: nginx/1.21.5
2023/02/22 21:42:58 [notice] 1#1: built by gcc 10.2.1 20210110 (Debian 10.2.1-6) 
2023/02/22 21:42:58 [notice] 1#1: OS: Linux 5.15.49-linuxkit
2023/02/22 21:42:58 [notice] 1#1: getrlimit(RLIMIT_NOFILE): 1048576:1048576
2023/02/22 21:42:58 [notice] 1#1: start worker processes
2023/02/22 21:42:58 [notice] 1#1: start worker process 21
2023/02/22 21:42:58 [notice] 1#1: start worker process 22
2023/02/22 21:42:58 [notice] 1#1: start worker process 23
2023/02/22 21:42:58 [notice] 1#1: start worker process 24
2023/02/22 22:03:18 [notice] 1#1: signal 3 (SIGQUIT) received, shutting down
2023/02/22 22:03:18 [notice] 23#23: gracefully shutting down
2023/02/22 22:03:18 [notice] 21#21: gracefully shutting down
2023/02/22 22:03:18 [notice] 22#22: gracefully shutting down
2023/02/22 22:03:18 [notice] 24#24: gracefully shutting down
2023/02/22 22:03:18 [notice] 23#23: exiting
2023/02/22 22:03:18 [notice] 21#21: exiting
2023/02/22 22:03:18 [notice] 22#22: exiting
2023/02/22 22:03:18 [notice] 24#24: exiting
2023/02/22 22:03:18 [notice] 22#22: exit
2023/02/22 22:03:18 [notice] 23#23: exit
2023/02/22 22:03:18 [notice] 21#21: exit
2023/02/22 22:03:18 [notice] 24#24: exit
2023/02/22 22:03:18 [notice] 1#1: signal 17 (SIGCHLD) received from 21
2023/02/22 22:03:18 [notice] 1#1: worker process 21 exited with code 0
2023/02/22 22:03:18 [notice] 1#1: worker process 23 exited with code 0
2023/02/22 22:03:18 [notice] 1#1: worker process 24 exited with code 0
2023/02/22 22:03:18 [notice] 1#1: signal 17 (SIGCHLD) received from 23
2023/02/22 22:03:18 [notice] 1#1: worker process 22 exited with code 0
2023/02/22 22:03:18 [notice] 1#1: exit
2023/02/22 22:04:53 [notice] 1#1: using the "epoll" event method
2023/02/22 22:04:53 [notice] 1#1: nginx/1.21.5
2023/02/22 22:04:53 [notice] 1#1: built by gcc 10.2.1 20210110 (Debian 10.2.1-6) 
2023/02/22 22:04:53 [notice] 1#1: OS: Linux 5.15.49-linuxkit
2023/02/22 22:04:53 [notice] 1#1: getrlimit(RLIMIT_NOFILE): 1048576:1048576
2023/02/22 22:04:53 [notice] 1#1: start worker processes
2023/02/22 22:04:53 [notice] 1#1: start worker process 21
2023/02/22 22:04:53 [notice] 1#1: start worker process 22
2023/02/22 22:04:53 [notice] 1#1: start worker process 23
2023/02/22 22:04:53 [notice] 1#1: start worker process 24
2023/02/22 22:11:17 [notice] 1#1: signal 3 (SIGQUIT) received, shutting down
2023/02/22 22:11:17 [notice] 22#22: gracefully shutting down
2023/02/22 22:11:17 [notice] 21#21: gracefully shutting down
2023/02/22 22:11:17 [notice] 21#21: exiting
2023/02/22 22:11:17 [notice] 24#24: gracefully shutting down
2023/02/22 22:11:17 [notice] 23#23: gracefully shutting down
2023/02/22 22:11:17 [notice] 22#22: exiting
2023/02/22 22:11:17 [notice] 21#21: exit
2023/02/22 22:11:17 [notice] 24#24: exiting
2023/02/22 22:11:17 [notice] 23#23: exiting
2023/02/22 22:11:17 [notice] 22#22: exit
2023/02/22 22:11:17 [notice] 24#24: exit
2023/02/22 22:11:17 [notice] 23#23: exit
2023/02/22 22:11:17 [notice] 1#1: signal 17 (SIGCHLD) received from 21
2023/02/22 22:11:17 [notice] 1#1: worker process 21 exited with code 0
2023/02/22 22:11:17 [notice] 1#1: signal 29 (SIGIO) received
2023/02/22 22:11:17 [notice] 1#1: signal 17 (SIGCHLD) received from 24
2023/02/22 22:11:17 [notice] 1#1: worker process 22 exited with code 0
2023/02/22 22:11:17 [notice] 1#1: worker process 24 exited with code 0
2023/02/22 22:11:17 [notice] 1#1: signal 29 (SIGIO) received
2023/02/22 22:11:17 [notice] 1#1: signal 17 (SIGCHLD) received from 23
2023/02/22 22:11:17 [notice] 1#1: worker process 23 exited with code 0
2023/02/22 22:11:17 [notice] 1#1: exit
2023/02/22 22:11:18 [notice] 1#1: using the "epoll" event method
2023/02/22 22:11:18 [notice] 1#1: nginx/1.21.5
2023/02/22 22:11:18 [notice] 1#1: built by gcc 10.2.1 20210110 (Debian 10.2.1-6) 
2023/02/22 22:11:18 [notice] 1#1: OS: Linux 5.15.49-linuxkit
2023/02/22 22:11:18 [notice] 1#1: getrlimit(RLIMIT_NOFILE): 1048576:1048576
2023/02/22 22:11:18 [notice] 1#1: start worker processes
2023/02/22 22:11:18 [notice] 1#1: start worker process 22
2023/02/22 22:11:18 [notice] 1#1: start worker process 23
2023/02/22 22:11:18 [notice] 1#1: start worker process 24
2023/02/22 22:11:18 [notice] 1#1: start worker process 25
2023/02/22 22:14:45 [notice] 1#1: signal 3 (SIGQUIT) received, shutting down
2023/02/22 22:14:45 [notice] 23#23: gracefully shutting down
2023/02/22 22:14:45 [notice] 23#23: exiting
2023/02/22 22:14:45 [notice] 22#22: gracefully shutting down
2023/02/22 22:14:45 [notice] 24#24: gracefully shutting down
2023/02/22 22:14:45 [notice] 24#24: exiting
2023/02/22 22:14:45 [notice] 25#25: gracefully shutting down
2023/02/22 22:14:45 [notice] 23#23: exit
2023/02/22 22:14:45 [notice] 22#22: exiting
2023/02/22 22:14:45 [notice] 22#22: exit
2023/02/22 22:14:45 [notice] 24#24: exit
2023/02/22 22:14:45 [notice] 25#25: exiting
2023/02/22 22:14:45 [notice] 25#25: exit
2023/02/22 22:14:45 [notice] 1#1: signal 17 (SIGCHLD) received from 22
2023/02/22 22:14:45 [notice] 1#1: worker process 22 exited with code 0
2023/02/22 22:14:45 [notice] 1#1: worker process 23 exited with code 0
2023/02/22 22:14:45 [notice] 1#1: worker process 24 exited with code 0
2023/02/22 22:14:45 [notice] 1#1: signal 29 (SIGIO) received
2023/02/22 22:14:45 [notice] 1#1: signal 17 (SIGCHLD) received from 25
2023/02/22 22:14:45 [notice] 1#1: worker process 25 exited with code 0
2023/02/22 22:14:45 [notice] 1#1: exit
2023/02/22 22:14:54 [notice] 1#1: using the "epoll" event method
2023/02/22 22:14:54 [notice] 1#1: nginx/1.21.5
2023/02/22 22:14:54 [notice] 1#1: built by gcc 10.2.1 20210110 (Debian 10.2.1-6) 
2023/02/22 22:14:54 [notice] 1#1: OS: Linux 5.15.49-linuxkit
2023/02/22 22:14:54 [notice] 1#1: getrlimit(RLIMIT_NOFILE): 1048576:1048576
2023/02/22 22:14:54 [notice] 1#1: start worker processes
2023/02/22 22:14:54 [notice] 1#1: start worker process 22
2023/02/22 22:14:54 [notice] 1#1: start worker process 23
2023/02/22 22:14:54 [notice] 1#1: start worker process 24
2023/02/22 22:14:54 [notice] 1#1: start worker process 25
2023/02/22 22:20:09 [notice] 1#1: signal 3 (SIGQUIT) received, shutting down
2023/02/22 22:20:09 [notice] 23#23: gracefully shutting down
2023/02/22 22:20:09 [notice] 22#22: gracefully shutting down
2023/02/22 22:20:09 [notice] 24#24: gracefully shutting down
2023/02/22 22:20:09 [notice] 25#25: gracefully shutting down
2023/02/22 22:20:09 [notice] 25#25: exiting
2023/02/22 22:20:09 [notice] 23#23: exiting
2023/02/22 22:20:09 [notice] 22#22: exiting
2023/02/22 22:20:09 [notice] 22#22: exit
2023/02/22 22:20:09 [notice] 24#24: exiting
2023/02/22 22:20:09 [notice] 24#24: exit
2023/02/22 22:20:09 [notice] 25#25: exit
2023/02/22 22:20:09 [notice] 23#23: exit
2023/02/22 22:20:09 [notice] 1#1: signal 17 (SIGCHLD) received from 25
2023/02/22 22:20:09 [notice] 1#1: worker process 25 exited with code 0
2023/02/22 22:20:09 [notice] 1#1: signal 29 (SIGIO) received
2023/02/22 22:20:09 [notice] 1#1: signal 17 (SIGCHLD) received from 24
2023/02/22 22:20:09 [notice] 1#1: worker process 22 exited with code 0
2023/02/22 22:20:09 [notice] 1#1: worker process 24 exited with code 0
2023/02/22 22:20:09 [notice] 1#1: signal 29 (SIGIO) received
2023/02/22 22:20:09 [notice] 1#1: signal 17 (SIGCHLD) received from 23
2023/02/22 22:20:09 [notice] 1#1: worker process 23 exited with code 0
2023/02/22 22:20:09 [notice] 1#1: exit
2023/02/22 22:20:23 [notice] 1#1: using the "epoll" event method
2023/02/22 22:20:23 [notice] 1#1: nginx/1.21.5
2023/02/22 22:20:23 [notice] 1#1: built by gcc 10.2.1 20210110 (Debian 10.2.1-6) 
2023/02/22 22:20:23 [notice] 1#1: OS: Linux 5.15.49-linuxkit
2023/02/22 22:20:23 [notice] 1#1: getrlimit(RLIMIT_NOFILE): 1048576:1048576
2023/02/22 22:20:23 [notice] 1#1: start worker processes
2023/02/22 22:20:23 [notice] 1#1: start worker process 22
2023/02/22 22:20:23 [notice] 1#1: start worker process 23
2023/02/22 22:20:23 [notice] 1#1: start worker process 24
2023/02/22 22:20:23 [notice] 1#1: start worker process 25
2023/02/22 22:27:34 [notice] 1#1: signal 3 (SIGQUIT) received, shutting down
2023/02/22 22:27:34 [notice] 22#22: gracefully shutting down
2023/02/22 22:27:34 [notice] 25#25: gracefully shutting down
2023/02/22 22:27:34 [notice] 24#24: gracefully shutting down
2023/02/22 22:27:34 [notice] 23#23: gracefully shutting down
2023/02/22 22:27:34 [notice] 22#22: exiting
2023/02/22 22:27:34 [notice] 25#25: exiting
2023/02/22 22:27:34 [notice] 24#24: exiting
2023/02/22 22:27:34 [notice] 23#23: exiting
2023/02/22 22:27:34 [notice] 22#22: exit
2023/02/22 22:27:34 [notice] 25#25: exit
2023/02/22 22:27:34 [notice] 24#24: exit
2023/02/22 22:27:34 [notice] 23#23: exit
2023/02/22 22:27:34 [notice] 1#1: signal 17 (SIGCHLD) received from 25
2023/02/22 22:27:34 [notice] 1#1: worker process 22 exited with code 0
2023/02/22 22:27:34 [notice] 1#1: worker process 25 exited with code 0
2023/02/22 22:27:34 [notice] 1#1: worker process 23 exited with code 0
2023/02/22 22:27:34 [notice] 1#1: signal 29 (SIGIO) received
2023/02/22 22:27:34 [notice] 1#1: signal 17 (SIGCHLD) received from 23
2023/02/22 22:27:34 [notice] 1#1: worker process 24 exited with code 0
2023/02/22 22:27:34 [notice] 1#1: exit
2023/02/22 22:27:45 [notice] 1#1: using the "epoll" event method
2023/02/22 22:27:45 [notice] 1#1: nginx/1.21.5
2023/02/22 22:27:45 [notice] 1#1: built by gcc 10.2.1 20210110 (Debian 10.2.1-6) 
2023/02/22 22:27:45 [notice] 1#1: OS: Linux 5.15.49-linuxkit
2023/02/22 22:27:45 [notice] 1#1: getrlimit(RLIMIT_NOFILE): 1048576:1048576
2023/02/22 22:27:45 [notice] 1#1: start worker processes
2023/02/22 22:27:45 [notice] 1#1: start worker process 22
2023/02/22 22:27:45 [notice] 1#1: start worker process 23
2023/02/22 22:27:45 [notice] 1#1: start worker process 24
2023/02/22 22:27:45 [notice] 1#1: start worker process 25
2023/02/23 08:02:12 [notice] 1#1: signal 3 (SIGQUIT) received, shutting down
2023/02/23 08:02:12 [notice] 23#23: gracefully shutting down
2023/02/23 08:02:12 [notice] 25#25: gracefully shutting down
2023/02/23 08:02:12 [notice] 22#22: gracefully shutting down
2023/02/23 08:02:12 [notice] 24#24: gracefully shutting down
2023/02/23 08:02:12 [notice] 23#23: exiting
2023/02/23 08:02:12 [notice] 22#22: exiting
2023/02/23 08:02:12 [notice] 23#23: exit
2023/02/23 08:02:12 [notice] 24#24: exiting
2023/02/23 08:02:12 [notice] 25#25: exiting
2023/02/23 08:02:12 [notice] 22#22: exit
2023/02/23 08:02:12 [notice] 25#25: exit
2023/02/23 08:02:12 [notice] 24#24: exit
2023/02/23 08:02:12 [notice] 1#1: signal 17 (SIGCHLD) received from 23
2023/02/23 08:02:12 [notice] 1#1: worker process 23 exited with code 0
2023/02/23 08:02:12 [notice] 1#1: signal 29 (SIGIO) received
2023/02/23 08:02:12 [notice] 1#1: signal 17 (SIGCHLD) received from 22
2023/02/23 08:02:12 [notice] 1#1: worker process 22 exited with code 0
2023/02/23 08:02:12 [notice] 1#1: worker process 24 exited with code 0
2023/02/23 08:02:12 [notice] 1#1: worker process 25 exited with code 0
2023/02/23 08:02:12 [notice] 1#1: exit
2023/02/23 08:02:24 [notice] 1#1: using the "epoll" event method
2023/02/23 08:02:24 [notice] 1#1: nginx/1.21.5
2023/02/23 08:02:24 [notice] 1#1: built by gcc 10.2.1 20210110 (Debian 10.2.1-6) 
2023/02/23 08:02:24 [notice] 1#1: OS: Linux 5.15.49-linuxkit
2023/02/23 08:02:24 [notice] 1#1: getrlimit(RLIMIT_NOFILE): 1048576:1048576
2023/02/23 08:02:24 [notice] 1#1: start worker processes
2023/02/23 08:02:24 [notice] 1#1: start worker process 22
2023/02/23 08:02:24 [notice] 1#1: start worker process 23
2023/02/23 08:02:24 [notice] 1#1: start worker process 24
2023/02/23 08:02:24 [notice] 1#1: start worker process 25
2023/02/23 11:58:43 [notice] 1#1: signal 3 (SIGQUIT) received, shutting down
2023/02/23 11:58:43 [notice] 23#23: gracefully shutting down
2023/02/23 11:58:43 [notice] 24#24: gracefully shutting down
2023/02/23 11:58:43 [notice] 22#22: gracefully shutting down
2023/02/23 11:58:43 [notice] 25#25: gracefully shutting down
2023/02/23 11:58:43 [notice] 24#24: exiting
2023/02/23 11:58:43 [notice] 23#23: exiting
2023/02/23 11:58:43 [notice] 24#24: exit
2023/02/23 11:58:43 [notice] 25#25: exiting
2023/02/23 11:58:43 [notice] 23#23: exit
2023/02/23 11:58:43 [notice] 22#22: exiting
2023/02/23 11:58:43 [notice] 25#25: exit
2023/02/23 11:58:43 [notice] 22#22: exit
2023/02/23 11:58:43 [notice] 1#1: signal 17 (SIGCHLD) received from 23
2023/02/23 11:58:43 [notice] 1#1: worker process 23 exited with code 0
2023/02/23 11:58:43 [notice] 1#1: worker process 22 exited with code 0
2023/02/23 11:58:43 [notice] 1#1: worker process 24 exited with code 0
2023/02/23 11:58:43 [notice] 1#1: worker process 25 exited with code 0
2023/02/23 11:58:43 [notice] 1#1: exit
2023/04/03 21:34:37 [notice] 1#1: using the "epoll" event method
2023/04/03 21:34:37 [notice] 1#1: nginx/1.21.5
2023/04/03 21:34:37 [notice] 1#1: built by gcc 10.2.1 20210110 (Debian 10.2.1-6) 
2023/04/03 21:34:37 [notice] 1#1: OS: Linux 5.15.49-linuxkit
2023/04/03 21:34:37 [notice] 1#1: getrlimit(RLIMIT_NOFILE): 1048576:1048576
2023/04/03 21:34:37 [notice] 1#1: start worker processes
2023/04/03 21:34:37 [notice] 1#1: start worker process 22
2023/04/03 21:34:37 [notice] 1#1: start worker process 23
2023/04/03 21:34:37 [notice] 1#1: start worker process 24
2023/04/03 21:34:37 [notice] 1#1: start worker process 25
