[github.com/flipped-aurora/gin-vue-admin/forum-server]2023/02/03 - 16:59:49.252	[31merror[0m	/Users/mac/gopath/src/gin-vue-admin/forum-server/core/server.go:46	accept tcp [::]:8889: use of closed network connection
[github.com/flipped-aurora/gin-vue-admin/forum-server]2023/02/03 - 17:04:23.139	[31merror[0m	/Users/mac/gopath/src/gin-vue-admin/forum-server/core/server.go:46	accept tcp [::]:8889: use of closed network connection
[github.com/flipped-aurora/gin-vue-admin/forum-server]2023/02/03 - 17:07:17.766	[31merror[0m	/Users/mac/gopath/src/gin-vue-admin/forum-server/core/server.go:46	accept tcp [::]:8889: use of closed network connection
[github.com/flipped-aurora/gin-vue-admin/forum-server]2023/02/03 - 17:14:52.246	[31merror[0m	/Users/mac/gopath/src/gin-vue-admin/forum-server/core/server.go:46	accept tcp [::]:8889: use of closed network connection
[github.com/flipped-aurora/gin-vue-admin/forum-server]2023/02/03 - 17:18:58.615	[31merror[0m	/Users/mac/gopath/src/gin-vue-admin/forum-server/core/server.go:46	accept tcp [::]:8889: use of closed network connection
[github.com/flipped-aurora/gin-vue-admin/forum-server]2023/02/03 - 17:21:33.671	[31merror[0m	/Users/mac/gopath/src/gin-vue-admin/forum-server/core/server.go:46	accept tcp [::]:8889: use of closed network connection
[github.com/flipped-aurora/gin-vue-admin/forum-server]2023/02/03 - 18:14:14.921	[31merror[0m	/Users/mac/gopath/src/gin-vue-admin/forum-server/core/server.go:46	accept tcp [::]:8889: use of closed network connection
[github.com/flipped-aurora/gin-vue-admin/forum-server]2023/02/03 - 18:14:47.320	[31merror[0m	/Users/mac/gopath/src/gin-vue-admin/forum-server/core/server.go:46	accept tcp [::]:8889: use of closed network connection
[github.com/flipped-aurora/gin-vue-admin/forum-server]2023/02/03 - 18:28:37.094	[31merror[0m	/Users/mac/gopath/src/gin-vue-admin/forum-server/core/server.go:46	accept tcp [::]:8889: use of closed network connection
[github.com/flipped-aurora/gin-vue-admin/forum-server]2023/02/03 - 18:29:11.225	[31merror[0m	/Users/mac/gopath/src/gin-vue-admin/forum-server/api/v1/forum/frm_post.go:59	获取帖子列表失败	{"error": "redis.FrmGetPostIdsInOrder(p) return 0 data", "errorVerbose": "redis.FrmGetPostIdsInOrder(p) return 0 data\nforum-server/service/forum.GetPostList\n\t/Users/mac/gopath/src/gin-vue-admin/forum-server/service/forum/frm_post.go:57\nforum-server/service/forum.(*PostService).FrmPostGetPostList\n\t/Users/mac/gopath/src/gin-vue-admin/forum-server/service/forum/frm_post.go:37\nforum-server/api/v1/forum.(*PostApi).FrmPostGetPostList\n\t/Users/mac/gopath/src/gin-vue-admin/forum-server/api/v1/forum/frm_post.go:57\ngithub.com/gin-gonic/gin.(*Context).Next\n\t/Users/mac/gopath/pkg/mod/github.com/gin-gonic/gin@v1.7.0/context.go:165\nforum-server/middleware.Cors.func1\n\t/Users/mac/gopath/src/gin-vue-admin/forum-server/middleware/cors.go:26\ngithub.com/gin-gonic/gin.(*Context).Next\n\t/Users/mac/gopath/pkg/mod/github.com/gin-gonic/gin@v1.7.0/context.go:165\ngithub.com/gin-gonic/gin.CustomRecoveryWithWriter.func1\n\t/Users/mac/gopath/pkg/mod/github.com/gin-gonic/gin@v1.7.0/recovery.go:99\ngithub.com/gin-gonic/gin.(*Context).Next\n\t/Users/mac/gopath/pkg/mod/github.com/gin-gonic/gin@v1.7.0/context.go:165\ngithub.com/gin-gonic/gin.LoggerWithConfig.func1\n\t/Users/mac/gopath/pkg/mod/github.com/gin-gonic/gin@v1.7.0/logger.go:241\ngithub.com/gin-gonic/gin.(*Context).Next\n\t/Users/mac/gopath/pkg/mod/github.com/gin-gonic/gin@v1.7.0/context.go:165\ngithub.com/gin-gonic/gin.(*Engine).handleHTTPRequest\n\t/Users/mac/gopath/pkg/mod/github.com/gin-gonic/gin@v1.7.0/gin.go:489\ngithub.com/gin-gonic/gin.(*Engine).ServeHTTP\n\t/Users/mac/gopath/pkg/mod/github.com/gin-gonic/gin@v1.7.0/gin.go:445\nnet/http.serverHandler.ServeHTTP\n\t/Users/mac/go/go1.18/src/net/http/server.go:2916\nnet/http.(*conn).serve\n\t/Users/mac/go/go1.18/src/net/http/server.go:1966\nruntime.goexit\n\t/Users/mac/go/go1.18/src/runtime/asm_amd64.s:1571"}
[github.com/flipped-aurora/gin-vue-admin/forum-server]2023/02/03 - 18:38:07.326	[31merror[0m	/Users/mac/gopath/src/gin-vue-admin/forum-server/api/v1/forum/frm_post.go:22	FrmPostCreatePost param with invalid, err:	{"error": "invalid character '\"' after object key:value pair"}
[github.com/flipped-aurora/gin-vue-admin/forum-server]2023/02/03 - 18:38:17.655	[31merror[0m	/Users/mac/gopath/src/gin-vue-admin/forum-server/api/v1/forum/frm_post.go:22	FrmPostCreatePost param with invalid, err:	{"error": "invalid character '\"' after object key:value pair"}
[github.com/flipped-aurora/gin-vue-admin/forum-server]2023/02/03 - 18:39:06.410	[31merror[0m	/Users/mac/gopath/src/gin-vue-admin/forum-server/api/v1/forum/frm_post.go:22	FrmPostCreatePost param with invalid, err:	{"error": "invalid character '\"' after object key:value pair"}
[github.com/flipped-aurora/gin-vue-admin/forum-server]2023/02/03 - 18:51:41.530	[31merror[0m	/Users/mac/gopath/src/gin-vue-admin/forum-server/core/server.go:46	accept tcp [::]:8889: use of closed network connection
[github.com/flipped-aurora/gin-vue-admin/forum-server]2023/02/03 - 18:56:16.126	[31merror[0m	/Users/mac/gopath/src/gin-vue-admin/forum-server/core/server.go:46	accept tcp [::]:8889: use of closed network connection
[github.com/flipped-aurora/gin-vue-admin/forum-server]2023/02/03 - 18:57:16.241	[31merror[0m	/Users/mac/gopath/src/gin-vue-admin/forum-server/core/server.go:46	accept tcp [::]:8889: use of closed network connection
[github.com/flipped-aurora/gin-vue-admin/forum-server]2023/02/03 - 19:15:15.945	[31merror[0m	/Users/mac/gopath/src/gin-vue-admin/forum-server/api/v1/forum/frm_vote.go:31	投票失败	{"error": "不允许重复投票"}
[github.com/flipped-aurora/gin-vue-admin/forum-server]2023/02/03 - 19:15:32.001	[31merror[0m	/Users/mac/gopath/src/gin-vue-admin/forum-server/api/v1/forum/frm_vote.go:20	FrmPostVote param with invalid, err:	{"error": "json: invalid use of ,string struct tag, trying to unmarshal unquoted value into int8"}
[github.com/flipped-aurora/gin-vue-admin/forum-server]2023/02/03 - 19:15:38.612	[31merror[0m	/Users/mac/gopath/src/gin-vue-admin/forum-server/api/v1/forum/frm_vote.go:20	FrmPostVote param with invalid, err:	{"error": "json: invalid use of ,string struct tag, trying to unmarshal unquoted value into int8"}
[github.com/flipped-aurora/gin-vue-admin/forum-server]2023/02/03 - 19:15:45.177	[31merror[0m	/Users/mac/gopath/src/gin-vue-admin/forum-server/core/server.go:46	accept tcp [::]:8889: use of closed network connection
[github.com/flipped-aurora/gin-vue-admin/forum-server]2023/02/03 - 19:16:45.308	[31merror[0m	/Users/mac/gopath/src/gin-vue-admin/forum-server/core/server.go:46	accept tcp [::]:8889: use of closed network connection
[github.com/flipped-aurora/gin-vue-admin/forum-server]2023/02/03 - 19:18:15.067	[31merror[0m	/Users/mac/gopath/src/gin-vue-admin/forum-server/core/server.go:46	accept tcp [::]:8889: use of closed network connection
[github.com/flipped-aurora/gin-vue-admin/forum-server]2023/02/03 - 19:19:02.028	[31merror[0m	/Users/mac/gopath/src/gin-vue-admin/forum-server/core/server.go:46	accept tcp [::]:8889: use of closed network connection
[github.com/flipped-aurora/gin-vue-admin/forum-server]2023/02/03 - 19:19:52.689	[31merror[0m	/Users/mac/gopath/src/gin-vue-admin/forum-server/core/server.go:46	accept tcp [::]:8889: use of closed network connection
[github.com/flipped-aurora/gin-vue-admin/forum-server]2023/02/03 - 19:22:31.667	[31merror[0m	/Users/mac/gopath/src/gin-vue-admin/forum-server/core/server.go:46	accept tcp [::]:8889: use of closed network connection
[github.com/flipped-aurora/gin-vue-admin/forum-server]2023/02/03 - 19:33:01.780	[31merror[0m	/Users/mac/gopath/src/gin-vue-admin/forum-server/core/server.go:46	accept tcp [::]:8889: use of closed network connection
[github.com/flipped-aurora/gin-vue-admin/forum-server]2023/02/03 - 19:59:32.316	[31merror[0m	/Users/mac/gopath/src/gin-vue-admin/forum-server/core/server.go:46	accept tcp [::]:8889: use of closed network connection
[github.com/flipped-aurora/gin-vue-admin/forum-server]2023/02/03 - 20:04:17.125	[31merror[0m	/Users/mac/gopath/src/gin-vue-admin/forum-server/core/server.go:46	accept tcp [::]:8889: use of closed network connection
[github.com/flipped-aurora/gin-vue-admin/forum-server]2023/02/03 - 20:05:15.181	[31merror[0m	/Users/mac/gopath/src/gin-vue-admin/forum-server/core/server.go:46	accept tcp [::]:8889: use of closed network connection
[github.com/flipped-aurora/gin-vue-admin/forum-server]2023/02/03 - 20:08:20.081	[31merror[0m	/Users/mac/gopath/src/gin-vue-admin/forum-server/core/server.go:46	accept tcp [::]:8889: use of closed network connection
[github.com/flipped-aurora/gin-vue-admin/forum-server]2023/02/03 - 20:10:23.251	[31merror[0m	/Users/mac/gopath/src/gin-vue-admin/forum-server/core/server.go:46	accept tcp [::]:8889: use of closed network connection
