[github.com/flipped-aurora/gin-vue-admin/forum-server]2023/02/03 - 16:59:12.956	[34minfo[0m	/Users/mac/gopath/src/gin-vue-admin/forum-server/initialize/gorm.go:68	register table success
[github.com/flipped-aurora/gin-vue-admin/forum-server]2023/02/03 - 16:59:12.969	[34minfo[0m	/Users/mac/gopath/src/gin-vue-admin/forum-server/initialize/redis.go:23	redis connect ping response:	{"pong": "PONG"}
[github.com/flipped-aurora/gin-vue-admin/forum-server]2023/02/03 - 16:59:12.971	[34minfo[0m	/Users/mac/gopath/src/gin-vue-admin/forum-server/initialize/router.go:39	register swagger handler
[github.com/flipped-aurora/gin-vue-admin/forum-server]2023/02/03 - 16:59:12.985	[34minfo[0m	/Users/mac/gopath/src/gin-vue-admin/forum-server/initialize/router.go:96	router register success
[github.com/flipped-aurora/gin-vue-admin/forum-server]2023/02/03 - 16:59:12.985	[34minfo[0m	/Users/mac/gopath/src/gin-vue-admin/forum-server/core/server.go:37	forum-server run success on 	{"address": ":8889"}
[github.com/flipped-aurora/gin-vue-admin/forum-server]2023/02/03 - 17:03:24.759	[34minfo[0m	/Users/mac/gopath/src/gin-vue-admin/forum-server/initialize/gorm.go:68	register table success
[github.com/flipped-aurora/gin-vue-admin/forum-server]2023/02/03 - 17:03:24.766	[34minfo[0m	/Users/mac/gopath/src/gin-vue-admin/forum-server/initialize/redis.go:23	redis connect ping response:	{"pong": "PONG"}
[github.com/flipped-aurora/gin-vue-admin/forum-server]2023/02/03 - 17:03:24.768	[34minfo[0m	/Users/mac/gopath/src/gin-vue-admin/forum-server/initialize/router.go:39	register swagger handler
[github.com/flipped-aurora/gin-vue-admin/forum-server]2023/02/03 - 17:03:24.772	[34minfo[0m	/Users/mac/gopath/src/gin-vue-admin/forum-server/initialize/router.go:96	router register success
[github.com/flipped-aurora/gin-vue-admin/forum-server]2023/02/03 - 17:03:24.772	[34minfo[0m	/Users/mac/gopath/src/gin-vue-admin/forum-server/core/server.go:37	forum-server run success on 	{"address": ":8889"}
[github.com/flipped-aurora/gin-vue-admin/forum-server]2023/02/03 - 17:03:26.000	[34minfo[0m	/Users/mac/gopath/src/gin-vue-admin/forum-server/dao/redis/frm_vote.go:93	定时任务执行
[github.com/flipped-aurora/gin-vue-admin/forum-server]2023/02/03 - 17:03:28.012	[34minfo[0m	/Users/mac/gopath/src/gin-vue-admin/forum-server/dao/redis/frm_vote.go:93	定时任务执行
[github.com/flipped-aurora/gin-vue-admin/forum-server]2023/02/03 - 17:03:30.000	[34minfo[0m	/Users/mac/gopath/src/gin-vue-admin/forum-server/dao/redis/frm_vote.go:93	定时任务执行
[github.com/flipped-aurora/gin-vue-admin/forum-server]2023/02/03 - 17:03:32.000	[34minfo[0m	/Users/mac/gopath/src/gin-vue-admin/forum-server/dao/redis/frm_vote.go:93	定时任务执行
[github.com/flipped-aurora/gin-vue-admin/forum-server]2023/02/03 - 17:03:34.001	[34minfo[0m	/Users/mac/gopath/src/gin-vue-admin/forum-server/dao/redis/frm_vote.go:93	定时任务执行
[github.com/flipped-aurora/gin-vue-admin/forum-server]2023/02/03 - 17:03:36.000	[34minfo[0m	/Users/mac/gopath/src/gin-vue-admin/forum-server/dao/redis/frm_vote.go:93	定时任务执行
[github.com/flipped-aurora/gin-vue-admin/forum-server]2023/02/03 - 17:04:05.468	[34minfo[0m	/Users/mac/gopath/src/gin-vue-admin/forum-server/initialize/gorm.go:68	register table success
[github.com/flipped-aurora/gin-vue-admin/forum-server]2023/02/03 - 17:04:05.472	[34minfo[0m	/Users/mac/gopath/src/gin-vue-admin/forum-server/initialize/redis.go:23	redis connect ping response:	{"pong": "PONG"}
[github.com/flipped-aurora/gin-vue-admin/forum-server]2023/02/03 - 17:04:05.473	[34minfo[0m	/Users/mac/gopath/src/gin-vue-admin/forum-server/initialize/router.go:39	register swagger handler
[github.com/flipped-aurora/gin-vue-admin/forum-server]2023/02/03 - 17:04:05.475	[34minfo[0m	/Users/mac/gopath/src/gin-vue-admin/forum-server/initialize/router.go:96	router register success
[github.com/flipped-aurora/gin-vue-admin/forum-server]2023/02/03 - 17:04:05.475	[34minfo[0m	/Users/mac/gopath/src/gin-vue-admin/forum-server/core/server.go:37	forum-server run success on 	{"address": ":8889"}
[github.com/flipped-aurora/gin-vue-admin/forum-server]2023/02/03 - 17:04:07.058	[34minfo[0m	/Users/mac/gopath/src/gin-vue-admin/forum-server/dao/redis/frm_vote.go:93	定时任务执行
[github.com/flipped-aurora/gin-vue-admin/forum-server]2023/02/03 - 17:04:09.000	[34minfo[0m	/Users/mac/gopath/src/gin-vue-admin/forum-server/dao/redis/frm_vote.go:93	定时任务执行
[github.com/flipped-aurora/gin-vue-admin/forum-server]2023/02/03 - 17:04:11.000	[34minfo[0m	/Users/mac/gopath/src/gin-vue-admin/forum-server/dao/redis/frm_vote.go:93	定时任务执行
[github.com/flipped-aurora/gin-vue-admin/forum-server]2023/02/03 - 17:04:13.000	[34minfo[0m	/Users/mac/gopath/src/gin-vue-admin/forum-server/dao/redis/frm_vote.go:93	定时任务执行
[github.com/flipped-aurora/gin-vue-admin/forum-server]2023/02/03 - 17:04:15.000	[34minfo[0m	/Users/mac/gopath/src/gin-vue-admin/forum-server/dao/redis/frm_vote.go:93	定时任务执行
[github.com/flipped-aurora/gin-vue-admin/forum-server]2023/02/03 - 17:04:17.001	[34minfo[0m	/Users/mac/gopath/src/gin-vue-admin/forum-server/dao/redis/frm_vote.go:93	定时任务执行
[github.com/flipped-aurora/gin-vue-admin/forum-server]2023/02/03 - 17:04:19.001	[34minfo[0m	/Users/mac/gopath/src/gin-vue-admin/forum-server/dao/redis/frm_vote.go:93	定时任务执行
[github.com/flipped-aurora/gin-vue-admin/forum-server]2023/02/03 - 17:04:21.001	[34minfo[0m	/Users/mac/gopath/src/gin-vue-admin/forum-server/dao/redis/frm_vote.go:93	定时任务执行
[github.com/flipped-aurora/gin-vue-admin/forum-server]2023/02/03 - 17:04:23.000	[34minfo[0m	/Users/mac/gopath/src/gin-vue-admin/forum-server/dao/redis/frm_vote.go:93	定时任务执行
[github.com/flipped-aurora/gin-vue-admin/forum-server]2023/02/03 - 17:05:31.326	[34minfo[0m	/Users/mac/gopath/src/gin-vue-admin/forum-server/initialize/gorm.go:68	register table success
[github.com/flipped-aurora/gin-vue-admin/forum-server]2023/02/03 - 17:05:31.333	[34minfo[0m	/Users/mac/gopath/src/gin-vue-admin/forum-server/initialize/redis.go:23	redis connect ping response:	{"pong": "PONG"}
[github.com/flipped-aurora/gin-vue-admin/forum-server]2023/02/03 - 17:05:31.334	[34minfo[0m	/Users/mac/gopath/src/gin-vue-admin/forum-server/initialize/router.go:39	register swagger handler
[github.com/flipped-aurora/gin-vue-admin/forum-server]2023/02/03 - 17:05:31.336	[34minfo[0m	/Users/mac/gopath/src/gin-vue-admin/forum-server/initialize/router.go:96	router register success
[github.com/flipped-aurora/gin-vue-admin/forum-server]2023/02/03 - 17:05:31.336	[34minfo[0m	/Users/mac/gopath/src/gin-vue-admin/forum-server/core/server.go:37	forum-server run success on 	{"address": ":8889"}
[github.com/flipped-aurora/gin-vue-admin/forum-server]2023/02/03 - 17:05:50.018	[34minfo[0m	/Users/mac/gopath/src/gin-vue-admin/forum-server/dao/redis/frm_vote.go:93	定时任务执行
[github.com/flipped-aurora/gin-vue-admin/forum-server]2023/02/03 - 17:06:10.009	[34minfo[0m	/Users/mac/gopath/src/gin-vue-admin/forum-server/dao/redis/frm_vote.go:93	定时任务执行
[github.com/flipped-aurora/gin-vue-admin/forum-server]2023/02/03 - 17:06:30.001	[34minfo[0m	/Users/mac/gopath/src/gin-vue-admin/forum-server/dao/redis/frm_vote.go:93	定时任务执行
[github.com/flipped-aurora/gin-vue-admin/forum-server]2023/02/03 - 17:06:50.000	[34minfo[0m	/Users/mac/gopath/src/gin-vue-admin/forum-server/dao/redis/frm_vote.go:93	定时任务执行
[github.com/flipped-aurora/gin-vue-admin/forum-server]2023/02/03 - 17:07:10.000	[34minfo[0m	/Users/mac/gopath/src/gin-vue-admin/forum-server/dao/redis/frm_vote.go:93	定时任务执行
[github.com/flipped-aurora/gin-vue-admin/forum-server]2023/02/03 - 17:09:54.515	[34minfo[0m	/Users/mac/gopath/src/gin-vue-admin/forum-server/initialize/gorm.go:68	register table success
[github.com/flipped-aurora/gin-vue-admin/forum-server]2023/02/03 - 17:09:54.518	[34minfo[0m	/Users/mac/gopath/src/gin-vue-admin/forum-server/initialize/redis.go:23	redis connect ping response:	{"pong": "PONG"}
[github.com/flipped-aurora/gin-vue-admin/forum-server]2023/02/03 - 17:09:54.519	[34minfo[0m	/Users/mac/gopath/src/gin-vue-admin/forum-server/initialize/router.go:39	register swagger handler
[github.com/flipped-aurora/gin-vue-admin/forum-server]2023/02/03 - 17:09:54.521	[34minfo[0m	/Users/mac/gopath/src/gin-vue-admin/forum-server/initialize/router.go:96	router register success
[github.com/flipped-aurora/gin-vue-admin/forum-server]2023/02/03 - 17:09:54.521	[34minfo[0m	/Users/mac/gopath/src/gin-vue-admin/forum-server/core/server.go:37	forum-server run success on 	{"address": ":8889"}
[github.com/flipped-aurora/gin-vue-admin/forum-server]2023/02/03 - 17:15:11.412	[34minfo[0m	/Users/mac/gopath/src/gin-vue-admin/forum-server/initialize/gorm.go:68	register table success
[github.com/flipped-aurora/gin-vue-admin/forum-server]2023/02/03 - 17:15:11.422	[34minfo[0m	/Users/mac/gopath/src/gin-vue-admin/forum-server/initialize/redis.go:23	redis connect ping response:	{"pong": "PONG"}
[github.com/flipped-aurora/gin-vue-admin/forum-server]2023/02/03 - 17:15:11.423	[34minfo[0m	/Users/mac/gopath/src/gin-vue-admin/forum-server/initialize/router.go:39	register swagger handler
[github.com/flipped-aurora/gin-vue-admin/forum-server]2023/02/03 - 17:15:11.425	[34minfo[0m	/Users/mac/gopath/src/gin-vue-admin/forum-server/initialize/router.go:96	router register success
[github.com/flipped-aurora/gin-vue-admin/forum-server]2023/02/03 - 17:15:11.425	[34minfo[0m	/Users/mac/gopath/src/gin-vue-admin/forum-server/core/server.go:37	forum-server run success on 	{"address": ":8889"}
[github.com/flipped-aurora/gin-vue-admin/forum-server]2023/02/03 - 17:19:16.702	[34minfo[0m	/Users/mac/gopath/src/gin-vue-admin/forum-server/initialize/gorm.go:68	register table success
[github.com/flipped-aurora/gin-vue-admin/forum-server]2023/02/03 - 17:19:16.706	[34minfo[0m	/Users/mac/gopath/src/gin-vue-admin/forum-server/initialize/redis.go:23	redis connect ping response:	{"pong": "PONG"}
[github.com/flipped-aurora/gin-vue-admin/forum-server]2023/02/03 - 17:19:16.707	[34minfo[0m	/Users/mac/gopath/src/gin-vue-admin/forum-server/initialize/router.go:39	register swagger handler
[github.com/flipped-aurora/gin-vue-admin/forum-server]2023/02/03 - 17:19:16.709	[34minfo[0m	/Users/mac/gopath/src/gin-vue-admin/forum-server/initialize/router.go:96	router register success
[github.com/flipped-aurora/gin-vue-admin/forum-server]2023/02/03 - 17:19:16.709	[34minfo[0m	/Users/mac/gopath/src/gin-vue-admin/forum-server/core/server.go:37	forum-server run success on 	{"address": ":8889"}
[github.com/flipped-aurora/gin-vue-admin/forum-server]2023/02/03 - 17:21:51.459	[34minfo[0m	/Users/mac/gopath/src/gin-vue-admin/forum-server/initialize/gorm.go:68	register table success
[github.com/flipped-aurora/gin-vue-admin/forum-server]2023/02/03 - 17:21:51.465	[34minfo[0m	/Users/mac/gopath/src/gin-vue-admin/forum-server/initialize/redis.go:23	redis connect ping response:	{"pong": "PONG"}
[github.com/flipped-aurora/gin-vue-admin/forum-server]2023/02/03 - 17:21:51.466	[34minfo[0m	/Users/mac/gopath/src/gin-vue-admin/forum-server/initialize/router.go:39	register swagger handler
[github.com/flipped-aurora/gin-vue-admin/forum-server]2023/02/03 - 17:21:51.468	[34minfo[0m	/Users/mac/gopath/src/gin-vue-admin/forum-server/initialize/router.go:96	router register success
[github.com/flipped-aurora/gin-vue-admin/forum-server]2023/02/03 - 17:21:51.468	[34minfo[0m	/Users/mac/gopath/src/gin-vue-admin/forum-server/core/server.go:37	forum-server run success on 	{"address": ":8889"}
[github.com/flipped-aurora/gin-vue-admin/forum-server]2023/02/03 - 18:14:35.508	[34minfo[0m	/Users/mac/gopath/src/gin-vue-admin/forum-server/initialize/gorm.go:68	register table success
[github.com/flipped-aurora/gin-vue-admin/forum-server]2023/02/03 - 18:14:35.519	[34minfo[0m	/Users/mac/gopath/src/gin-vue-admin/forum-server/initialize/redis.go:23	redis connect ping response:	{"pong": "PONG"}
[github.com/flipped-aurora/gin-vue-admin/forum-server]2023/02/03 - 18:14:35.520	[34minfo[0m	/Users/mac/gopath/src/gin-vue-admin/forum-server/initialize/router.go:39	register swagger handler
[github.com/flipped-aurora/gin-vue-admin/forum-server]2023/02/03 - 18:14:35.521	[34minfo[0m	/Users/mac/gopath/src/gin-vue-admin/forum-server/initialize/router.go:96	router register success
[github.com/flipped-aurora/gin-vue-admin/forum-server]2023/02/03 - 18:14:35.521	[34minfo[0m	/Users/mac/gopath/src/gin-vue-admin/forum-server/core/server.go:37	forum-server run success on 	{"address": ":8889"}
[github.com/flipped-aurora/gin-vue-admin/forum-server]2023/02/03 - 18:15:58.416	[34minfo[0m	/Users/mac/gopath/src/gin-vue-admin/forum-server/initialize/gorm.go:68	register table success
[github.com/flipped-aurora/gin-vue-admin/forum-server]2023/02/03 - 18:15:58.420	[34minfo[0m	/Users/mac/gopath/src/gin-vue-admin/forum-server/initialize/redis.go:23	redis connect ping response:	{"pong": "PONG"}
[github.com/flipped-aurora/gin-vue-admin/forum-server]2023/02/03 - 18:15:58.421	[34minfo[0m	/Users/mac/gopath/src/gin-vue-admin/forum-server/initialize/router.go:39	register swagger handler
[github.com/flipped-aurora/gin-vue-admin/forum-server]2023/02/03 - 18:15:58.424	[34minfo[0m	/Users/mac/gopath/src/gin-vue-admin/forum-server/initialize/router.go:96	router register success
[github.com/flipped-aurora/gin-vue-admin/forum-server]2023/02/03 - 18:15:58.424	[34minfo[0m	/Users/mac/gopath/src/gin-vue-admin/forum-server/core/server.go:37	forum-server run success on 	{"address": ":8889"}
[github.com/flipped-aurora/gin-vue-admin/forum-server]2023/02/03 - 18:22:28.772	[34minfo[0m	/Users/mac/gopath/src/gin-vue-admin/forum-server/initialize/gorm.go:68	register table success
[github.com/flipped-aurora/gin-vue-admin/forum-server]2023/02/03 - 18:22:28.777	[34minfo[0m	/Users/mac/gopath/src/gin-vue-admin/forum-server/initialize/redis.go:23	redis connect ping response:	{"pong": "PONG"}
[github.com/flipped-aurora/gin-vue-admin/forum-server]2023/02/03 - 18:22:28.778	[34minfo[0m	/Users/mac/gopath/src/gin-vue-admin/forum-server/initialize/router.go:39	register swagger handler
[github.com/flipped-aurora/gin-vue-admin/forum-server]2023/02/03 - 18:22:28.779	[34minfo[0m	/Users/mac/gopath/src/gin-vue-admin/forum-server/initialize/router.go:96	router register success
[github.com/flipped-aurora/gin-vue-admin/forum-server]2023/02/03 - 18:22:28.780	[34minfo[0m	/Users/mac/gopath/src/gin-vue-admin/forum-server/core/server.go:37	forum-server run success on 	{"address": ":8889"}
[github.com/flipped-aurora/gin-vue-admin/forum-server]2023/02/03 - 18:25:32.911	[34minfo[0m	/Users/mac/gopath/src/gin-vue-admin/forum-server/initialize/gorm.go:68	register table success
[github.com/flipped-aurora/gin-vue-admin/forum-server]2023/02/03 - 18:25:32.914	[34minfo[0m	/Users/mac/gopath/src/gin-vue-admin/forum-server/initialize/redis.go:23	redis connect ping response:	{"pong": "PONG"}
[github.com/flipped-aurora/gin-vue-admin/forum-server]2023/02/03 - 18:25:32.915	[34minfo[0m	/Users/mac/gopath/src/gin-vue-admin/forum-server/initialize/router.go:39	register swagger handler
[github.com/flipped-aurora/gin-vue-admin/forum-server]2023/02/03 - 18:25:32.917	[34minfo[0m	/Users/mac/gopath/src/gin-vue-admin/forum-server/initialize/router.go:96	router register success
[github.com/flipped-aurora/gin-vue-admin/forum-server]2023/02/03 - 18:25:32.917	[34minfo[0m	/Users/mac/gopath/src/gin-vue-admin/forum-server/core/server.go:37	forum-server run success on 	{"address": ":8889"}
[github.com/flipped-aurora/gin-vue-admin/forum-server]2023/02/03 - 18:28:54.676	[34minfo[0m	/Users/mac/gopath/src/gin-vue-admin/forum-server/initialize/gorm.go:68	register table success
[github.com/flipped-aurora/gin-vue-admin/forum-server]2023/02/03 - 18:28:54.680	[34minfo[0m	/Users/mac/gopath/src/gin-vue-admin/forum-server/initialize/redis.go:23	redis connect ping response:	{"pong": "PONG"}
[github.com/flipped-aurora/gin-vue-admin/forum-server]2023/02/03 - 18:28:54.681	[34minfo[0m	/Users/mac/gopath/src/gin-vue-admin/forum-server/initialize/router.go:39	register swagger handler
[github.com/flipped-aurora/gin-vue-admin/forum-server]2023/02/03 - 18:28:54.682	[34minfo[0m	/Users/mac/gopath/src/gin-vue-admin/forum-server/initialize/router.go:96	router register success
[github.com/flipped-aurora/gin-vue-admin/forum-server]2023/02/03 - 18:28:54.683	[34minfo[0m	/Users/mac/gopath/src/gin-vue-admin/forum-server/core/server.go:37	forum-server run success on 	{"address": ":8889"}
[github.com/flipped-aurora/gin-vue-admin/forum-server]2023/02/03 - 18:29:11.224	[34minfo[0m	/Users/mac/gopath/src/gin-vue-admin/forum-server/service/forum/frm_post.go:42	GetPostListService failed	{"error": "redis.FrmGetPostIdsInOrder(p) return 0 data", "errorVerbose": "redis.FrmGetPostIdsInOrder(p) return 0 data\nforum-server/service/forum.GetPostList\n\t/Users/mac/gopath/src/gin-vue-admin/forum-server/service/forum/frm_post.go:57\nforum-server/service/forum.(*PostService).FrmPostGetPostList\n\t/Users/mac/gopath/src/gin-vue-admin/forum-server/service/forum/frm_post.go:37\nforum-server/api/v1/forum.(*PostApi).FrmPostGetPostList\n\t/Users/mac/gopath/src/gin-vue-admin/forum-server/api/v1/forum/frm_post.go:57\ngithub.com/gin-gonic/gin.(*Context).Next\n\t/Users/mac/gopath/pkg/mod/github.com/gin-gonic/gin@v1.7.0/context.go:165\nforum-server/middleware.Cors.func1\n\t/Users/mac/gopath/src/gin-vue-admin/forum-server/middleware/cors.go:26\ngithub.com/gin-gonic/gin.(*Context).Next\n\t/Users/mac/gopath/pkg/mod/github.com/gin-gonic/gin@v1.7.0/context.go:165\ngithub.com/gin-gonic/gin.CustomRecoveryWithWriter.func1\n\t/Users/mac/gopath/pkg/mod/github.com/gin-gonic/gin@v1.7.0/recovery.go:99\ngithub.com/gin-gonic/gin.(*Context).Next\n\t/Users/mac/gopath/pkg/mod/github.com/gin-gonic/gin@v1.7.0/context.go:165\ngithub.com/gin-gonic/gin.LoggerWithConfig.func1\n\t/Users/mac/gopath/pkg/mod/github.com/gin-gonic/gin@v1.7.0/logger.go:241\ngithub.com/gin-gonic/gin.(*Context).Next\n\t/Users/mac/gopath/pkg/mod/github.com/gin-gonic/gin@v1.7.0/context.go:165\ngithub.com/gin-gonic/gin.(*Engine).handleHTTPRequest\n\t/Users/mac/gopath/pkg/mod/github.com/gin-gonic/gin@v1.7.0/gin.go:489\ngithub.com/gin-gonic/gin.(*Engine).ServeHTTP\n\t/Users/mac/gopath/pkg/mod/github.com/gin-gonic/gin@v1.7.0/gin.go:445\nnet/http.serverHandler.ServeHTTP\n\t/Users/mac/go/go1.18/src/net/http/server.go:2916\nnet/http.(*conn).serve\n\t/Users/mac/go/go1.18/src/net/http/server.go:1966\nruntime.goexit\n\t/Users/mac/go/go1.18/src/runtime/asm_amd64.s:1571"}
[github.com/flipped-aurora/gin-vue-admin/forum-server]2023/02/03 - 18:52:00.490	[34minfo[0m	/Users/mac/gopath/src/gin-vue-admin/forum-server/initialize/gorm.go:68	register table success
[github.com/flipped-aurora/gin-vue-admin/forum-server]2023/02/03 - 18:52:00.496	[34minfo[0m	/Users/mac/gopath/src/gin-vue-admin/forum-server/initialize/redis.go:23	redis connect ping response:	{"pong": "PONG"}
[github.com/flipped-aurora/gin-vue-admin/forum-server]2023/02/03 - 18:52:00.496	[34minfo[0m	/Users/mac/gopath/src/gin-vue-admin/forum-server/initialize/router.go:39	register swagger handler
[github.com/flipped-aurora/gin-vue-admin/forum-server]2023/02/03 - 18:52:00.498	[34minfo[0m	/Users/mac/gopath/src/gin-vue-admin/forum-server/initialize/router.go:96	router register success
[github.com/flipped-aurora/gin-vue-admin/forum-server]2023/02/03 - 18:52:00.498	[34minfo[0m	/Users/mac/gopath/src/gin-vue-admin/forum-server/core/server.go:37	forum-server run success on 	{"address": ":8889"}
[github.com/flipped-aurora/gin-vue-admin/forum-server]2023/02/03 - 18:57:03.253	[34minfo[0m	/Users/mac/gopath/src/gin-vue-admin/forum-server/initialize/gorm.go:68	register table success
[github.com/flipped-aurora/gin-vue-admin/forum-server]2023/02/03 - 18:57:03.272	[34minfo[0m	/Users/mac/gopath/src/gin-vue-admin/forum-server/initialize/redis.go:23	redis connect ping response:	{"pong": "PONG"}
[github.com/flipped-aurora/gin-vue-admin/forum-server]2023/02/03 - 18:57:03.273	[34minfo[0m	/Users/mac/gopath/src/gin-vue-admin/forum-server/initialize/router.go:39	register swagger handler
[github.com/flipped-aurora/gin-vue-admin/forum-server]2023/02/03 - 18:57:03.274	[34minfo[0m	/Users/mac/gopath/src/gin-vue-admin/forum-server/initialize/router.go:96	router register success
[github.com/flipped-aurora/gin-vue-admin/forum-server]2023/02/03 - 18:57:03.275	[34minfo[0m	/Users/mac/gopath/src/gin-vue-admin/forum-server/core/server.go:37	forum-server run success on 	{"address": ":8889"}
[github.com/flipped-aurora/gin-vue-admin/forum-server]2023/02/03 - 18:57:12.000	[34minfo[0m	/Users/mac/gopath/src/gin-vue-admin/forum-server/dao/redis/frm_vote.go:93	定时任务执行
[github.com/flipped-aurora/gin-vue-admin/forum-server]2023/02/03 - 19:15:09.755	[34minfo[0m	/Users/mac/gopath/src/gin-vue-admin/forum-server/initialize/gorm.go:68	register table success
[github.com/flipped-aurora/gin-vue-admin/forum-server]2023/02/03 - 19:15:09.759	[34minfo[0m	/Users/mac/gopath/src/gin-vue-admin/forum-server/initialize/redis.go:23	redis connect ping response:	{"pong": "PONG"}
[github.com/flipped-aurora/gin-vue-admin/forum-server]2023/02/03 - 19:15:09.761	[34minfo[0m	/Users/mac/gopath/src/gin-vue-admin/forum-server/initialize/router.go:39	register swagger handler
[github.com/flipped-aurora/gin-vue-admin/forum-server]2023/02/03 - 19:15:09.763	[34minfo[0m	/Users/mac/gopath/src/gin-vue-admin/forum-server/initialize/router.go:96	router register success
[github.com/flipped-aurora/gin-vue-admin/forum-server]2023/02/03 - 19:15:09.763	[34minfo[0m	/Users/mac/gopath/src/gin-vue-admin/forum-server/core/server.go:37	forum-server run success on 	{"address": ":8889"}
[github.com/flipped-aurora/gin-vue-admin/forum-server]2023/02/03 - 19:15:19.000	[34minfo[0m	/Users/mac/gopath/src/gin-vue-admin/forum-server/dao/redis/frm_vote.go:95	定时任务执行
[github.com/flipped-aurora/gin-vue-admin/forum-server]2023/02/03 - 19:15:29.000	[34minfo[0m	/Users/mac/gopath/src/gin-vue-admin/forum-server/dao/redis/frm_vote.go:95	定时任务执行
[github.com/flipped-aurora/gin-vue-admin/forum-server]2023/02/03 - 19:15:39.001	[34minfo[0m	/Users/mac/gopath/src/gin-vue-admin/forum-server/dao/redis/frm_vote.go:95	定时任务执行
[github.com/flipped-aurora/gin-vue-admin/forum-server]2023/02/03 - 19:16:44.728	[34minfo[0m	/Users/mac/gopath/src/gin-vue-admin/forum-server/initialize/gorm.go:68	register table success
[github.com/flipped-aurora/gin-vue-admin/forum-server]2023/02/03 - 19:16:44.734	[34minfo[0m	/Users/mac/gopath/src/gin-vue-admin/forum-server/initialize/redis.go:23	redis connect ping response:	{"pong": "PONG"}
[github.com/flipped-aurora/gin-vue-admin/forum-server]2023/02/03 - 19:16:44.736	[34minfo[0m	/Users/mac/gopath/src/gin-vue-admin/forum-server/initialize/router.go:39	register swagger handler
[github.com/flipped-aurora/gin-vue-admin/forum-server]2023/02/03 - 19:16:44.738	[34minfo[0m	/Users/mac/gopath/src/gin-vue-admin/forum-server/initialize/router.go:96	router register success
[github.com/flipped-aurora/gin-vue-admin/forum-server]2023/02/03 - 19:16:44.738	[34minfo[0m	/Users/mac/gopath/src/gin-vue-admin/forum-server/core/server.go:37	forum-server run success on 	{"address": ":8889"}
[github.com/flipped-aurora/gin-vue-admin/forum-server]2023/02/03 - 19:18:04.848	[34minfo[0m	/Users/mac/gopath/src/gin-vue-admin/forum-server/initialize/gorm.go:68	register table success
[github.com/flipped-aurora/gin-vue-admin/forum-server]2023/02/03 - 19:18:04.852	[34minfo[0m	/Users/mac/gopath/src/gin-vue-admin/forum-server/initialize/redis.go:23	redis connect ping response:	{"pong": "PONG"}
[github.com/flipped-aurora/gin-vue-admin/forum-server]2023/02/03 - 19:18:04.852	[34minfo[0m	/Users/mac/gopath/src/gin-vue-admin/forum-server/initialize/router.go:39	register swagger handler
[github.com/flipped-aurora/gin-vue-admin/forum-server]2023/02/03 - 19:18:04.854	[34minfo[0m	/Users/mac/gopath/src/gin-vue-admin/forum-server/initialize/router.go:96	router register success
[github.com/flipped-aurora/gin-vue-admin/forum-server]2023/02/03 - 19:18:04.854	[34minfo[0m	/Users/mac/gopath/src/gin-vue-admin/forum-server/core/server.go:37	forum-server run success on 	{"address": ":8889"}
[github.com/flipped-aurora/gin-vue-admin/forum-server]2023/02/03 - 19:18:14.000	[34minfo[0m	/Users/mac/gopath/src/gin-vue-admin/forum-server/dao/redis/frm_vote.go:95	定时任务执行
[github.com/flipped-aurora/gin-vue-admin/forum-server]2023/02/03 - 19:18:57.877	[34minfo[0m	/Users/mac/gopath/src/gin-vue-admin/forum-server/initialize/gorm.go:68	register table success
[github.com/flipped-aurora/gin-vue-admin/forum-server]2023/02/03 - 19:18:57.883	[34minfo[0m	/Users/mac/gopath/src/gin-vue-admin/forum-server/initialize/redis.go:23	redis connect ping response:	{"pong": "PONG"}
[github.com/flipped-aurora/gin-vue-admin/forum-server]2023/02/03 - 19:18:57.883	[34minfo[0m	/Users/mac/gopath/src/gin-vue-admin/forum-server/initialize/router.go:39	register swagger handler
[github.com/flipped-aurora/gin-vue-admin/forum-server]2023/02/03 - 19:18:57.886	[34minfo[0m	/Users/mac/gopath/src/gin-vue-admin/forum-server/initialize/router.go:96	router register success
[github.com/flipped-aurora/gin-vue-admin/forum-server]2023/02/03 - 19:18:57.886	[34minfo[0m	/Users/mac/gopath/src/gin-vue-admin/forum-server/core/server.go:37	forum-server run success on 	{"address": ":8889"}
[github.com/flipped-aurora/gin-vue-admin/forum-server]2023/02/03 - 19:19:48.730	[34minfo[0m	/Users/mac/gopath/src/gin-vue-admin/forum-server/initialize/gorm.go:68	register table success
[github.com/flipped-aurora/gin-vue-admin/forum-server]2023/02/03 - 19:19:48.733	[34minfo[0m	/Users/mac/gopath/src/gin-vue-admin/forum-server/initialize/redis.go:23	redis connect ping response:	{"pong": "PONG"}
[github.com/flipped-aurora/gin-vue-admin/forum-server]2023/02/03 - 19:19:48.734	[34minfo[0m	/Users/mac/gopath/src/gin-vue-admin/forum-server/initialize/router.go:39	register swagger handler
[github.com/flipped-aurora/gin-vue-admin/forum-server]2023/02/03 - 19:19:48.736	[34minfo[0m	/Users/mac/gopath/src/gin-vue-admin/forum-server/initialize/router.go:96	router register success
[github.com/flipped-aurora/gin-vue-admin/forum-server]2023/02/03 - 19:19:48.736	[34minfo[0m	/Users/mac/gopath/src/gin-vue-admin/forum-server/core/server.go:37	forum-server run success on 	{"address": ":8889"}
[github.com/flipped-aurora/gin-vue-admin/forum-server]2023/02/03 - 19:22:17.662	[34minfo[0m	/Users/mac/gopath/src/gin-vue-admin/forum-server/initialize/gorm.go:68	register table success
[github.com/flipped-aurora/gin-vue-admin/forum-server]2023/02/03 - 19:22:17.667	[34minfo[0m	/Users/mac/gopath/src/gin-vue-admin/forum-server/initialize/redis.go:23	redis connect ping response:	{"pong": "PONG"}
[github.com/flipped-aurora/gin-vue-admin/forum-server]2023/02/03 - 19:22:17.668	[34minfo[0m	/Users/mac/gopath/src/gin-vue-admin/forum-server/initialize/router.go:39	register swagger handler
[github.com/flipped-aurora/gin-vue-admin/forum-server]2023/02/03 - 19:22:17.670	[34minfo[0m	/Users/mac/gopath/src/gin-vue-admin/forum-server/initialize/router.go:96	router register success
[github.com/flipped-aurora/gin-vue-admin/forum-server]2023/02/03 - 19:22:17.670	[34minfo[0m	/Users/mac/gopath/src/gin-vue-admin/forum-server/core/server.go:37	forum-server run success on 	{"address": ":8889"}
[github.com/flipped-aurora/gin-vue-admin/forum-server]2023/02/03 - 19:22:27.001	[34minfo[0m	/Users/mac/gopath/src/gin-vue-admin/forum-server/dao/redis/frm_vote.go:94	定时任务执行
[github.com/flipped-aurora/gin-vue-admin/forum-server]2023/02/03 - 19:25:45.693	[34minfo[0m	/Users/mac/gopath/src/gin-vue-admin/forum-server/initialize/gorm.go:68	register table success
[github.com/flipped-aurora/gin-vue-admin/forum-server]2023/02/03 - 19:25:45.699	[34minfo[0m	/Users/mac/gopath/src/gin-vue-admin/forum-server/initialize/redis.go:23	redis connect ping response:	{"pong": "PONG"}
[github.com/flipped-aurora/gin-vue-admin/forum-server]2023/02/03 - 19:25:45.700	[34minfo[0m	/Users/mac/gopath/src/gin-vue-admin/forum-server/initialize/router.go:39	register swagger handler
[github.com/flipped-aurora/gin-vue-admin/forum-server]2023/02/03 - 19:25:45.701	[34minfo[0m	/Users/mac/gopath/src/gin-vue-admin/forum-server/initialize/router.go:96	router register success
[github.com/flipped-aurora/gin-vue-admin/forum-server]2023/02/03 - 19:25:45.701	[34minfo[0m	/Users/mac/gopath/src/gin-vue-admin/forum-server/core/server.go:37	forum-server run success on 	{"address": ":8889"}
[github.com/flipped-aurora/gin-vue-admin/forum-server]2023/02/03 - 19:25:55.000	[34minfo[0m	/Users/mac/gopath/src/gin-vue-admin/forum-server/dao/redis/frm_vote.go:94	定时任务执行
[github.com/flipped-aurora/gin-vue-admin/forum-server]2023/02/03 - 19:32:09.255	[34minfo[0m	/Users/mac/gopath/src/gin-vue-admin/forum-server/initialize/gorm.go:68	register table success
[github.com/flipped-aurora/gin-vue-admin/forum-server]2023/02/03 - 19:32:09.265	[34minfo[0m	/Users/mac/gopath/src/gin-vue-admin/forum-server/initialize/redis.go:23	redis connect ping response:	{"pong": "PONG"}
[github.com/flipped-aurora/gin-vue-admin/forum-server]2023/02/03 - 19:32:09.266	[34minfo[0m	/Users/mac/gopath/src/gin-vue-admin/forum-server/initialize/router.go:39	register swagger handler
[github.com/flipped-aurora/gin-vue-admin/forum-server]2023/02/03 - 19:32:09.268	[34minfo[0m	/Users/mac/gopath/src/gin-vue-admin/forum-server/initialize/router.go:96	router register success
[github.com/flipped-aurora/gin-vue-admin/forum-server]2023/02/03 - 19:32:09.268	[34minfo[0m	/Users/mac/gopath/src/gin-vue-admin/forum-server/core/server.go:37	forum-server run success on 	{"address": ":8889"}
[github.com/flipped-aurora/gin-vue-admin/forum-server]2023/02/03 - 19:32:18.000	[34minfo[0m	/Users/mac/gopath/src/gin-vue-admin/forum-server/dao/redis/frm_vote.go:94	定时任务执行
[github.com/flipped-aurora/gin-vue-admin/forum-server]2023/02/03 - 19:32:43.676	[34minfo[0m	/Users/mac/gopath/src/gin-vue-admin/forum-server/initialize/gorm.go:68	register table success
[github.com/flipped-aurora/gin-vue-admin/forum-server]2023/02/03 - 19:32:43.688	[34minfo[0m	/Users/mac/gopath/src/gin-vue-admin/forum-server/initialize/redis.go:23	redis connect ping response:	{"pong": "PONG"}
[github.com/flipped-aurora/gin-vue-admin/forum-server]2023/02/03 - 19:32:43.689	[34minfo[0m	/Users/mac/gopath/src/gin-vue-admin/forum-server/initialize/router.go:39	register swagger handler
[github.com/flipped-aurora/gin-vue-admin/forum-server]2023/02/03 - 19:32:43.691	[34minfo[0m	/Users/mac/gopath/src/gin-vue-admin/forum-server/initialize/router.go:96	router register success
[github.com/flipped-aurora/gin-vue-admin/forum-server]2023/02/03 - 19:32:43.691	[34minfo[0m	/Users/mac/gopath/src/gin-vue-admin/forum-server/core/server.go:37	forum-server run success on 	{"address": ":8889"}
[github.com/flipped-aurora/gin-vue-admin/forum-server]2023/02/03 - 19:32:53.001	[34minfo[0m	/Users/mac/gopath/src/gin-vue-admin/forum-server/dao/redis/frm_vote.go:94	定时任务执行
[github.com/flipped-aurora/gin-vue-admin/forum-server]2023/02/03 - 19:33:30.437	[34minfo[0m	/Users/mac/gopath/src/gin-vue-admin/forum-server/initialize/gorm.go:68	register table success
[github.com/flipped-aurora/gin-vue-admin/forum-server]2023/02/03 - 19:33:30.442	[34minfo[0m	/Users/mac/gopath/src/gin-vue-admin/forum-server/initialize/redis.go:23	redis connect ping response:	{"pong": "PONG"}
[github.com/flipped-aurora/gin-vue-admin/forum-server]2023/02/03 - 19:33:30.443	[34minfo[0m	/Users/mac/gopath/src/gin-vue-admin/forum-server/initialize/router.go:39	register swagger handler
[github.com/flipped-aurora/gin-vue-admin/forum-server]2023/02/03 - 19:33:30.445	[34minfo[0m	/Users/mac/gopath/src/gin-vue-admin/forum-server/initialize/router.go:96	router register success
[github.com/flipped-aurora/gin-vue-admin/forum-server]2023/02/03 - 19:33:30.446	[34minfo[0m	/Users/mac/gopath/src/gin-vue-admin/forum-server/core/server.go:37	forum-server run success on 	{"address": ":8889"}
[github.com/flipped-aurora/gin-vue-admin/forum-server]2023/02/03 - 19:33:40.000	[34minfo[0m	/Users/mac/gopath/src/gin-vue-admin/forum-server/dao/redis/frm_vote.go:94	定时任务执行
[github.com/flipped-aurora/gin-vue-admin/forum-server]2023/02/03 - 19:36:26.161	[34minfo[0m	/Users/mac/gopath/src/gin-vue-admin/forum-server/initialize/gorm.go:68	register table success
[github.com/flipped-aurora/gin-vue-admin/forum-server]2023/02/03 - 19:36:26.165	[34minfo[0m	/Users/mac/gopath/src/gin-vue-admin/forum-server/initialize/redis.go:23	redis connect ping response:	{"pong": "PONG"}
[github.com/flipped-aurora/gin-vue-admin/forum-server]2023/02/03 - 19:36:26.166	[34minfo[0m	/Users/mac/gopath/src/gin-vue-admin/forum-server/initialize/router.go:39	register swagger handler
[github.com/flipped-aurora/gin-vue-admin/forum-server]2023/02/03 - 19:36:26.168	[34minfo[0m	/Users/mac/gopath/src/gin-vue-admin/forum-server/initialize/router.go:96	router register success
[github.com/flipped-aurora/gin-vue-admin/forum-server]2023/02/03 - 19:36:26.168	[34minfo[0m	/Users/mac/gopath/src/gin-vue-admin/forum-server/core/server.go:37	forum-server run success on 	{"address": ":8889"}
[github.com/flipped-aurora/gin-vue-admin/forum-server]2023/02/03 - 19:36:35.002	[34minfo[0m	/Users/mac/gopath/src/gin-vue-admin/forum-server/dao/redis/frm_vote.go:94	定时任务执行
[github.com/flipped-aurora/gin-vue-admin/forum-server]2023/02/03 - 19:39:53.644	[34minfo[0m	/Users/mac/gopath/src/gin-vue-admin/forum-server/initialize/gorm.go:68	register table success
[github.com/flipped-aurora/gin-vue-admin/forum-server]2023/02/03 - 19:39:53.650	[34minfo[0m	/Users/mac/gopath/src/gin-vue-admin/forum-server/initialize/redis.go:23	redis connect ping response:	{"pong": "PONG"}
[github.com/flipped-aurora/gin-vue-admin/forum-server]2023/02/03 - 19:39:53.651	[34minfo[0m	/Users/mac/gopath/src/gin-vue-admin/forum-server/initialize/router.go:39	register swagger handler
[github.com/flipped-aurora/gin-vue-admin/forum-server]2023/02/03 - 19:39:53.652	[34minfo[0m	/Users/mac/gopath/src/gin-vue-admin/forum-server/initialize/router.go:96	router register success
[github.com/flipped-aurora/gin-vue-admin/forum-server]2023/02/03 - 19:39:53.652	[34minfo[0m	/Users/mac/gopath/src/gin-vue-admin/forum-server/core/server.go:37	forum-server run success on 	{"address": ":8889"}
[github.com/flipped-aurora/gin-vue-admin/forum-server]2023/02/03 - 19:40:03.001	[34minfo[0m	/Users/mac/gopath/src/gin-vue-admin/forum-server/dao/redis/frm_vote.go:94	定时任务执行
[github.com/flipped-aurora/gin-vue-admin/forum-server]2023/02/03 - 19:41:04.119	[34minfo[0m	/Users/mac/gopath/src/gin-vue-admin/forum-server/initialize/gorm.go:68	register table success
[github.com/flipped-aurora/gin-vue-admin/forum-server]2023/02/03 - 19:41:04.128	[34minfo[0m	/Users/mac/gopath/src/gin-vue-admin/forum-server/initialize/redis.go:23	redis connect ping response:	{"pong": "PONG"}
[github.com/flipped-aurora/gin-vue-admin/forum-server]2023/02/03 - 19:41:04.129	[34minfo[0m	/Users/mac/gopath/src/gin-vue-admin/forum-server/initialize/router.go:39	register swagger handler
[github.com/flipped-aurora/gin-vue-admin/forum-server]2023/02/03 - 19:41:04.130	[34minfo[0m	/Users/mac/gopath/src/gin-vue-admin/forum-server/initialize/router.go:96	router register success
[github.com/flipped-aurora/gin-vue-admin/forum-server]2023/02/03 - 19:41:04.130	[34minfo[0m	/Users/mac/gopath/src/gin-vue-admin/forum-server/core/server.go:37	forum-server run success on 	{"address": ":8889"}
[github.com/flipped-aurora/gin-vue-admin/forum-server]2023/02/03 - 19:41:13.001	[34minfo[0m	/Users/mac/gopath/src/gin-vue-admin/forum-server/dao/redis/frm_vote.go:94	定时任务执行
[github.com/flipped-aurora/gin-vue-admin/forum-server]2023/02/03 - 19:52:25.205	[34minfo[0m	/Users/mac/gopath/src/gin-vue-admin/forum-server/initialize/gorm.go:68	register table success
[github.com/flipped-aurora/gin-vue-admin/forum-server]2023/02/03 - 19:52:25.214	[34minfo[0m	/Users/mac/gopath/src/gin-vue-admin/forum-server/initialize/redis.go:23	redis connect ping response:	{"pong": "PONG"}
[github.com/flipped-aurora/gin-vue-admin/forum-server]2023/02/03 - 19:52:25.216	[34minfo[0m	/Users/mac/gopath/src/gin-vue-admin/forum-server/initialize/router.go:39	register swagger handler
[github.com/flipped-aurora/gin-vue-admin/forum-server]2023/02/03 - 19:52:25.222	[34minfo[0m	/Users/mac/gopath/src/gin-vue-admin/forum-server/initialize/router.go:96	router register success
[github.com/flipped-aurora/gin-vue-admin/forum-server]2023/02/03 - 19:52:25.223	[34minfo[0m	/Users/mac/gopath/src/gin-vue-admin/forum-server/core/server.go:37	forum-server run success on 	{"address": ":8889"}
[github.com/flipped-aurora/gin-vue-admin/forum-server]2023/02/03 - 19:52:34.001	[34minfo[0m	/Users/mac/gopath/src/gin-vue-admin/forum-server/dao/redis/frm_vote.go:94	定时任务执行
[github.com/flipped-aurora/gin-vue-admin/forum-server]2023/02/03 - 19:59:07.918	[34minfo[0m	/Users/mac/gopath/src/gin-vue-admin/forum-server/initialize/gorm.go:68	register table success
[github.com/flipped-aurora/gin-vue-admin/forum-server]2023/02/03 - 19:59:07.925	[34minfo[0m	/Users/mac/gopath/src/gin-vue-admin/forum-server/initialize/redis.go:23	redis connect ping response:	{"pong": "PONG"}
[github.com/flipped-aurora/gin-vue-admin/forum-server]2023/02/03 - 19:59:07.926	[34minfo[0m	/Users/mac/gopath/src/gin-vue-admin/forum-server/initialize/router.go:39	register swagger handler
[github.com/flipped-aurora/gin-vue-admin/forum-server]2023/02/03 - 19:59:07.927	[34minfo[0m	/Users/mac/gopath/src/gin-vue-admin/forum-server/initialize/router.go:96	router register success
[github.com/flipped-aurora/gin-vue-admin/forum-server]2023/02/03 - 19:59:07.928	[34minfo[0m	/Users/mac/gopath/src/gin-vue-admin/forum-server/core/server.go:37	forum-server run success on 	{"address": ":8889"}
[github.com/flipped-aurora/gin-vue-admin/forum-server]2023/02/03 - 19:59:17.001	[34minfo[0m	/Users/mac/gopath/src/gin-vue-admin/forum-server/dao/redis/frm_vote.go:94	定时任务执行
[github.com/flipped-aurora/gin-vue-admin/forum-server]2023/02/03 - 19:59:27.001	[34minfo[0m	/Users/mac/gopath/src/gin-vue-admin/forum-server/dao/redis/frm_vote.go:94	定时任务执行
[github.com/flipped-aurora/gin-vue-admin/forum-server]2023/02/03 - 20:04:12.174	[34minfo[0m	/Users/mac/gopath/src/gin-vue-admin/forum-server/initialize/gorm.go:68	register table success
[github.com/flipped-aurora/gin-vue-admin/forum-server]2023/02/03 - 20:04:12.178	[34minfo[0m	/Users/mac/gopath/src/gin-vue-admin/forum-server/initialize/redis.go:23	redis connect ping response:	{"pong": "PONG"}
[github.com/flipped-aurora/gin-vue-admin/forum-server]2023/02/03 - 20:04:12.179	[34minfo[0m	/Users/mac/gopath/src/gin-vue-admin/forum-server/initialize/router.go:39	register swagger handler
[github.com/flipped-aurora/gin-vue-admin/forum-server]2023/02/03 - 20:04:12.181	[34minfo[0m	/Users/mac/gopath/src/gin-vue-admin/forum-server/initialize/router.go:96	router register success
[github.com/flipped-aurora/gin-vue-admin/forum-server]2023/02/03 - 20:04:12.181	[34minfo[0m	/Users/mac/gopath/src/gin-vue-admin/forum-server/core/server.go:37	forum-server run success on 	{"address": ":8889"}
[github.com/flipped-aurora/gin-vue-admin/forum-server]2023/02/03 - 20:04:51.897	[34minfo[0m	/Users/mac/gopath/src/gin-vue-admin/forum-server/initialize/gorm.go:68	register table success
[github.com/flipped-aurora/gin-vue-admin/forum-server]2023/02/03 - 20:04:51.901	[34minfo[0m	/Users/mac/gopath/src/gin-vue-admin/forum-server/initialize/redis.go:23	redis connect ping response:	{"pong": "PONG"}
[github.com/flipped-aurora/gin-vue-admin/forum-server]2023/02/03 - 20:04:51.902	[34minfo[0m	/Users/mac/gopath/src/gin-vue-admin/forum-server/initialize/router.go:39	register swagger handler
[github.com/flipped-aurora/gin-vue-admin/forum-server]2023/02/03 - 20:04:51.903	[34minfo[0m	/Users/mac/gopath/src/gin-vue-admin/forum-server/initialize/router.go:96	router register success
[github.com/flipped-aurora/gin-vue-admin/forum-server]2023/02/03 - 20:04:51.904	[34minfo[0m	/Users/mac/gopath/src/gin-vue-admin/forum-server/core/server.go:37	forum-server run success on 	{"address": ":8889"}
[github.com/flipped-aurora/gin-vue-admin/forum-server]2023/02/03 - 20:05:01.001	[34minfo[0m	/Users/mac/gopath/src/gin-vue-admin/forum-server/dao/redis/frm_vote.go:94	定时任务执行
[github.com/flipped-aurora/gin-vue-admin/forum-server]2023/02/03 - 20:05:11.000	[34minfo[0m	/Users/mac/gopath/src/gin-vue-admin/forum-server/dao/redis/frm_vote.go:94	定时任务执行
[github.com/flipped-aurora/gin-vue-admin/forum-server]2023/02/03 - 20:07:57.959	[34minfo[0m	/Users/mac/gopath/src/gin-vue-admin/forum-server/initialize/gorm.go:68	register table success
[github.com/flipped-aurora/gin-vue-admin/forum-server]2023/02/03 - 20:07:57.964	[34minfo[0m	/Users/mac/gopath/src/gin-vue-admin/forum-server/initialize/redis.go:23	redis connect ping response:	{"pong": "PONG"}
[github.com/flipped-aurora/gin-vue-admin/forum-server]2023/02/03 - 20:07:57.964	[34minfo[0m	/Users/mac/gopath/src/gin-vue-admin/forum-server/initialize/router.go:39	register swagger handler
[github.com/flipped-aurora/gin-vue-admin/forum-server]2023/02/03 - 20:07:57.966	[34minfo[0m	/Users/mac/gopath/src/gin-vue-admin/forum-server/initialize/router.go:96	router register success
[github.com/flipped-aurora/gin-vue-admin/forum-server]2023/02/03 - 20:07:57.966	[34minfo[0m	/Users/mac/gopath/src/gin-vue-admin/forum-server/core/server.go:37	forum-server run success on 	{"address": ":8889"}
[github.com/flipped-aurora/gin-vue-admin/forum-server]2023/02/03 - 20:08:07.001	[34minfo[0m	/Users/mac/gopath/src/gin-vue-admin/forum-server/dao/redis/frm_vote.go:94	定时任务执行
[github.com/flipped-aurora/gin-vue-admin/forum-server]2023/02/03 - 20:08:17.001	[34minfo[0m	/Users/mac/gopath/src/gin-vue-admin/forum-server/dao/redis/frm_vote.go:94	定时任务执行
[github.com/flipped-aurora/gin-vue-admin/forum-server]2023/02/03 - 20:10:01.280	[34minfo[0m	/Users/mac/gopath/src/gin-vue-admin/forum-server/initialize/gorm.go:68	register table success
[github.com/flipped-aurora/gin-vue-admin/forum-server]2023/02/03 - 20:10:01.287	[34minfo[0m	/Users/mac/gopath/src/gin-vue-admin/forum-server/initialize/redis.go:23	redis connect ping response:	{"pong": "PONG"}
[github.com/flipped-aurora/gin-vue-admin/forum-server]2023/02/03 - 20:10:01.288	[34minfo[0m	/Users/mac/gopath/src/gin-vue-admin/forum-server/initialize/router.go:39	register swagger handler
[github.com/flipped-aurora/gin-vue-admin/forum-server]2023/02/03 - 20:10:01.290	[34minfo[0m	/Users/mac/gopath/src/gin-vue-admin/forum-server/initialize/router.go:96	router register success
[github.com/flipped-aurora/gin-vue-admin/forum-server]2023/02/03 - 20:10:01.291	[34minfo[0m	/Users/mac/gopath/src/gin-vue-admin/forum-server/core/server.go:37	forum-server run success on 	{"address": ":8889"}
[github.com/flipped-aurora/gin-vue-admin/forum-server]2023/02/03 - 20:10:10.000	[34minfo[0m	/Users/mac/gopath/src/gin-vue-admin/forum-server/dao/redis/frm_vote.go:94	定时任务执行
[github.com/flipped-aurora/gin-vue-admin/forum-server]2023/02/03 - 20:10:20.000	[34minfo[0m	/Users/mac/gopath/src/gin-vue-admin/forum-server/dao/redis/frm_vote.go:94	定时任务执行
