[github.com/flipped-aurora/gin-vue-admin/forum-server]2023/02/04 - 14:07:37.455	[34minfo[0m	/Users/mac/gopath/src/gin-vue-admin/forum-server/initialize/gorm.go:68	register table success
[github.com/flipped-aurora/gin-vue-admin/forum-server]2023/02/04 - 14:07:37.464	[34minfo[0m	/Users/mac/gopath/src/gin-vue-admin/forum-server/initialize/redis.go:23	redis connect ping response:	{"pong": "PONG"}
[github.com/flipped-aurora/gin-vue-admin/forum-server]2023/02/04 - 14:07:37.465	[34minfo[0m	/Users/mac/gopath/src/gin-vue-admin/forum-server/initialize/router.go:39	register swagger handler
[github.com/flipped-aurora/gin-vue-admin/forum-server]2023/02/04 - 14:07:37.469	[34minfo[0m	/Users/mac/gopath/src/gin-vue-admin/forum-server/initialize/router.go:96	router register success
[github.com/flipped-aurora/gin-vue-admin/forum-server]2023/02/04 - 14:07:37.469	[34minfo[0m	/Users/mac/gopath/src/gin-vue-admin/forum-server/core/server.go:37	forum-server run success on 	{"address": ":8889"}
[github.com/flipped-aurora/gin-vue-admin/forum-server]2023/02/04 - 14:07:46.001	[34minfo[0m	/Users/mac/gopath/src/gin-vue-admin/forum-server/dao/redis/frm_vote.go:94	定时任务执行
[github.com/flipped-aurora/gin-vue-admin/forum-server]2023/02/04 - 14:10:06.042	[34minfo[0m	/Users/mac/gopath/src/gin-vue-admin/forum-server/initialize/gorm.go:68	register table success
[github.com/flipped-aurora/gin-vue-admin/forum-server]2023/02/04 - 14:10:06.047	[34minfo[0m	/Users/mac/gopath/src/gin-vue-admin/forum-server/initialize/redis.go:23	redis connect ping response:	{"pong": "PONG"}
[github.com/flipped-aurora/gin-vue-admin/forum-server]2023/02/04 - 14:10:06.048	[34minfo[0m	/Users/mac/gopath/src/gin-vue-admin/forum-server/initialize/router.go:39	register swagger handler
[github.com/flipped-aurora/gin-vue-admin/forum-server]2023/02/04 - 14:10:06.050	[34minfo[0m	/Users/mac/gopath/src/gin-vue-admin/forum-server/initialize/router.go:96	router register success
[github.com/flipped-aurora/gin-vue-admin/forum-server]2023/02/04 - 14:10:06.050	[34minfo[0m	/Users/mac/gopath/src/gin-vue-admin/forum-server/core/server.go:37	forum-server run success on 	{"address": ":8889"}
[github.com/flipped-aurora/gin-vue-admin/forum-server]2023/02/04 - 14:10:15.001	[34minfo[0m	/Users/mac/gopath/src/gin-vue-admin/forum-server/dao/redis/frm_vote.go:94	定时任务执行
[github.com/flipped-aurora/gin-vue-admin/forum-server]2023/02/04 - 14:10:25.000	[34minfo[0m	/Users/mac/gopath/src/gin-vue-admin/forum-server/dao/redis/frm_vote.go:94	定时任务执行
[github.com/flipped-aurora/gin-vue-admin/forum-server]2023/02/04 - 14:10:35.001	[34minfo[0m	/Users/mac/gopath/src/gin-vue-admin/forum-server/dao/redis/frm_vote.go:94	定时任务执行
[github.com/flipped-aurora/gin-vue-admin/forum-server]2023/02/04 - 14:17:45.520	[34minfo[0m	/Users/mac/gopath/src/gin-vue-admin/forum-server/initialize/gorm.go:68	register table success
[github.com/flipped-aurora/gin-vue-admin/forum-server]2023/02/04 - 14:17:45.527	[34minfo[0m	/Users/mac/gopath/src/gin-vue-admin/forum-server/initialize/redis.go:23	redis connect ping response:	{"pong": "PONG"}
[github.com/flipped-aurora/gin-vue-admin/forum-server]2023/02/04 - 14:17:45.528	[34minfo[0m	/Users/mac/gopath/src/gin-vue-admin/forum-server/initialize/router.go:39	register swagger handler
[github.com/flipped-aurora/gin-vue-admin/forum-server]2023/02/04 - 14:17:45.529	[34minfo[0m	/Users/mac/gopath/src/gin-vue-admin/forum-server/initialize/router.go:96	router register success
[github.com/flipped-aurora/gin-vue-admin/forum-server]2023/02/04 - 14:17:45.529	[34minfo[0m	/Users/mac/gopath/src/gin-vue-admin/forum-server/core/server.go:37	forum-server run success on 	{"address": ":8889"}
[github.com/flipped-aurora/gin-vue-admin/forum-server]2023/02/04 - 14:17:55.000	[34minfo[0m	/Users/mac/gopath/src/gin-vue-admin/forum-server/dao/redis/frm_vote.go:94	定时任务执行
[github.com/flipped-aurora/gin-vue-admin/forum-server]2023/02/04 - 14:20:25.242	[34minfo[0m	/Users/mac/gopath/src/gin-vue-admin/forum-server/initialize/gorm.go:68	register table success
[github.com/flipped-aurora/gin-vue-admin/forum-server]2023/02/04 - 14:20:25.248	[34minfo[0m	/Users/mac/gopath/src/gin-vue-admin/forum-server/initialize/redis.go:23	redis connect ping response:	{"pong": "PONG"}
[github.com/flipped-aurora/gin-vue-admin/forum-server]2023/02/04 - 14:20:25.249	[34minfo[0m	/Users/mac/gopath/src/gin-vue-admin/forum-server/initialize/router.go:39	register swagger handler
[github.com/flipped-aurora/gin-vue-admin/forum-server]2023/02/04 - 14:20:25.251	[34minfo[0m	/Users/mac/gopath/src/gin-vue-admin/forum-server/initialize/router.go:96	router register success
[github.com/flipped-aurora/gin-vue-admin/forum-server]2023/02/04 - 14:20:25.251	[34minfo[0m	/Users/mac/gopath/src/gin-vue-admin/forum-server/core/server.go:37	forum-server run success on 	{"address": ":8889"}
[github.com/flipped-aurora/gin-vue-admin/forum-server]2023/02/04 - 14:20:34.000	[34minfo[0m	/Users/mac/gopath/src/gin-vue-admin/forum-server/dao/redis/frm_vote.go:94	定时任务执行
[github.com/flipped-aurora/gin-vue-admin/forum-server]2023/02/04 - 14:23:51.035	[34minfo[0m	/Users/mac/gopath/src/gin-vue-admin/forum-server/initialize/gorm.go:68	register table success
[github.com/flipped-aurora/gin-vue-admin/forum-server]2023/02/04 - 14:23:51.040	[34minfo[0m	/Users/mac/gopath/src/gin-vue-admin/forum-server/initialize/redis.go:23	redis connect ping response:	{"pong": "PONG"}
[github.com/flipped-aurora/gin-vue-admin/forum-server]2023/02/04 - 14:23:51.041	[34minfo[0m	/Users/mac/gopath/src/gin-vue-admin/forum-server/initialize/router.go:39	register swagger handler
[github.com/flipped-aurora/gin-vue-admin/forum-server]2023/02/04 - 14:23:51.043	[34minfo[0m	/Users/mac/gopath/src/gin-vue-admin/forum-server/initialize/router.go:96	router register success
[github.com/flipped-aurora/gin-vue-admin/forum-server]2023/02/04 - 14:23:51.043	[34minfo[0m	/Users/mac/gopath/src/gin-vue-admin/forum-server/core/server.go:37	forum-server run success on 	{"address": ":8889"}
[github.com/flipped-aurora/gin-vue-admin/forum-server]2023/02/04 - 14:29:45.086	[34minfo[0m	/Users/mac/gopath/src/gin-vue-admin/forum-server/initialize/gorm.go:68	register table success
[github.com/flipped-aurora/gin-vue-admin/forum-server]2023/02/04 - 14:29:45.090	[34minfo[0m	/Users/mac/gopath/src/gin-vue-admin/forum-server/initialize/redis.go:23	redis connect ping response:	{"pong": "PONG"}
[github.com/flipped-aurora/gin-vue-admin/forum-server]2023/02/04 - 14:29:45.090	[34minfo[0m	/Users/mac/gopath/src/gin-vue-admin/forum-server/initialize/router.go:39	register swagger handler
[github.com/flipped-aurora/gin-vue-admin/forum-server]2023/02/04 - 14:29:45.093	[34minfo[0m	/Users/mac/gopath/src/gin-vue-admin/forum-server/initialize/router.go:96	router register success
[github.com/flipped-aurora/gin-vue-admin/forum-server]2023/02/04 - 14:29:45.093	[34minfo[0m	/Users/mac/gopath/src/gin-vue-admin/forum-server/core/server.go:37	forum-server run success on 	{"address": ":8889"}
[github.com/flipped-aurora/gin-vue-admin/forum-server]2023/02/04 - 14:29:54.000	[34minfo[0m	/Users/mac/gopath/src/gin-vue-admin/forum-server/dao/redis/frm_vote.go:93	定时任务执行
[github.com/flipped-aurora/gin-vue-admin/forum-server]2023/02/04 - 14:35:12.863	[34minfo[0m	/Users/mac/gopath/src/gin-vue-admin/forum-server/initialize/gorm.go:68	register table success
[github.com/flipped-aurora/gin-vue-admin/forum-server]2023/02/04 - 14:35:12.872	[34minfo[0m	/Users/mac/gopath/src/gin-vue-admin/forum-server/initialize/redis.go:23	redis connect ping response:	{"pong": "PONG"}
[github.com/flipped-aurora/gin-vue-admin/forum-server]2023/02/04 - 14:35:12.873	[34minfo[0m	/Users/mac/gopath/src/gin-vue-admin/forum-server/initialize/router.go:39	register swagger handler
[github.com/flipped-aurora/gin-vue-admin/forum-server]2023/02/04 - 14:35:12.876	[34minfo[0m	/Users/mac/gopath/src/gin-vue-admin/forum-server/initialize/router.go:96	router register success
[github.com/flipped-aurora/gin-vue-admin/forum-server]2023/02/04 - 14:35:12.876	[34minfo[0m	/Users/mac/gopath/src/gin-vue-admin/forum-server/core/server.go:37	forum-server run success on 	{"address": ":8889"}
[github.com/flipped-aurora/gin-vue-admin/forum-server]2023/02/04 - 14:35:22.001	[34minfo[0m	/Users/mac/gopath/src/gin-vue-admin/forum-server/dao/redis/frm_vote.go:93	定时任务执行
[github.com/flipped-aurora/gin-vue-admin/forum-server]2023/02/04 - 14:41:16.348	[34minfo[0m	/Users/mac/gopath/src/gin-vue-admin/forum-server/initialize/gorm.go:68	register table success
[github.com/flipped-aurora/gin-vue-admin/forum-server]2023/02/04 - 14:41:16.352	[34minfo[0m	/Users/mac/gopath/src/gin-vue-admin/forum-server/initialize/redis.go:23	redis connect ping response:	{"pong": "PONG"}
[github.com/flipped-aurora/gin-vue-admin/forum-server]2023/02/04 - 14:41:16.354	[34minfo[0m	/Users/mac/gopath/src/gin-vue-admin/forum-server/initialize/router.go:39	register swagger handler
[github.com/flipped-aurora/gin-vue-admin/forum-server]2023/02/04 - 14:41:16.356	[34minfo[0m	/Users/mac/gopath/src/gin-vue-admin/forum-server/initialize/router.go:96	router register success
[github.com/flipped-aurora/gin-vue-admin/forum-server]2023/02/04 - 14:41:16.356	[34minfo[0m	/Users/mac/gopath/src/gin-vue-admin/forum-server/core/server.go:37	forum-server run success on 	{"address": ":8889"}
[github.com/flipped-aurora/gin-vue-admin/forum-server]2023/02/04 - 14:41:26.000	[34minfo[0m	/Users/mac/gopath/src/gin-vue-admin/forum-server/dao/redis/frm_vote.go:94	定时任务执行
[github.com/flipped-aurora/gin-vue-admin/forum-server]2023/02/04 - 14:47:44.860	[34minfo[0m	/Users/mac/gopath/src/gin-vue-admin/forum-server/initialize/gorm.go:68	register table success
[github.com/flipped-aurora/gin-vue-admin/forum-server]2023/02/04 - 14:47:44.866	[34minfo[0m	/Users/mac/gopath/src/gin-vue-admin/forum-server/initialize/redis.go:23	redis connect ping response:	{"pong": "PONG"}
[github.com/flipped-aurora/gin-vue-admin/forum-server]2023/02/04 - 14:47:44.867	[34minfo[0m	/Users/mac/gopath/src/gin-vue-admin/forum-server/initialize/router.go:39	register swagger handler
[github.com/flipped-aurora/gin-vue-admin/forum-server]2023/02/04 - 14:47:44.870	[34minfo[0m	/Users/mac/gopath/src/gin-vue-admin/forum-server/initialize/router.go:96	router register success
[github.com/flipped-aurora/gin-vue-admin/forum-server]2023/02/04 - 14:47:44.870	[34minfo[0m	/Users/mac/gopath/src/gin-vue-admin/forum-server/core/server.go:37	forum-server run success on 	{"address": ":8889"}
[github.com/flipped-aurora/gin-vue-admin/forum-server]2023/02/04 - 14:47:54.001	[34minfo[0m	/Users/mac/gopath/src/gin-vue-admin/forum-server/dao/redis/frm_vote.go:93	定时任务执行
[github.com/flipped-aurora/gin-vue-admin/forum-server]2023/02/04 - 14:48:24.570	[34minfo[0m	/Users/mac/gopath/src/gin-vue-admin/forum-server/dao/redis/frm_vote.go:93	定时任务执行
[github.com/flipped-aurora/gin-vue-admin/forum-server]2023/02/04 - 14:48:33.235	[34minfo[0m	/Users/mac/gopath/src/gin-vue-admin/forum-server/dao/redis/frm_vote.go:93	定时任务执行
[github.com/flipped-aurora/gin-vue-admin/forum-server]2023/02/04 - 14:49:59.694	[34minfo[0m	/Users/mac/gopath/src/gin-vue-admin/forum-server/initialize/gorm.go:68	register table success
[github.com/flipped-aurora/gin-vue-admin/forum-server]2023/02/04 - 14:49:59.764	[34minfo[0m	/Users/mac/gopath/src/gin-vue-admin/forum-server/initialize/redis.go:23	redis connect ping response:	{"pong": "PONG"}
[github.com/flipped-aurora/gin-vue-admin/forum-server]2023/02/04 - 14:49:59.766	[34minfo[0m	/Users/mac/gopath/src/gin-vue-admin/forum-server/initialize/router.go:39	register swagger handler
[github.com/flipped-aurora/gin-vue-admin/forum-server]2023/02/04 - 14:49:59.787	[34minfo[0m	/Users/mac/gopath/src/gin-vue-admin/forum-server/initialize/router.go:96	router register success
[github.com/flipped-aurora/gin-vue-admin/forum-server]2023/02/04 - 14:49:59.787	[34minfo[0m	/Users/mac/gopath/src/gin-vue-admin/forum-server/core/server.go:37	forum-server run success on 	{"address": ":8889"}
[github.com/flipped-aurora/gin-vue-admin/forum-server]2023/02/04 - 14:50:09.000	[34minfo[0m	/Users/mac/gopath/src/gin-vue-admin/forum-server/dao/redis/frm_vote.go:94	定时任务执行
[github.com/flipped-aurora/gin-vue-admin/forum-server]2023/02/04 - 14:50:19.001	[34minfo[0m	/Users/mac/gopath/src/gin-vue-admin/forum-server/dao/redis/frm_vote.go:94	定时任务执行
[github.com/flipped-aurora/gin-vue-admin/forum-server]2023/02/04 - 15:12:07.149	[34minfo[0m	/Users/mac/gopath/src/gin-vue-admin/forum-server/initialize/gorm.go:68	register table success
[github.com/flipped-aurora/gin-vue-admin/forum-server]2023/02/04 - 15:12:07.158	[34minfo[0m	/Users/mac/gopath/src/gin-vue-admin/forum-server/initialize/redis.go:23	redis connect ping response:	{"pong": "PONG"}
[github.com/flipped-aurora/gin-vue-admin/forum-server]2023/02/04 - 15:12:07.159	[34minfo[0m	/Users/mac/gopath/src/gin-vue-admin/forum-server/initialize/router.go:39	register swagger handler
[github.com/flipped-aurora/gin-vue-admin/forum-server]2023/02/04 - 15:12:07.161	[34minfo[0m	/Users/mac/gopath/src/gin-vue-admin/forum-server/initialize/router.go:96	router register success
[github.com/flipped-aurora/gin-vue-admin/forum-server]2023/02/04 - 15:12:07.161	[34minfo[0m	/Users/mac/gopath/src/gin-vue-admin/forum-server/core/server.go:37	forum-server run success on 	{"address": ":8889"}
[github.com/flipped-aurora/gin-vue-admin/forum-server]2023/02/04 - 15:12:16.001	[34minfo[0m	/Users/mac/gopath/src/gin-vue-admin/forum-server/dao/redis/frm_vote.go:94	定时任务执行
[github.com/flipped-aurora/gin-vue-admin/forum-server]2023/02/04 - 15:21:35.160	[34minfo[0m	/Users/mac/gopath/src/gin-vue-admin/forum-server/initialize/gorm.go:68	register table success
[github.com/flipped-aurora/gin-vue-admin/forum-server]2023/02/04 - 15:21:35.166	[34minfo[0m	/Users/mac/gopath/src/gin-vue-admin/forum-server/initialize/redis.go:23	redis connect ping response:	{"pong": "PONG"}
[github.com/flipped-aurora/gin-vue-admin/forum-server]2023/02/04 - 15:21:35.167	[34minfo[0m	/Users/mac/gopath/src/gin-vue-admin/forum-server/initialize/router.go:39	register swagger handler
[github.com/flipped-aurora/gin-vue-admin/forum-server]2023/02/04 - 15:21:35.168	[34minfo[0m	/Users/mac/gopath/src/gin-vue-admin/forum-server/initialize/router.go:96	router register success
[github.com/flipped-aurora/gin-vue-admin/forum-server]2023/02/04 - 15:21:35.169	[34minfo[0m	/Users/mac/gopath/src/gin-vue-admin/forum-server/core/server.go:37	forum-server run success on 	{"address": ":8889"}
[github.com/flipped-aurora/gin-vue-admin/forum-server]2023/02/04 - 15:21:44.001	[34minfo[0m	/Users/mac/gopath/src/gin-vue-admin/forum-server/dao/redis/frm_vote.go:94	定时任务执行
[github.com/flipped-aurora/gin-vue-admin/forum-server]2023/02/04 - 15:24:32.675	[34minfo[0m	/Users/mac/gopath/src/gin-vue-admin/forum-server/initialize/gorm.go:68	register table success
[github.com/flipped-aurora/gin-vue-admin/forum-server]2023/02/04 - 15:24:32.682	[34minfo[0m	/Users/mac/gopath/src/gin-vue-admin/forum-server/initialize/redis.go:23	redis connect ping response:	{"pong": "PONG"}
[github.com/flipped-aurora/gin-vue-admin/forum-server]2023/02/04 - 15:24:32.683	[34minfo[0m	/Users/mac/gopath/src/gin-vue-admin/forum-server/initialize/router.go:39	register swagger handler
[github.com/flipped-aurora/gin-vue-admin/forum-server]2023/02/04 - 15:24:32.684	[34minfo[0m	/Users/mac/gopath/src/gin-vue-admin/forum-server/initialize/router.go:96	router register success
[github.com/flipped-aurora/gin-vue-admin/forum-server]2023/02/04 - 15:24:32.684	[34minfo[0m	/Users/mac/gopath/src/gin-vue-admin/forum-server/core/server.go:37	forum-server run success on 	{"address": ":8889"}
[github.com/flipped-aurora/gin-vue-admin/forum-server]2023/02/04 - 15:24:42.000	[34minfo[0m	/Users/mac/gopath/src/gin-vue-admin/forum-server/dao/redis/frm_vote.go:94	定时任务执行
[github.com/flipped-aurora/gin-vue-admin/forum-server]2023/02/04 - 15:24:52.000	[34minfo[0m	/Users/mac/gopath/src/gin-vue-admin/forum-server/dao/redis/frm_vote.go:94	定时任务执行
[github.com/flipped-aurora/gin-vue-admin/forum-server]2023/02/04 - 15:59:20.533	[34minfo[0m	/Users/mac/gopath/src/gin-vue-admin/forum-server/initialize/gorm.go:68	register table success
[github.com/flipped-aurora/gin-vue-admin/forum-server]2023/02/04 - 15:59:20.542	[34minfo[0m	/Users/mac/gopath/src/gin-vue-admin/forum-server/initialize/redis.go:23	redis connect ping response:	{"pong": "PONG"}
[github.com/flipped-aurora/gin-vue-admin/forum-server]2023/02/04 - 15:59:20.543	[34minfo[0m	/Users/mac/gopath/src/gin-vue-admin/forum-server/initialize/router.go:39	register swagger handler
[github.com/flipped-aurora/gin-vue-admin/forum-server]2023/02/04 - 15:59:20.545	[34minfo[0m	/Users/mac/gopath/src/gin-vue-admin/forum-server/initialize/router.go:96	router register success
[github.com/flipped-aurora/gin-vue-admin/forum-server]2023/02/04 - 15:59:20.546	[34minfo[0m	/Users/mac/gopath/src/gin-vue-admin/forum-server/core/server.go:37	forum-server run success on 	{"address": ":8889"}
[github.com/flipped-aurora/gin-vue-admin/forum-server]2023/02/04 - 15:59:30.000	[34minfo[0m	/Users/mac/gopath/src/gin-vue-admin/forum-server/dao/redis/frm_vote.go:94	定时任务执行
[github.com/flipped-aurora/gin-vue-admin/forum-server]2023/02/04 - 16:06:21.909	[34minfo[0m	/Users/mac/gopath/src/gin-vue-admin/forum-server/initialize/gorm.go:68	register table success
[github.com/flipped-aurora/gin-vue-admin/forum-server]2023/02/04 - 16:06:21.925	[34minfo[0m	/Users/mac/gopath/src/gin-vue-admin/forum-server/initialize/redis.go:23	redis connect ping response:	{"pong": "PONG"}
[github.com/flipped-aurora/gin-vue-admin/forum-server]2023/02/04 - 16:06:21.927	[34minfo[0m	/Users/mac/gopath/src/gin-vue-admin/forum-server/initialize/router.go:39	register swagger handler
[github.com/flipped-aurora/gin-vue-admin/forum-server]2023/02/04 - 16:06:21.933	[34minfo[0m	/Users/mac/gopath/src/gin-vue-admin/forum-server/initialize/router.go:96	router register success
[github.com/flipped-aurora/gin-vue-admin/forum-server]2023/02/04 - 16:06:21.933	[34minfo[0m	/Users/mac/gopath/src/gin-vue-admin/forum-server/core/server.go:37	forum-server run success on 	{"address": ":8889"}
[github.com/flipped-aurora/gin-vue-admin/forum-server]2023/02/04 - 16:06:31.000	[34minfo[0m	/Users/mac/gopath/src/gin-vue-admin/forum-server/dao/redis/frm_vote.go:94	定时任务执行
[github.com/flipped-aurora/gin-vue-admin/forum-server]2023/02/04 - 16:07:28.643	[34minfo[0m	/Users/mac/gopath/src/gin-vue-admin/forum-server/initialize/gorm.go:68	register table success
[github.com/flipped-aurora/gin-vue-admin/forum-server]2023/02/04 - 16:07:28.651	[34minfo[0m	/Users/mac/gopath/src/gin-vue-admin/forum-server/initialize/redis.go:23	redis connect ping response:	{"pong": "PONG"}
[github.com/flipped-aurora/gin-vue-admin/forum-server]2023/02/04 - 16:07:28.652	[34minfo[0m	/Users/mac/gopath/src/gin-vue-admin/forum-server/initialize/router.go:39	register swagger handler
[github.com/flipped-aurora/gin-vue-admin/forum-server]2023/02/04 - 16:07:28.655	[34minfo[0m	/Users/mac/gopath/src/gin-vue-admin/forum-server/initialize/router.go:96	router register success
[github.com/flipped-aurora/gin-vue-admin/forum-server]2023/02/04 - 16:07:28.656	[34minfo[0m	/Users/mac/gopath/src/gin-vue-admin/forum-server/core/server.go:37	forum-server run success on 	{"address": ":8889"}
[github.com/flipped-aurora/gin-vue-admin/forum-server]2023/02/04 - 16:07:38.001	[34minfo[0m	/Users/mac/gopath/src/gin-vue-admin/forum-server/dao/redis/frm_vote.go:94	定时任务执行
[github.com/flipped-aurora/gin-vue-admin/forum-server]2023/02/04 - 16:10:21.191	[34minfo[0m	/Users/mac/gopath/src/gin-vue-admin/forum-server/initialize/gorm.go:68	register table success
[github.com/flipped-aurora/gin-vue-admin/forum-server]2023/02/04 - 16:10:21.204	[34minfo[0m	/Users/mac/gopath/src/gin-vue-admin/forum-server/initialize/redis.go:23	redis connect ping response:	{"pong": "PONG"}
[github.com/flipped-aurora/gin-vue-admin/forum-server]2023/02/04 - 16:10:21.204	[34minfo[0m	/Users/mac/gopath/src/gin-vue-admin/forum-server/initialize/router.go:39	register swagger handler
[github.com/flipped-aurora/gin-vue-admin/forum-server]2023/02/04 - 16:10:21.219	[34minfo[0m	/Users/mac/gopath/src/gin-vue-admin/forum-server/initialize/router.go:96	router register success
[github.com/flipped-aurora/gin-vue-admin/forum-server]2023/02/04 - 16:10:21.219	[34minfo[0m	/Users/mac/gopath/src/gin-vue-admin/forum-server/core/server.go:37	forum-server run success on 	{"address": ":8889"}
[github.com/flipped-aurora/gin-vue-admin/forum-server]2023/02/04 - 16:10:30.000	[34minfo[0m	/Users/mac/gopath/src/gin-vue-admin/forum-server/dao/redis/frm_vote.go:94	定时任务执行
[github.com/flipped-aurora/gin-vue-admin/forum-server]2023/02/04 - 16:10:40.001	[34minfo[0m	/Users/mac/gopath/src/gin-vue-admin/forum-server/dao/redis/frm_vote.go:94	定时任务执行
[github.com/flipped-aurora/gin-vue-admin/forum-server]2023/02/04 - 16:10:50.001	[34minfo[0m	/Users/mac/gopath/src/gin-vue-admin/forum-server/dao/redis/frm_vote.go:94	定时任务执行
[github.com/flipped-aurora/gin-vue-admin/forum-server]2023/02/04 - 16:12:57.517	[34minfo[0m	/Users/mac/gopath/src/gin-vue-admin/forum-server/initialize/gorm.go:68	register table success
[github.com/flipped-aurora/gin-vue-admin/forum-server]2023/02/04 - 16:12:57.534	[34minfo[0m	/Users/mac/gopath/src/gin-vue-admin/forum-server/initialize/redis.go:23	redis connect ping response:	{"pong": "PONG"}
[github.com/flipped-aurora/gin-vue-admin/forum-server]2023/02/04 - 16:12:57.535	[34minfo[0m	/Users/mac/gopath/src/gin-vue-admin/forum-server/initialize/router.go:39	register swagger handler
[github.com/flipped-aurora/gin-vue-admin/forum-server]2023/02/04 - 16:12:57.536	[34minfo[0m	/Users/mac/gopath/src/gin-vue-admin/forum-server/initialize/router.go:96	router register success
[github.com/flipped-aurora/gin-vue-admin/forum-server]2023/02/04 - 16:12:57.536	[34minfo[0m	/Users/mac/gopath/src/gin-vue-admin/forum-server/core/server.go:37	forum-server run success on 	{"address": ":8889"}
[github.com/flipped-aurora/gin-vue-admin/forum-server]2023/02/04 - 16:13:07.000	[34minfo[0m	/Users/mac/gopath/src/gin-vue-admin/forum-server/dao/redis/frm_vote.go:94	定时任务执行
[github.com/flipped-aurora/gin-vue-admin/forum-server]2023/02/04 - 16:19:57.236	[34minfo[0m	/Users/mac/gopath/src/gin-vue-admin/forum-server/initialize/gorm.go:68	register table success
[github.com/flipped-aurora/gin-vue-admin/forum-server]2023/02/04 - 16:19:57.254	[34minfo[0m	/Users/mac/gopath/src/gin-vue-admin/forum-server/initialize/redis.go:23	redis connect ping response:	{"pong": "PONG"}
[github.com/flipped-aurora/gin-vue-admin/forum-server]2023/02/04 - 16:19:57.255	[34minfo[0m	/Users/mac/gopath/src/gin-vue-admin/forum-server/initialize/router.go:39	register swagger handler
[github.com/flipped-aurora/gin-vue-admin/forum-server]2023/02/04 - 16:19:57.257	[34minfo[0m	/Users/mac/gopath/src/gin-vue-admin/forum-server/initialize/router.go:96	router register success
[github.com/flipped-aurora/gin-vue-admin/forum-server]2023/02/04 - 16:19:57.257	[34minfo[0m	/Users/mac/gopath/src/gin-vue-admin/forum-server/core/server.go:37	forum-server run success on 	{"address": ":8889"}
[github.com/flipped-aurora/gin-vue-admin/forum-server]2023/02/04 - 16:20:06.000	[34minfo[0m	/Users/mac/gopath/src/gin-vue-admin/forum-server/dao/redis/frm_vote.go:94	定时任务执行
[github.com/flipped-aurora/gin-vue-admin/forum-server]2023/02/04 - 16:20:16.000	[34minfo[0m	/Users/mac/gopath/src/gin-vue-admin/forum-server/dao/redis/frm_vote.go:94	定时任务执行
[github.com/flipped-aurora/gin-vue-admin/forum-server]2023/02/04 - 16:20:26.000	[34minfo[0m	/Users/mac/gopath/src/gin-vue-admin/forum-server/dao/redis/frm_vote.go:94	定时任务执行
[github.com/flipped-aurora/gin-vue-admin/forum-server]2023/02/04 - 16:20:36.000	[34minfo[0m	/Users/mac/gopath/src/gin-vue-admin/forum-server/dao/redis/frm_vote.go:94	定时任务执行
[github.com/flipped-aurora/gin-vue-admin/forum-server]2023/02/04 - 16:20:46.001	[34minfo[0m	/Users/mac/gopath/src/gin-vue-admin/forum-server/dao/redis/frm_vote.go:94	定时任务执行
[github.com/flipped-aurora/gin-vue-admin/forum-server]2023/02/04 - 16:20:56.000	[34minfo[0m	/Users/mac/gopath/src/gin-vue-admin/forum-server/dao/redis/frm_vote.go:94	定时任务执行
[github.com/flipped-aurora/gin-vue-admin/forum-server]2023/02/04 - 16:21:06.001	[34minfo[0m	/Users/mac/gopath/src/gin-vue-admin/forum-server/dao/redis/frm_vote.go:94	定时任务执行
[github.com/flipped-aurora/gin-vue-admin/forum-server]2023/02/04 - 16:22:07.727	[34minfo[0m	/Users/mac/gopath/src/gin-vue-admin/forum-server/initialize/gorm.go:68	register table success
[github.com/flipped-aurora/gin-vue-admin/forum-server]2023/02/04 - 16:22:07.733	[34minfo[0m	/Users/mac/gopath/src/gin-vue-admin/forum-server/initialize/redis.go:23	redis connect ping response:	{"pong": "PONG"}
[github.com/flipped-aurora/gin-vue-admin/forum-server]2023/02/04 - 16:22:07.734	[34minfo[0m	/Users/mac/gopath/src/gin-vue-admin/forum-server/initialize/router.go:39	register swagger handler
[github.com/flipped-aurora/gin-vue-admin/forum-server]2023/02/04 - 16:22:07.736	[34minfo[0m	/Users/mac/gopath/src/gin-vue-admin/forum-server/initialize/router.go:96	router register success
[github.com/flipped-aurora/gin-vue-admin/forum-server]2023/02/04 - 16:22:07.736	[34minfo[0m	/Users/mac/gopath/src/gin-vue-admin/forum-server/core/server.go:37	forum-server run success on 	{"address": ":8889"}
[github.com/flipped-aurora/gin-vue-admin/forum-server]2023/02/04 - 16:22:17.001	[34minfo[0m	/Users/mac/gopath/src/gin-vue-admin/forum-server/dao/redis/frm_vote.go:94	定时任务执行
[github.com/flipped-aurora/gin-vue-admin/forum-server]2023/02/04 - 16:22:27.000	[34minfo[0m	/Users/mac/gopath/src/gin-vue-admin/forum-server/dao/redis/frm_vote.go:94	定时任务执行
[github.com/flipped-aurora/gin-vue-admin/forum-server]2023/02/04 - 16:22:37.001	[34minfo[0m	/Users/mac/gopath/src/gin-vue-admin/forum-server/dao/redis/frm_vote.go:94	定时任务执行
[github.com/flipped-aurora/gin-vue-admin/forum-server]2023/02/04 - 16:22:47.001	[34minfo[0m	/Users/mac/gopath/src/gin-vue-admin/forum-server/dao/redis/frm_vote.go:94	定时任务执行
[github.com/flipped-aurora/gin-vue-admin/forum-server]2023/02/04 - 16:27:09.025	[34minfo[0m	/Users/mac/gopath/src/gin-vue-admin/forum-server/initialize/gorm.go:68	register table success
[github.com/flipped-aurora/gin-vue-admin/forum-server]2023/02/04 - 16:27:09.032	[34minfo[0m	/Users/mac/gopath/src/gin-vue-admin/forum-server/initialize/redis.go:23	redis connect ping response:	{"pong": "PONG"}
[github.com/flipped-aurora/gin-vue-admin/forum-server]2023/02/04 - 16:27:09.033	[34minfo[0m	/Users/mac/gopath/src/gin-vue-admin/forum-server/initialize/router.go:39	register swagger handler
[github.com/flipped-aurora/gin-vue-admin/forum-server]2023/02/04 - 16:27:09.035	[34minfo[0m	/Users/mac/gopath/src/gin-vue-admin/forum-server/initialize/router.go:96	router register success
[github.com/flipped-aurora/gin-vue-admin/forum-server]2023/02/04 - 16:27:09.035	[34minfo[0m	/Users/mac/gopath/src/gin-vue-admin/forum-server/core/server.go:37	forum-server run success on 	{"address": ":8889"}
[github.com/flipped-aurora/gin-vue-admin/forum-server]2023/02/04 - 16:27:18.001	[34minfo[0m	/Users/mac/gopath/src/gin-vue-admin/forum-server/dao/redis/frm_vote.go:94	定时任务执行
[github.com/flipped-aurora/gin-vue-admin/forum-server]2023/02/04 - 16:35:51.281	[34minfo[0m	/Users/mac/gopath/src/gin-vue-admin/forum-server/initialize/gorm.go:68	register table success
[github.com/flipped-aurora/gin-vue-admin/forum-server]2023/02/04 - 16:35:51.287	[34minfo[0m	/Users/mac/gopath/src/gin-vue-admin/forum-server/initialize/redis.go:23	redis connect ping response:	{"pong": "PONG"}
[github.com/flipped-aurora/gin-vue-admin/forum-server]2023/02/04 - 16:35:51.288	[34minfo[0m	/Users/mac/gopath/src/gin-vue-admin/forum-server/initialize/router.go:39	register swagger handler
[github.com/flipped-aurora/gin-vue-admin/forum-server]2023/02/04 - 16:35:51.290	[34minfo[0m	/Users/mac/gopath/src/gin-vue-admin/forum-server/initialize/router.go:96	router register success
[github.com/flipped-aurora/gin-vue-admin/forum-server]2023/02/04 - 16:35:51.290	[34minfo[0m	/Users/mac/gopath/src/gin-vue-admin/forum-server/core/server.go:37	forum-server run success on 	{"address": ":8889"}
[github.com/flipped-aurora/gin-vue-admin/forum-server]2023/02/04 - 16:36:00.001	[34minfo[0m	/Users/mac/gopath/src/gin-vue-admin/forum-server/dao/redis/frm_vote.go:94	定时任务执行
[github.com/flipped-aurora/gin-vue-admin/forum-server]2023/02/04 - 16:36:10.000	[34minfo[0m	/Users/mac/gopath/src/gin-vue-admin/forum-server/dao/redis/frm_vote.go:94	定时任务执行
[github.com/flipped-aurora/gin-vue-admin/forum-server]2023/02/04 - 16:36:20.000	[34minfo[0m	/Users/mac/gopath/src/gin-vue-admin/forum-server/dao/redis/frm_vote.go:94	定时任务执行
[github.com/flipped-aurora/gin-vue-admin/forum-server]2023/02/04 - 16:36:30.001	[34minfo[0m	/Users/mac/gopath/src/gin-vue-admin/forum-server/dao/redis/frm_vote.go:94	定时任务执行
[github.com/flipped-aurora/gin-vue-admin/forum-server]2023/02/04 - 16:36:40.001	[34minfo[0m	/Users/mac/gopath/src/gin-vue-admin/forum-server/dao/redis/frm_vote.go:94	定时任务执行
[github.com/flipped-aurora/gin-vue-admin/forum-server]2023/02/04 - 16:36:50.001	[34minfo[0m	/Users/mac/gopath/src/gin-vue-admin/forum-server/dao/redis/frm_vote.go:94	定时任务执行
[github.com/flipped-aurora/gin-vue-admin/forum-server]2023/02/04 - 16:37:00.001	[34minfo[0m	/Users/mac/gopath/src/gin-vue-admin/forum-server/dao/redis/frm_vote.go:94	定时任务执行
[github.com/flipped-aurora/gin-vue-admin/forum-server]2023/02/04 - 16:37:10.001	[34minfo[0m	/Users/mac/gopath/src/gin-vue-admin/forum-server/dao/redis/frm_vote.go:94	定时任务执行
[github.com/flipped-aurora/gin-vue-admin/forum-server]2023/02/04 - 16:37:20.000	[34minfo[0m	/Users/mac/gopath/src/gin-vue-admin/forum-server/dao/redis/frm_vote.go:94	定时任务执行
[github.com/flipped-aurora/gin-vue-admin/forum-server]2023/02/04 - 16:37:30.005	[34minfo[0m	/Users/mac/gopath/src/gin-vue-admin/forum-server/dao/redis/frm_vote.go:94	定时任务执行
[github.com/flipped-aurora/gin-vue-admin/forum-server]2023/02/04 - 16:37:40.000	[34minfo[0m	/Users/mac/gopath/src/gin-vue-admin/forum-server/dao/redis/frm_vote.go:94	定时任务执行
[github.com/flipped-aurora/gin-vue-admin/forum-server]2023/02/04 - 16:37:50.000	[34minfo[0m	/Users/mac/gopath/src/gin-vue-admin/forum-server/dao/redis/frm_vote.go:94	定时任务执行
[github.com/flipped-aurora/gin-vue-admin/forum-server]2023/02/04 - 16:38:00.001	[34minfo[0m	/Users/mac/gopath/src/gin-vue-admin/forum-server/dao/redis/frm_vote.go:94	定时任务执行
[github.com/flipped-aurora/gin-vue-admin/forum-server]2023/02/04 - 16:40:12.438	[34minfo[0m	/Users/mac/gopath/src/gin-vue-admin/forum-server/initialize/gorm.go:68	register table success
[github.com/flipped-aurora/gin-vue-admin/forum-server]2023/02/04 - 16:40:12.444	[34minfo[0m	/Users/mac/gopath/src/gin-vue-admin/forum-server/initialize/redis.go:23	redis connect ping response:	{"pong": "PONG"}
[github.com/flipped-aurora/gin-vue-admin/forum-server]2023/02/04 - 16:40:12.445	[34minfo[0m	/Users/mac/gopath/src/gin-vue-admin/forum-server/initialize/router.go:39	register swagger handler
[github.com/flipped-aurora/gin-vue-admin/forum-server]2023/02/04 - 16:40:12.447	[34minfo[0m	/Users/mac/gopath/src/gin-vue-admin/forum-server/initialize/router.go:96	router register success
[github.com/flipped-aurora/gin-vue-admin/forum-server]2023/02/04 - 16:40:12.447	[34minfo[0m	/Users/mac/gopath/src/gin-vue-admin/forum-server/core/server.go:37	forum-server run success on 	{"address": ":8889"}
[github.com/flipped-aurora/gin-vue-admin/forum-server]2023/02/04 - 16:40:22.000	[34minfo[0m	/Users/mac/gopath/src/gin-vue-admin/forum-server/dao/redis/frm_vote.go:94	定时任务执行
[github.com/flipped-aurora/gin-vue-admin/forum-server]2023/02/04 - 16:42:38.041	[34minfo[0m	/Users/mac/gopath/src/gin-vue-admin/forum-server/initialize/gorm.go:68	register table success
[github.com/flipped-aurora/gin-vue-admin/forum-server]2023/02/04 - 16:42:38.052	[34minfo[0m	/Users/mac/gopath/src/gin-vue-admin/forum-server/initialize/redis.go:23	redis connect ping response:	{"pong": "PONG"}
[github.com/flipped-aurora/gin-vue-admin/forum-server]2023/02/04 - 16:42:38.054	[34minfo[0m	/Users/mac/gopath/src/gin-vue-admin/forum-server/initialize/router.go:39	register swagger handler
[github.com/flipped-aurora/gin-vue-admin/forum-server]2023/02/04 - 16:42:38.056	[34minfo[0m	/Users/mac/gopath/src/gin-vue-admin/forum-server/initialize/router.go:96	router register success
[github.com/flipped-aurora/gin-vue-admin/forum-server]2023/02/04 - 16:42:38.057	[34minfo[0m	/Users/mac/gopath/src/gin-vue-admin/forum-server/core/server.go:37	forum-server run success on 	{"address": ":8889"}
[github.com/flipped-aurora/gin-vue-admin/forum-server]2023/02/04 - 16:42:47.000	[34minfo[0m	/Users/mac/gopath/src/gin-vue-admin/forum-server/dao/redis/frm_vote.go:94	定时任务执行
[github.com/flipped-aurora/gin-vue-admin/forum-server]2023/02/04 - 16:42:57.001	[34minfo[0m	/Users/mac/gopath/src/gin-vue-admin/forum-server/dao/redis/frm_vote.go:94	定时任务执行
[github.com/flipped-aurora/gin-vue-admin/forum-server]2023/02/04 - 16:43:07.000	[34minfo[0m	/Users/mac/gopath/src/gin-vue-admin/forum-server/dao/redis/frm_vote.go:94	定时任务执行
[github.com/flipped-aurora/gin-vue-admin/forum-server]2023/02/04 - 16:43:17.000	[34minfo[0m	/Users/mac/gopath/src/gin-vue-admin/forum-server/dao/redis/frm_vote.go:94	定时任务执行
[github.com/flipped-aurora/gin-vue-admin/forum-server]2023/02/04 - 16:43:27.001	[34minfo[0m	/Users/mac/gopath/src/gin-vue-admin/forum-server/dao/redis/frm_vote.go:94	定时任务执行
[github.com/flipped-aurora/gin-vue-admin/forum-server]2023/02/04 - 16:43:37.000	[34minfo[0m	/Users/mac/gopath/src/gin-vue-admin/forum-server/dao/redis/frm_vote.go:94	定时任务执行
[github.com/flipped-aurora/gin-vue-admin/forum-server]2023/02/04 - 16:43:47.001	[34minfo[0m	/Users/mac/gopath/src/gin-vue-admin/forum-server/dao/redis/frm_vote.go:94	定时任务执行
[github.com/flipped-aurora/gin-vue-admin/forum-server]2023/02/04 - 16:43:57.001	[34minfo[0m	/Users/mac/gopath/src/gin-vue-admin/forum-server/dao/redis/frm_vote.go:94	定时任务执行
[github.com/flipped-aurora/gin-vue-admin/forum-server]2023/02/04 - 16:44:07.003	[34minfo[0m	/Users/mac/gopath/src/gin-vue-admin/forum-server/dao/redis/frm_vote.go:94	定时任务执行
[github.com/flipped-aurora/gin-vue-admin/forum-server]2023/02/04 - 16:44:17.002	[34minfo[0m	/Users/mac/gopath/src/gin-vue-admin/forum-server/dao/redis/frm_vote.go:94	定时任务执行
[github.com/flipped-aurora/gin-vue-admin/forum-server]2023/02/04 - 16:44:27.001	[34minfo[0m	/Users/mac/gopath/src/gin-vue-admin/forum-server/dao/redis/frm_vote.go:94	定时任务执行
[github.com/flipped-aurora/gin-vue-admin/forum-server]2023/02/04 - 16:44:37.001	[34minfo[0m	/Users/mac/gopath/src/gin-vue-admin/forum-server/dao/redis/frm_vote.go:94	定时任务执行
[github.com/flipped-aurora/gin-vue-admin/forum-server]2023/02/04 - 16:44:47.001	[34minfo[0m	/Users/mac/gopath/src/gin-vue-admin/forum-server/dao/redis/frm_vote.go:94	定时任务执行
[github.com/flipped-aurora/gin-vue-admin/forum-server]2023/02/04 - 16:44:57.001	[34minfo[0m	/Users/mac/gopath/src/gin-vue-admin/forum-server/dao/redis/frm_vote.go:94	定时任务执行
[github.com/flipped-aurora/gin-vue-admin/forum-server]2023/02/04 - 16:45:07.001	[34minfo[0m	/Users/mac/gopath/src/gin-vue-admin/forum-server/dao/redis/frm_vote.go:94	定时任务执行
[github.com/flipped-aurora/gin-vue-admin/forum-server]2023/02/04 - 16:45:17.000	[34minfo[0m	/Users/mac/gopath/src/gin-vue-admin/forum-server/dao/redis/frm_vote.go:94	定时任务执行
[github.com/flipped-aurora/gin-vue-admin/forum-server]2023/02/04 - 16:45:27.001	[34minfo[0m	/Users/mac/gopath/src/gin-vue-admin/forum-server/dao/redis/frm_vote.go:94	定时任务执行
[github.com/flipped-aurora/gin-vue-admin/forum-server]2023/02/04 - 16:45:37.000	[34minfo[0m	/Users/mac/gopath/src/gin-vue-admin/forum-server/dao/redis/frm_vote.go:94	定时任务执行
[github.com/flipped-aurora/gin-vue-admin/forum-server]2023/02/04 - 16:45:47.000	[34minfo[0m	/Users/mac/gopath/src/gin-vue-admin/forum-server/dao/redis/frm_vote.go:94	定时任务执行
[github.com/flipped-aurora/gin-vue-admin/forum-server]2023/02/04 - 16:45:57.000	[34minfo[0m	/Users/mac/gopath/src/gin-vue-admin/forum-server/dao/redis/frm_vote.go:94	定时任务执行
[github.com/flipped-aurora/gin-vue-admin/forum-server]2023/02/04 - 16:46:07.001	[34minfo[0m	/Users/mac/gopath/src/gin-vue-admin/forum-server/dao/redis/frm_vote.go:94	定时任务执行
[github.com/flipped-aurora/gin-vue-admin/forum-server]2023/02/04 - 16:46:17.000	[34minfo[0m	/Users/mac/gopath/src/gin-vue-admin/forum-server/dao/redis/frm_vote.go:94	定时任务执行
[github.com/flipped-aurora/gin-vue-admin/forum-server]2023/02/04 - 16:46:27.000	[34minfo[0m	/Users/mac/gopath/src/gin-vue-admin/forum-server/dao/redis/frm_vote.go:94	定时任务执行
[github.com/flipped-aurora/gin-vue-admin/forum-server]2023/02/04 - 16:46:37.000	[34minfo[0m	/Users/mac/gopath/src/gin-vue-admin/forum-server/dao/redis/frm_vote.go:94	定时任务执行
[github.com/flipped-aurora/gin-vue-admin/forum-server]2023/02/04 - 16:46:47.000	[34minfo[0m	/Users/mac/gopath/src/gin-vue-admin/forum-server/dao/redis/frm_vote.go:94	定时任务执行
[github.com/flipped-aurora/gin-vue-admin/forum-server]2023/02/04 - 16:46:57.000	[34minfo[0m	/Users/mac/gopath/src/gin-vue-admin/forum-server/dao/redis/frm_vote.go:94	定时任务执行
[github.com/flipped-aurora/gin-vue-admin/forum-server]2023/02/04 - 16:47:07.001	[34minfo[0m	/Users/mac/gopath/src/gin-vue-admin/forum-server/dao/redis/frm_vote.go:94	定时任务执行
[github.com/flipped-aurora/gin-vue-admin/forum-server]2023/02/04 - 16:47:17.000	[34minfo[0m	/Users/mac/gopath/src/gin-vue-admin/forum-server/dao/redis/frm_vote.go:94	定时任务执行
[github.com/flipped-aurora/gin-vue-admin/forum-server]2023/02/04 - 16:47:27.000	[34minfo[0m	/Users/mac/gopath/src/gin-vue-admin/forum-server/dao/redis/frm_vote.go:94	定时任务执行
[github.com/flipped-aurora/gin-vue-admin/forum-server]2023/02/04 - 16:47:37.000	[34minfo[0m	/Users/mac/gopath/src/gin-vue-admin/forum-server/dao/redis/frm_vote.go:94	定时任务执行
[github.com/flipped-aurora/gin-vue-admin/forum-server]2023/02/04 - 16:47:47.000	[34minfo[0m	/Users/mac/gopath/src/gin-vue-admin/forum-server/dao/redis/frm_vote.go:94	定时任务执行
[github.com/flipped-aurora/gin-vue-admin/forum-server]2023/02/04 - 16:47:57.001	[34minfo[0m	/Users/mac/gopath/src/gin-vue-admin/forum-server/dao/redis/frm_vote.go:94	定时任务执行
[github.com/flipped-aurora/gin-vue-admin/forum-server]2023/02/04 - 16:48:07.000	[34minfo[0m	/Users/mac/gopath/src/gin-vue-admin/forum-server/dao/redis/frm_vote.go:94	定时任务执行
[github.com/flipped-aurora/gin-vue-admin/forum-server]2023/02/04 - 16:48:17.003	[34minfo[0m	/Users/mac/gopath/src/gin-vue-admin/forum-server/dao/redis/frm_vote.go:94	定时任务执行
[github.com/flipped-aurora/gin-vue-admin/forum-server]2023/02/04 - 16:48:27.000	[34minfo[0m	/Users/mac/gopath/src/gin-vue-admin/forum-server/dao/redis/frm_vote.go:94	定时任务执行
[github.com/flipped-aurora/gin-vue-admin/forum-server]2023/02/04 - 16:48:37.000	[34minfo[0m	/Users/mac/gopath/src/gin-vue-admin/forum-server/dao/redis/frm_vote.go:94	定时任务执行
[github.com/flipped-aurora/gin-vue-admin/forum-server]2023/02/04 - 16:48:47.001	[34minfo[0m	/Users/mac/gopath/src/gin-vue-admin/forum-server/dao/redis/frm_vote.go:94	定时任务执行
[github.com/flipped-aurora/gin-vue-admin/forum-server]2023/02/04 - 16:48:57.001	[34minfo[0m	/Users/mac/gopath/src/gin-vue-admin/forum-server/dao/redis/frm_vote.go:94	定时任务执行
[github.com/flipped-aurora/gin-vue-admin/forum-server]2023/02/04 - 16:49:07.000	[34minfo[0m	/Users/mac/gopath/src/gin-vue-admin/forum-server/dao/redis/frm_vote.go:94	定时任务执行
[github.com/flipped-aurora/gin-vue-admin/forum-server]2023/02/04 - 16:49:17.000	[34minfo[0m	/Users/mac/gopath/src/gin-vue-admin/forum-server/dao/redis/frm_vote.go:94	定时任务执行
[github.com/flipped-aurora/gin-vue-admin/forum-server]2023/02/04 - 16:49:27.000	[34minfo[0m	/Users/mac/gopath/src/gin-vue-admin/forum-server/dao/redis/frm_vote.go:94	定时任务执行
[github.com/flipped-aurora/gin-vue-admin/forum-server]2023/02/04 - 16:49:37.000	[34minfo[0m	/Users/mac/gopath/src/gin-vue-admin/forum-server/dao/redis/frm_vote.go:94	定时任务执行
[github.com/flipped-aurora/gin-vue-admin/forum-server]2023/02/04 - 16:49:47.001	[34minfo[0m	/Users/mac/gopath/src/gin-vue-admin/forum-server/dao/redis/frm_vote.go:94	定时任务执行
[github.com/flipped-aurora/gin-vue-admin/forum-server]2023/02/04 - 16:49:57.000	[34minfo[0m	/Users/mac/gopath/src/gin-vue-admin/forum-server/dao/redis/frm_vote.go:94	定时任务执行
[github.com/flipped-aurora/gin-vue-admin/forum-server]2023/02/04 - 16:50:07.002	[34minfo[0m	/Users/mac/gopath/src/gin-vue-admin/forum-server/dao/redis/frm_vote.go:94	定时任务执行
[github.com/flipped-aurora/gin-vue-admin/forum-server]2023/02/04 - 16:50:17.011	[34minfo[0m	/Users/mac/gopath/src/gin-vue-admin/forum-server/dao/redis/frm_vote.go:94	定时任务执行
[github.com/flipped-aurora/gin-vue-admin/forum-server]2023/02/04 - 16:50:27.000	[34minfo[0m	/Users/mac/gopath/src/gin-vue-admin/forum-server/dao/redis/frm_vote.go:94	定时任务执行
[github.com/flipped-aurora/gin-vue-admin/forum-server]2023/02/04 - 16:50:37.001	[34minfo[0m	/Users/mac/gopath/src/gin-vue-admin/forum-server/dao/redis/frm_vote.go:94	定时任务执行
[github.com/flipped-aurora/gin-vue-admin/forum-server]2023/02/04 - 16:50:47.002	[34minfo[0m	/Users/mac/gopath/src/gin-vue-admin/forum-server/dao/redis/frm_vote.go:94	定时任务执行
[github.com/flipped-aurora/gin-vue-admin/forum-server]2023/02/04 - 16:50:57.000	[34minfo[0m	/Users/mac/gopath/src/gin-vue-admin/forum-server/dao/redis/frm_vote.go:94	定时任务执行
[github.com/flipped-aurora/gin-vue-admin/forum-server]2023/02/04 - 16:51:07.001	[34minfo[0m	/Users/mac/gopath/src/gin-vue-admin/forum-server/dao/redis/frm_vote.go:94	定时任务执行
[github.com/flipped-aurora/gin-vue-admin/forum-server]2023/02/04 - 16:51:17.003	[34minfo[0m	/Users/mac/gopath/src/gin-vue-admin/forum-server/dao/redis/frm_vote.go:94	定时任务执行
[github.com/flipped-aurora/gin-vue-admin/forum-server]2023/02/04 - 16:51:27.003	[34minfo[0m	/Users/mac/gopath/src/gin-vue-admin/forum-server/dao/redis/frm_vote.go:94	定时任务执行
[github.com/flipped-aurora/gin-vue-admin/forum-server]2023/02/04 - 16:51:37.001	[34minfo[0m	/Users/mac/gopath/src/gin-vue-admin/forum-server/dao/redis/frm_vote.go:94	定时任务执行
[github.com/flipped-aurora/gin-vue-admin/forum-server]2023/02/04 - 16:51:47.001	[34minfo[0m	/Users/mac/gopath/src/gin-vue-admin/forum-server/dao/redis/frm_vote.go:94	定时任务执行
[github.com/flipped-aurora/gin-vue-admin/forum-server]2023/02/04 - 16:51:57.002	[34minfo[0m	/Users/mac/gopath/src/gin-vue-admin/forum-server/dao/redis/frm_vote.go:94	定时任务执行
[github.com/flipped-aurora/gin-vue-admin/forum-server]2023/02/04 - 16:52:07.001	[34minfo[0m	/Users/mac/gopath/src/gin-vue-admin/forum-server/dao/redis/frm_vote.go:94	定时任务执行
[github.com/flipped-aurora/gin-vue-admin/forum-server]2023/02/04 - 16:52:17.000	[34minfo[0m	/Users/mac/gopath/src/gin-vue-admin/forum-server/dao/redis/frm_vote.go:94	定时任务执行
[github.com/flipped-aurora/gin-vue-admin/forum-server]2023/02/04 - 16:52:27.000	[34minfo[0m	/Users/mac/gopath/src/gin-vue-admin/forum-server/dao/redis/frm_vote.go:94	定时任务执行
[github.com/flipped-aurora/gin-vue-admin/forum-server]2023/02/04 - 16:52:37.001	[34minfo[0m	/Users/mac/gopath/src/gin-vue-admin/forum-server/dao/redis/frm_vote.go:94	定时任务执行
[github.com/flipped-aurora/gin-vue-admin/forum-server]2023/02/04 - 16:52:47.001	[34minfo[0m	/Users/mac/gopath/src/gin-vue-admin/forum-server/dao/redis/frm_vote.go:94	定时任务执行
[github.com/flipped-aurora/gin-vue-admin/forum-server]2023/02/04 - 16:52:57.000	[34minfo[0m	/Users/mac/gopath/src/gin-vue-admin/forum-server/dao/redis/frm_vote.go:94	定时任务执行
[github.com/flipped-aurora/gin-vue-admin/forum-server]2023/02/04 - 16:53:07.000	[34minfo[0m	/Users/mac/gopath/src/gin-vue-admin/forum-server/dao/redis/frm_vote.go:94	定时任务执行
[github.com/flipped-aurora/gin-vue-admin/forum-server]2023/02/04 - 16:53:17.000	[34minfo[0m	/Users/mac/gopath/src/gin-vue-admin/forum-server/dao/redis/frm_vote.go:94	定时任务执行
[github.com/flipped-aurora/gin-vue-admin/forum-server]2023/02/04 - 16:53:27.002	[34minfo[0m	/Users/mac/gopath/src/gin-vue-admin/forum-server/dao/redis/frm_vote.go:94	定时任务执行
[github.com/flipped-aurora/gin-vue-admin/forum-server]2023/02/04 - 16:53:37.000	[34minfo[0m	/Users/mac/gopath/src/gin-vue-admin/forum-server/dao/redis/frm_vote.go:94	定时任务执行
[github.com/flipped-aurora/gin-vue-admin/forum-server]2023/02/04 - 16:53:47.000	[34minfo[0m	/Users/mac/gopath/src/gin-vue-admin/forum-server/dao/redis/frm_vote.go:94	定时任务执行
[github.com/flipped-aurora/gin-vue-admin/forum-server]2023/02/04 - 16:53:57.000	[34minfo[0m	/Users/mac/gopath/src/gin-vue-admin/forum-server/dao/redis/frm_vote.go:94	定时任务执行
[github.com/flipped-aurora/gin-vue-admin/forum-server]2023/02/04 - 16:54:07.000	[34minfo[0m	/Users/mac/gopath/src/gin-vue-admin/forum-server/dao/redis/frm_vote.go:94	定时任务执行
[github.com/flipped-aurora/gin-vue-admin/forum-server]2023/02/04 - 16:54:17.002	[34minfo[0m	/Users/mac/gopath/src/gin-vue-admin/forum-server/dao/redis/frm_vote.go:94	定时任务执行
[github.com/flipped-aurora/gin-vue-admin/forum-server]2023/02/04 - 16:54:27.002	[34minfo[0m	/Users/mac/gopath/src/gin-vue-admin/forum-server/dao/redis/frm_vote.go:94	定时任务执行
[github.com/flipped-aurora/gin-vue-admin/forum-server]2023/02/04 - 16:54:37.000	[34minfo[0m	/Users/mac/gopath/src/gin-vue-admin/forum-server/dao/redis/frm_vote.go:94	定时任务执行
[github.com/flipped-aurora/gin-vue-admin/forum-server]2023/02/04 - 16:54:47.001	[34minfo[0m	/Users/mac/gopath/src/gin-vue-admin/forum-server/dao/redis/frm_vote.go:94	定时任务执行
[github.com/flipped-aurora/gin-vue-admin/forum-server]2023/02/04 - 16:54:57.001	[34minfo[0m	/Users/mac/gopath/src/gin-vue-admin/forum-server/dao/redis/frm_vote.go:94	定时任务执行
[github.com/flipped-aurora/gin-vue-admin/forum-server]2023/02/04 - 16:55:07.000	[34minfo[0m	/Users/mac/gopath/src/gin-vue-admin/forum-server/dao/redis/frm_vote.go:94	定时任务执行
[github.com/flipped-aurora/gin-vue-admin/forum-server]2023/02/04 - 16:55:17.001	[34minfo[0m	/Users/mac/gopath/src/gin-vue-admin/forum-server/dao/redis/frm_vote.go:94	定时任务执行
[github.com/flipped-aurora/gin-vue-admin/forum-server]2023/02/04 - 16:55:27.002	[34minfo[0m	/Users/mac/gopath/src/gin-vue-admin/forum-server/dao/redis/frm_vote.go:94	定时任务执行
[github.com/flipped-aurora/gin-vue-admin/forum-server]2023/02/04 - 16:55:37.001	[34minfo[0m	/Users/mac/gopath/src/gin-vue-admin/forum-server/dao/redis/frm_vote.go:94	定时任务执行
[github.com/flipped-aurora/gin-vue-admin/forum-server]2023/02/04 - 16:55:47.002	[34minfo[0m	/Users/mac/gopath/src/gin-vue-admin/forum-server/dao/redis/frm_vote.go:94	定时任务执行
[github.com/flipped-aurora/gin-vue-admin/forum-server]2023/02/04 - 16:55:57.002	[34minfo[0m	/Users/mac/gopath/src/gin-vue-admin/forum-server/dao/redis/frm_vote.go:94	定时任务执行
[github.com/flipped-aurora/gin-vue-admin/forum-server]2023/02/04 - 16:56:07.001	[34minfo[0m	/Users/mac/gopath/src/gin-vue-admin/forum-server/dao/redis/frm_vote.go:94	定时任务执行
[github.com/flipped-aurora/gin-vue-admin/forum-server]2023/02/04 - 16:56:17.003	[34minfo[0m	/Users/mac/gopath/src/gin-vue-admin/forum-server/dao/redis/frm_vote.go:94	定时任务执行
[github.com/flipped-aurora/gin-vue-admin/forum-server]2023/02/04 - 16:56:27.001	[34minfo[0m	/Users/mac/gopath/src/gin-vue-admin/forum-server/dao/redis/frm_vote.go:94	定时任务执行
[github.com/flipped-aurora/gin-vue-admin/forum-server]2023/02/04 - 16:56:37.002	[34minfo[0m	/Users/mac/gopath/src/gin-vue-admin/forum-server/dao/redis/frm_vote.go:94	定时任务执行
[github.com/flipped-aurora/gin-vue-admin/forum-server]2023/02/04 - 16:56:47.001	[34minfo[0m	/Users/mac/gopath/src/gin-vue-admin/forum-server/dao/redis/frm_vote.go:94	定时任务执行
[github.com/flipped-aurora/gin-vue-admin/forum-server]2023/02/04 - 16:56:57.000	[34minfo[0m	/Users/mac/gopath/src/gin-vue-admin/forum-server/dao/redis/frm_vote.go:94	定时任务执行
[github.com/flipped-aurora/gin-vue-admin/forum-server]2023/02/04 - 16:57:07.001	[34minfo[0m	/Users/mac/gopath/src/gin-vue-admin/forum-server/dao/redis/frm_vote.go:94	定时任务执行
[github.com/flipped-aurora/gin-vue-admin/forum-server]2023/02/04 - 16:57:17.002	[34minfo[0m	/Users/mac/gopath/src/gin-vue-admin/forum-server/dao/redis/frm_vote.go:94	定时任务执行
[github.com/flipped-aurora/gin-vue-admin/forum-server]2023/02/04 - 16:57:27.000	[34minfo[0m	/Users/mac/gopath/src/gin-vue-admin/forum-server/dao/redis/frm_vote.go:94	定时任务执行
[github.com/flipped-aurora/gin-vue-admin/forum-server]2023/02/04 - 16:57:37.000	[34minfo[0m	/Users/mac/gopath/src/gin-vue-admin/forum-server/dao/redis/frm_vote.go:94	定时任务执行
[github.com/flipped-aurora/gin-vue-admin/forum-server]2023/02/04 - 16:57:47.002	[34minfo[0m	/Users/mac/gopath/src/gin-vue-admin/forum-server/dao/redis/frm_vote.go:94	定时任务执行
[github.com/flipped-aurora/gin-vue-admin/forum-server]2023/02/04 - 16:57:57.004	[34minfo[0m	/Users/mac/gopath/src/gin-vue-admin/forum-server/dao/redis/frm_vote.go:94	定时任务执行
[github.com/flipped-aurora/gin-vue-admin/forum-server]2023/02/04 - 16:58:07.001	[34minfo[0m	/Users/mac/gopath/src/gin-vue-admin/forum-server/dao/redis/frm_vote.go:94	定时任务执行
[github.com/flipped-aurora/gin-vue-admin/forum-server]2023/02/04 - 16:58:17.000	[34minfo[0m	/Users/mac/gopath/src/gin-vue-admin/forum-server/dao/redis/frm_vote.go:94	定时任务执行
[github.com/flipped-aurora/gin-vue-admin/forum-server]2023/02/04 - 16:58:27.000	[34minfo[0m	/Users/mac/gopath/src/gin-vue-admin/forum-server/dao/redis/frm_vote.go:94	定时任务执行
[github.com/flipped-aurora/gin-vue-admin/forum-server]2023/02/04 - 16:58:37.001	[34minfo[0m	/Users/mac/gopath/src/gin-vue-admin/forum-server/dao/redis/frm_vote.go:94	定时任务执行
[github.com/flipped-aurora/gin-vue-admin/forum-server]2023/02/04 - 16:58:47.000	[34minfo[0m	/Users/mac/gopath/src/gin-vue-admin/forum-server/dao/redis/frm_vote.go:94	定时任务执行
[github.com/flipped-aurora/gin-vue-admin/forum-server]2023/02/04 - 16:58:57.000	[34minfo[0m	/Users/mac/gopath/src/gin-vue-admin/forum-server/dao/redis/frm_vote.go:94	定时任务执行
[github.com/flipped-aurora/gin-vue-admin/forum-server]2023/02/04 - 16:59:07.002	[34minfo[0m	/Users/mac/gopath/src/gin-vue-admin/forum-server/dao/redis/frm_vote.go:94	定时任务执行
[github.com/flipped-aurora/gin-vue-admin/forum-server]2023/02/04 - 16:59:17.002	[34minfo[0m	/Users/mac/gopath/src/gin-vue-admin/forum-server/dao/redis/frm_vote.go:94	定时任务执行
[github.com/flipped-aurora/gin-vue-admin/forum-server]2023/02/04 - 16:59:27.001	[34minfo[0m	/Users/mac/gopath/src/gin-vue-admin/forum-server/dao/redis/frm_vote.go:94	定时任务执行
[github.com/flipped-aurora/gin-vue-admin/forum-server]2023/02/04 - 16:59:37.002	[34minfo[0m	/Users/mac/gopath/src/gin-vue-admin/forum-server/dao/redis/frm_vote.go:94	定时任务执行
[github.com/flipped-aurora/gin-vue-admin/forum-server]2023/02/04 - 16:59:47.002	[34minfo[0m	/Users/mac/gopath/src/gin-vue-admin/forum-server/dao/redis/frm_vote.go:94	定时任务执行
[github.com/flipped-aurora/gin-vue-admin/forum-server]2023/02/04 - 16:59:57.002	[34minfo[0m	/Users/mac/gopath/src/gin-vue-admin/forum-server/dao/redis/frm_vote.go:94	定时任务执行
[github.com/flipped-aurora/gin-vue-admin/forum-server]2023/02/04 - 17:00:07.002	[34minfo[0m	/Users/mac/gopath/src/gin-vue-admin/forum-server/dao/redis/frm_vote.go:94	定时任务执行
[github.com/flipped-aurora/gin-vue-admin/forum-server]2023/02/04 - 17:00:17.001	[34minfo[0m	/Users/mac/gopath/src/gin-vue-admin/forum-server/dao/redis/frm_vote.go:94	定时任务执行
[github.com/flipped-aurora/gin-vue-admin/forum-server]2023/02/04 - 17:00:27.001	[34minfo[0m	/Users/mac/gopath/src/gin-vue-admin/forum-server/dao/redis/frm_vote.go:94	定时任务执行
[github.com/flipped-aurora/gin-vue-admin/forum-server]2023/02/04 - 17:00:37.000	[34minfo[0m	/Users/mac/gopath/src/gin-vue-admin/forum-server/dao/redis/frm_vote.go:94	定时任务执行
[github.com/flipped-aurora/gin-vue-admin/forum-server]2023/02/04 - 17:00:47.002	[34minfo[0m	/Users/mac/gopath/src/gin-vue-admin/forum-server/dao/redis/frm_vote.go:94	定时任务执行
[github.com/flipped-aurora/gin-vue-admin/forum-server]2023/02/04 - 17:00:57.002	[34minfo[0m	/Users/mac/gopath/src/gin-vue-admin/forum-server/dao/redis/frm_vote.go:94	定时任务执行
[github.com/flipped-aurora/gin-vue-admin/forum-server]2023/02/04 - 17:01:07.002	[34minfo[0m	/Users/mac/gopath/src/gin-vue-admin/forum-server/dao/redis/frm_vote.go:94	定时任务执行
[github.com/flipped-aurora/gin-vue-admin/forum-server]2023/02/04 - 17:01:17.001	[34minfo[0m	/Users/mac/gopath/src/gin-vue-admin/forum-server/dao/redis/frm_vote.go:94	定时任务执行
[github.com/flipped-aurora/gin-vue-admin/forum-server]2023/02/04 - 17:01:27.002	[34minfo[0m	/Users/mac/gopath/src/gin-vue-admin/forum-server/dao/redis/frm_vote.go:94	定时任务执行
[github.com/flipped-aurora/gin-vue-admin/forum-server]2023/02/04 - 17:01:37.002	[34minfo[0m	/Users/mac/gopath/src/gin-vue-admin/forum-server/dao/redis/frm_vote.go:94	定时任务执行
[github.com/flipped-aurora/gin-vue-admin/forum-server]2023/02/04 - 17:01:47.002	[34minfo[0m	/Users/mac/gopath/src/gin-vue-admin/forum-server/dao/redis/frm_vote.go:94	定时任务执行
[github.com/flipped-aurora/gin-vue-admin/forum-server]2023/02/04 - 17:01:57.002	[34minfo[0m	/Users/mac/gopath/src/gin-vue-admin/forum-server/dao/redis/frm_vote.go:94	定时任务执行
[github.com/flipped-aurora/gin-vue-admin/forum-server]2023/02/04 - 17:02:07.000	[34minfo[0m	/Users/mac/gopath/src/gin-vue-admin/forum-server/dao/redis/frm_vote.go:94	定时任务执行
[github.com/flipped-aurora/gin-vue-admin/forum-server]2023/02/04 - 17:02:17.000	[34minfo[0m	/Users/mac/gopath/src/gin-vue-admin/forum-server/dao/redis/frm_vote.go:94	定时任务执行
[github.com/flipped-aurora/gin-vue-admin/forum-server]2023/02/04 - 17:02:27.002	[34minfo[0m	/Users/mac/gopath/src/gin-vue-admin/forum-server/dao/redis/frm_vote.go:94	定时任务执行
[github.com/flipped-aurora/gin-vue-admin/forum-server]2023/02/04 - 17:02:37.000	[34minfo[0m	/Users/mac/gopath/src/gin-vue-admin/forum-server/dao/redis/frm_vote.go:94	定时任务执行
[github.com/flipped-aurora/gin-vue-admin/forum-server]2023/02/04 - 17:02:47.000	[34minfo[0m	/Users/mac/gopath/src/gin-vue-admin/forum-server/dao/redis/frm_vote.go:94	定时任务执行
[github.com/flipped-aurora/gin-vue-admin/forum-server]2023/02/04 - 17:02:57.000	[34minfo[0m	/Users/mac/gopath/src/gin-vue-admin/forum-server/dao/redis/frm_vote.go:94	定时任务执行
[github.com/flipped-aurora/gin-vue-admin/forum-server]2023/02/04 - 17:03:07.000	[34minfo[0m	/Users/mac/gopath/src/gin-vue-admin/forum-server/dao/redis/frm_vote.go:94	定时任务执行
[github.com/flipped-aurora/gin-vue-admin/forum-server]2023/02/04 - 17:03:17.002	[34minfo[0m	/Users/mac/gopath/src/gin-vue-admin/forum-server/dao/redis/frm_vote.go:94	定时任务执行
[github.com/flipped-aurora/gin-vue-admin/forum-server]2023/02/04 - 17:03:27.000	[34minfo[0m	/Users/mac/gopath/src/gin-vue-admin/forum-server/dao/redis/frm_vote.go:94	定时任务执行
[github.com/flipped-aurora/gin-vue-admin/forum-server]2023/02/04 - 17:03:37.000	[34minfo[0m	/Users/mac/gopath/src/gin-vue-admin/forum-server/dao/redis/frm_vote.go:94	定时任务执行
[github.com/flipped-aurora/gin-vue-admin/forum-server]2023/02/04 - 17:03:47.001	[34minfo[0m	/Users/mac/gopath/src/gin-vue-admin/forum-server/dao/redis/frm_vote.go:94	定时任务执行
[github.com/flipped-aurora/gin-vue-admin/forum-server]2023/02/04 - 17:03:57.000	[34minfo[0m	/Users/mac/gopath/src/gin-vue-admin/forum-server/dao/redis/frm_vote.go:94	定时任务执行
[github.com/flipped-aurora/gin-vue-admin/forum-server]2023/02/04 - 17:04:07.000	[34minfo[0m	/Users/mac/gopath/src/gin-vue-admin/forum-server/dao/redis/frm_vote.go:94	定时任务执行
[github.com/flipped-aurora/gin-vue-admin/forum-server]2023/02/04 - 17:04:17.001	[34minfo[0m	/Users/mac/gopath/src/gin-vue-admin/forum-server/dao/redis/frm_vote.go:94	定时任务执行
[github.com/flipped-aurora/gin-vue-admin/forum-server]2023/02/04 - 17:04:27.001	[34minfo[0m	/Users/mac/gopath/src/gin-vue-admin/forum-server/dao/redis/frm_vote.go:94	定时任务执行
[github.com/flipped-aurora/gin-vue-admin/forum-server]2023/02/04 - 17:04:37.001	[34minfo[0m	/Users/mac/gopath/src/gin-vue-admin/forum-server/dao/redis/frm_vote.go:94	定时任务执行
[github.com/flipped-aurora/gin-vue-admin/forum-server]2023/02/04 - 17:04:47.001	[34minfo[0m	/Users/mac/gopath/src/gin-vue-admin/forum-server/dao/redis/frm_vote.go:94	定时任务执行
[github.com/flipped-aurora/gin-vue-admin/forum-server]2023/02/04 - 17:04:57.001	[34minfo[0m	/Users/mac/gopath/src/gin-vue-admin/forum-server/dao/redis/frm_vote.go:94	定时任务执行
[github.com/flipped-aurora/gin-vue-admin/forum-server]2023/02/04 - 17:05:07.001	[34minfo[0m	/Users/mac/gopath/src/gin-vue-admin/forum-server/dao/redis/frm_vote.go:94	定时任务执行
[github.com/flipped-aurora/gin-vue-admin/forum-server]2023/02/04 - 17:05:17.001	[34minfo[0m	/Users/mac/gopath/src/gin-vue-admin/forum-server/dao/redis/frm_vote.go:94	定时任务执行
[github.com/flipped-aurora/gin-vue-admin/forum-server]2023/02/04 - 17:05:27.001	[34minfo[0m	/Users/mac/gopath/src/gin-vue-admin/forum-server/dao/redis/frm_vote.go:94	定时任务执行
[github.com/flipped-aurora/gin-vue-admin/forum-server]2023/02/04 - 17:05:37.001	[34minfo[0m	/Users/mac/gopath/src/gin-vue-admin/forum-server/dao/redis/frm_vote.go:94	定时任务执行
[github.com/flipped-aurora/gin-vue-admin/forum-server]2023/02/04 - 17:05:47.001	[34minfo[0m	/Users/mac/gopath/src/gin-vue-admin/forum-server/dao/redis/frm_vote.go:94	定时任务执行
[github.com/flipped-aurora/gin-vue-admin/forum-server]2023/02/04 - 17:05:57.001	[34minfo[0m	/Users/mac/gopath/src/gin-vue-admin/forum-server/dao/redis/frm_vote.go:94	定时任务执行
[github.com/flipped-aurora/gin-vue-admin/forum-server]2023/02/04 - 17:06:07.002	[34minfo[0m	/Users/mac/gopath/src/gin-vue-admin/forum-server/dao/redis/frm_vote.go:94	定时任务执行
[github.com/flipped-aurora/gin-vue-admin/forum-server]2023/02/04 - 17:06:17.001	[34minfo[0m	/Users/mac/gopath/src/gin-vue-admin/forum-server/dao/redis/frm_vote.go:94	定时任务执行
[github.com/flipped-aurora/gin-vue-admin/forum-server]2023/02/04 - 17:06:27.002	[34minfo[0m	/Users/mac/gopath/src/gin-vue-admin/forum-server/dao/redis/frm_vote.go:94	定时任务执行
[github.com/flipped-aurora/gin-vue-admin/forum-server]2023/02/04 - 17:06:37.002	[34minfo[0m	/Users/mac/gopath/src/gin-vue-admin/forum-server/dao/redis/frm_vote.go:94	定时任务执行
[github.com/flipped-aurora/gin-vue-admin/forum-server]2023/02/04 - 17:06:47.006	[34minfo[0m	/Users/mac/gopath/src/gin-vue-admin/forum-server/dao/redis/frm_vote.go:94	定时任务执行
[github.com/flipped-aurora/gin-vue-admin/forum-server]2023/02/04 - 17:06:57.005	[34minfo[0m	/Users/mac/gopath/src/gin-vue-admin/forum-server/dao/redis/frm_vote.go:94	定时任务执行
[github.com/flipped-aurora/gin-vue-admin/forum-server]2023/02/04 - 17:07:07.002	[34minfo[0m	/Users/mac/gopath/src/gin-vue-admin/forum-server/dao/redis/frm_vote.go:94	定时任务执行
[github.com/flipped-aurora/gin-vue-admin/forum-server]2023/02/04 - 17:07:17.002	[34minfo[0m	/Users/mac/gopath/src/gin-vue-admin/forum-server/dao/redis/frm_vote.go:94	定时任务执行
[github.com/flipped-aurora/gin-vue-admin/forum-server]2023/02/04 - 17:07:27.002	[34minfo[0m	/Users/mac/gopath/src/gin-vue-admin/forum-server/dao/redis/frm_vote.go:94	定时任务执行
[github.com/flipped-aurora/gin-vue-admin/forum-server]2023/02/04 - 17:07:37.002	[34minfo[0m	/Users/mac/gopath/src/gin-vue-admin/forum-server/dao/redis/frm_vote.go:94	定时任务执行
[github.com/flipped-aurora/gin-vue-admin/forum-server]2023/02/04 - 17:07:47.002	[34minfo[0m	/Users/mac/gopath/src/gin-vue-admin/forum-server/dao/redis/frm_vote.go:94	定时任务执行
[github.com/flipped-aurora/gin-vue-admin/forum-server]2023/02/04 - 17:07:57.002	[34minfo[0m	/Users/mac/gopath/src/gin-vue-admin/forum-server/dao/redis/frm_vote.go:94	定时任务执行
[github.com/flipped-aurora/gin-vue-admin/forum-server]2023/02/04 - 17:08:07.000	[34minfo[0m	/Users/mac/gopath/src/gin-vue-admin/forum-server/dao/redis/frm_vote.go:94	定时任务执行
[github.com/flipped-aurora/gin-vue-admin/forum-server]2023/02/04 - 17:08:17.000	[34minfo[0m	/Users/mac/gopath/src/gin-vue-admin/forum-server/dao/redis/frm_vote.go:94	定时任务执行
[github.com/flipped-aurora/gin-vue-admin/forum-server]2023/02/04 - 17:08:27.000	[34minfo[0m	/Users/mac/gopath/src/gin-vue-admin/forum-server/dao/redis/frm_vote.go:94	定时任务执行
[github.com/flipped-aurora/gin-vue-admin/forum-server]2023/02/04 - 17:08:37.002	[34minfo[0m	/Users/mac/gopath/src/gin-vue-admin/forum-server/dao/redis/frm_vote.go:94	定时任务执行
[github.com/flipped-aurora/gin-vue-admin/forum-server]2023/02/04 - 17:08:47.001	[34minfo[0m	/Users/mac/gopath/src/gin-vue-admin/forum-server/dao/redis/frm_vote.go:94	定时任务执行
[github.com/flipped-aurora/gin-vue-admin/forum-server]2023/02/04 - 17:08:57.001	[34minfo[0m	/Users/mac/gopath/src/gin-vue-admin/forum-server/dao/redis/frm_vote.go:94	定时任务执行
[github.com/flipped-aurora/gin-vue-admin/forum-server]2023/02/04 - 17:09:07.001	[34minfo[0m	/Users/mac/gopath/src/gin-vue-admin/forum-server/dao/redis/frm_vote.go:94	定时任务执行
[github.com/flipped-aurora/gin-vue-admin/forum-server]2023/02/04 - 17:09:17.001	[34minfo[0m	/Users/mac/gopath/src/gin-vue-admin/forum-server/dao/redis/frm_vote.go:94	定时任务执行
[github.com/flipped-aurora/gin-vue-admin/forum-server]2023/02/04 - 17:09:27.001	[34minfo[0m	/Users/mac/gopath/src/gin-vue-admin/forum-server/dao/redis/frm_vote.go:94	定时任务执行
[github.com/flipped-aurora/gin-vue-admin/forum-server]2023/02/04 - 17:09:37.001	[34minfo[0m	/Users/mac/gopath/src/gin-vue-admin/forum-server/dao/redis/frm_vote.go:94	定时任务执行
[github.com/flipped-aurora/gin-vue-admin/forum-server]2023/02/04 - 17:09:47.001	[34minfo[0m	/Users/mac/gopath/src/gin-vue-admin/forum-server/dao/redis/frm_vote.go:94	定时任务执行
[github.com/flipped-aurora/gin-vue-admin/forum-server]2023/02/04 - 17:09:57.001	[34minfo[0m	/Users/mac/gopath/src/gin-vue-admin/forum-server/dao/redis/frm_vote.go:94	定时任务执行
[github.com/flipped-aurora/gin-vue-admin/forum-server]2023/02/04 - 17:10:07.001	[34minfo[0m	/Users/mac/gopath/src/gin-vue-admin/forum-server/dao/redis/frm_vote.go:94	定时任务执行
[github.com/flipped-aurora/gin-vue-admin/forum-server]2023/02/04 - 17:10:17.001	[34minfo[0m	/Users/mac/gopath/src/gin-vue-admin/forum-server/dao/redis/frm_vote.go:94	定时任务执行
[github.com/flipped-aurora/gin-vue-admin/forum-server]2023/02/04 - 17:10:27.002	[34minfo[0m	/Users/mac/gopath/src/gin-vue-admin/forum-server/dao/redis/frm_vote.go:94	定时任务执行
[github.com/flipped-aurora/gin-vue-admin/forum-server]2023/02/04 - 17:10:37.002	[34minfo[0m	/Users/mac/gopath/src/gin-vue-admin/forum-server/dao/redis/frm_vote.go:94	定时任务执行
[github.com/flipped-aurora/gin-vue-admin/forum-server]2023/02/04 - 17:10:47.002	[34minfo[0m	/Users/mac/gopath/src/gin-vue-admin/forum-server/dao/redis/frm_vote.go:94	定时任务执行
[github.com/flipped-aurora/gin-vue-admin/forum-server]2023/02/04 - 17:10:57.002	[34minfo[0m	/Users/mac/gopath/src/gin-vue-admin/forum-server/dao/redis/frm_vote.go:94	定时任务执行
[github.com/flipped-aurora/gin-vue-admin/forum-server]2023/02/04 - 17:11:07.002	[34minfo[0m	/Users/mac/gopath/src/gin-vue-admin/forum-server/dao/redis/frm_vote.go:94	定时任务执行
[github.com/flipped-aurora/gin-vue-admin/forum-server]2023/02/04 - 17:11:17.000	[34minfo[0m	/Users/mac/gopath/src/gin-vue-admin/forum-server/dao/redis/frm_vote.go:94	定时任务执行
[github.com/flipped-aurora/gin-vue-admin/forum-server]2023/02/04 - 17:11:27.002	[34minfo[0m	/Users/mac/gopath/src/gin-vue-admin/forum-server/dao/redis/frm_vote.go:94	定时任务执行
[github.com/flipped-aurora/gin-vue-admin/forum-server]2023/02/04 - 17:11:37.002	[34minfo[0m	/Users/mac/gopath/src/gin-vue-admin/forum-server/dao/redis/frm_vote.go:94	定时任务执行
[github.com/flipped-aurora/gin-vue-admin/forum-server]2023/02/04 - 17:11:47.002	[34minfo[0m	/Users/mac/gopath/src/gin-vue-admin/forum-server/dao/redis/frm_vote.go:94	定时任务执行
[github.com/flipped-aurora/gin-vue-admin/forum-server]2023/02/04 - 17:11:57.001	[34minfo[0m	/Users/mac/gopath/src/gin-vue-admin/forum-server/dao/redis/frm_vote.go:94	定时任务执行
[github.com/flipped-aurora/gin-vue-admin/forum-server]2023/02/04 - 17:12:07.002	[34minfo[0m	/Users/mac/gopath/src/gin-vue-admin/forum-server/dao/redis/frm_vote.go:94	定时任务执行
[github.com/flipped-aurora/gin-vue-admin/forum-server]2023/02/04 - 17:12:17.002	[34minfo[0m	/Users/mac/gopath/src/gin-vue-admin/forum-server/dao/redis/frm_vote.go:94	定时任务执行
[github.com/flipped-aurora/gin-vue-admin/forum-server]2023/02/04 - 17:12:27.013	[34minfo[0m	/Users/mac/gopath/src/gin-vue-admin/forum-server/dao/redis/frm_vote.go:94	定时任务执行
[github.com/flipped-aurora/gin-vue-admin/forum-server]2023/02/04 - 17:12:37.009	[34minfo[0m	/Users/mac/gopath/src/gin-vue-admin/forum-server/dao/redis/frm_vote.go:94	定时任务执行
[github.com/flipped-aurora/gin-vue-admin/forum-server]2023/02/04 - 19:19:14.837	[34minfo[0m	/Users/mac/gopath/src/gin-vue-admin/forum-server/initialize/gorm.go:68	register table success
[github.com/flipped-aurora/gin-vue-admin/forum-server]2023/02/04 - 19:19:14.850	[34minfo[0m	/Users/mac/gopath/src/gin-vue-admin/forum-server/initialize/redis.go:23	redis connect ping response:	{"pong": "PONG"}
[github.com/flipped-aurora/gin-vue-admin/forum-server]2023/02/04 - 19:19:14.851	[34minfo[0m	/Users/mac/gopath/src/gin-vue-admin/forum-server/initialize/router.go:39	register swagger handler
[github.com/flipped-aurora/gin-vue-admin/forum-server]2023/02/04 - 19:19:14.855	[34minfo[0m	/Users/mac/gopath/src/gin-vue-admin/forum-server/initialize/router.go:96	router register success
[github.com/flipped-aurora/gin-vue-admin/forum-server]2023/02/04 - 19:19:14.856	[34minfo[0m	/Users/mac/gopath/src/gin-vue-admin/forum-server/core/server.go:37	forum-server run success on 	{"address": ":8889"}
[github.com/flipped-aurora/gin-vue-admin/forum-server]2023/02/04 - 19:28:18.545	[34minfo[0m	/Users/mac/gopath/src/gin-vue-admin/forum-server/initialize/gorm.go:68	register table success
[github.com/flipped-aurora/gin-vue-admin/forum-server]2023/02/04 - 19:28:18.553	[34minfo[0m	/Users/mac/gopath/src/gin-vue-admin/forum-server/initialize/redis.go:23	redis connect ping response:	{"pong": "PONG"}
[github.com/flipped-aurora/gin-vue-admin/forum-server]2023/02/04 - 19:28:18.554	[34minfo[0m	/Users/mac/gopath/src/gin-vue-admin/forum-server/initialize/router.go:39	register swagger handler
[github.com/flipped-aurora/gin-vue-admin/forum-server]2023/02/04 - 19:28:18.557	[34minfo[0m	/Users/mac/gopath/src/gin-vue-admin/forum-server/initialize/router.go:96	router register success
[github.com/flipped-aurora/gin-vue-admin/forum-server]2023/02/04 - 19:28:18.557	[34minfo[0m	/Users/mac/gopath/src/gin-vue-admin/forum-server/core/server.go:37	forum-server run success on 	{"address": ":8889"}
[github.com/flipped-aurora/gin-vue-admin/forum-server]2023/02/04 - 19:36:28.573	[34minfo[0m	/Users/mac/gopath/src/gin-vue-admin/forum-server/initialize/gorm.go:68	register table success
[github.com/flipped-aurora/gin-vue-admin/forum-server]2023/02/04 - 19:36:28.580	[34minfo[0m	/Users/mac/gopath/src/gin-vue-admin/forum-server/initialize/redis.go:23	redis connect ping response:	{"pong": "PONG"}
[github.com/flipped-aurora/gin-vue-admin/forum-server]2023/02/04 - 19:36:28.583	[34minfo[0m	/Users/mac/gopath/src/gin-vue-admin/forum-server/initialize/router.go:39	register swagger handler
[github.com/flipped-aurora/gin-vue-admin/forum-server]2023/02/04 - 19:36:28.589	[34minfo[0m	/Users/mac/gopath/src/gin-vue-admin/forum-server/initialize/router.go:96	router register success
[github.com/flipped-aurora/gin-vue-admin/forum-server]2023/02/04 - 19:36:28.589	[34minfo[0m	/Users/mac/gopath/src/gin-vue-admin/forum-server/core/server.go:37	forum-server run success on 	{"address": ":8889"}
[github.com/flipped-aurora/gin-vue-admin/forum-server]2023/02/04 - 19:39:40.133	[34minfo[0m	/Users/mac/gopath/src/gin-vue-admin/forum-server/initialize/gorm.go:68	register table success
[github.com/flipped-aurora/gin-vue-admin/forum-server]2023/02/04 - 19:39:40.151	[34minfo[0m	/Users/mac/gopath/src/gin-vue-admin/forum-server/initialize/redis.go:23	redis connect ping response:	{"pong": "PONG"}
[github.com/flipped-aurora/gin-vue-admin/forum-server]2023/02/04 - 19:39:40.152	[34minfo[0m	/Users/mac/gopath/src/gin-vue-admin/forum-server/initialize/router.go:39	register swagger handler
[github.com/flipped-aurora/gin-vue-admin/forum-server]2023/02/04 - 19:39:40.156	[34minfo[0m	/Users/mac/gopath/src/gin-vue-admin/forum-server/initialize/router.go:96	router register success
[github.com/flipped-aurora/gin-vue-admin/forum-server]2023/02/04 - 19:39:40.157	[34minfo[0m	/Users/mac/gopath/src/gin-vue-admin/forum-server/core/server.go:37	forum-server run success on 	{"address": ":8889"}
[github.com/flipped-aurora/gin-vue-admin/forum-server]2023/02/04 - 19:42:45.209	[34minfo[0m	/Users/mac/gopath/src/gin-vue-admin/forum-server/initialize/gorm.go:68	register table success
[github.com/flipped-aurora/gin-vue-admin/forum-server]2023/02/04 - 19:42:45.218	[34minfo[0m	/Users/mac/gopath/src/gin-vue-admin/forum-server/initialize/redis.go:23	redis connect ping response:	{"pong": "PONG"}
[github.com/flipped-aurora/gin-vue-admin/forum-server]2023/02/04 - 19:42:45.219	[34minfo[0m	/Users/mac/gopath/src/gin-vue-admin/forum-server/initialize/router.go:39	register swagger handler
[github.com/flipped-aurora/gin-vue-admin/forum-server]2023/02/04 - 19:42:45.221	[34minfo[0m	/Users/mac/gopath/src/gin-vue-admin/forum-server/initialize/router.go:96	router register success
[github.com/flipped-aurora/gin-vue-admin/forum-server]2023/02/04 - 19:42:45.222	[34minfo[0m	/Users/mac/gopath/src/gin-vue-admin/forum-server/core/server.go:37	forum-server run success on 	{"address": ":8889"}
[github.com/flipped-aurora/gin-vue-admin/forum-server]2023/02/04 - 19:46:16.448	[34minfo[0m	/Users/mac/gopath/src/gin-vue-admin/forum-server/initialize/gorm.go:68	register table success
[github.com/flipped-aurora/gin-vue-admin/forum-server]2023/02/04 - 19:46:16.452	[34minfo[0m	/Users/mac/gopath/src/gin-vue-admin/forum-server/initialize/redis.go:23	redis connect ping response:	{"pong": "PONG"}
[github.com/flipped-aurora/gin-vue-admin/forum-server]2023/02/04 - 19:46:16.453	[34minfo[0m	/Users/mac/gopath/src/gin-vue-admin/forum-server/initialize/router.go:39	register swagger handler
[github.com/flipped-aurora/gin-vue-admin/forum-server]2023/02/04 - 19:46:16.456	[34minfo[0m	/Users/mac/gopath/src/gin-vue-admin/forum-server/initialize/router.go:96	router register success
[github.com/flipped-aurora/gin-vue-admin/forum-server]2023/02/04 - 19:46:16.457	[34minfo[0m	/Users/mac/gopath/src/gin-vue-admin/forum-server/core/server.go:37	forum-server run success on 	{"address": ":8889"}
[github.com/flipped-aurora/gin-vue-admin/forum-server]2023/02/04 - 19:58:31.138	[34minfo[0m	/Users/mac/gopath/src/gin-vue-admin/forum-server/initialize/gorm.go:68	register table success
[github.com/flipped-aurora/gin-vue-admin/forum-server]2023/02/04 - 19:58:31.143	[34minfo[0m	/Users/mac/gopath/src/gin-vue-admin/forum-server/initialize/redis.go:23	redis connect ping response:	{"pong": "PONG"}
[github.com/flipped-aurora/gin-vue-admin/forum-server]2023/02/04 - 19:58:31.144	[34minfo[0m	/Users/mac/gopath/src/gin-vue-admin/forum-server/initialize/router.go:39	register swagger handler
[github.com/flipped-aurora/gin-vue-admin/forum-server]2023/02/04 - 19:58:31.146	[34minfo[0m	/Users/mac/gopath/src/gin-vue-admin/forum-server/initialize/router.go:96	router register success
[github.com/flipped-aurora/gin-vue-admin/forum-server]2023/02/04 - 19:58:31.146	[34minfo[0m	/Users/mac/gopath/src/gin-vue-admin/forum-server/core/server.go:37	forum-server run success on 	{"address": ":8889"}
[github.com/flipped-aurora/gin-vue-admin/forum-server]2023/02/04 - 20:07:53.486	[34minfo[0m	/Users/mac/gopath/src/gin-vue-admin/forum-server/initialize/gorm.go:68	register table success
[github.com/flipped-aurora/gin-vue-admin/forum-server]2023/02/04 - 20:07:53.504	[34minfo[0m	/Users/mac/gopath/src/gin-vue-admin/forum-server/initialize/redis.go:23	redis connect ping response:	{"pong": "PONG"}
[github.com/flipped-aurora/gin-vue-admin/forum-server]2023/02/04 - 20:07:53.504	[34minfo[0m	/Users/mac/gopath/src/gin-vue-admin/forum-server/initialize/router.go:39	register swagger handler
[github.com/flipped-aurora/gin-vue-admin/forum-server]2023/02/04 - 20:07:53.507	[34minfo[0m	/Users/mac/gopath/src/gin-vue-admin/forum-server/initialize/router.go:96	router register success
[github.com/flipped-aurora/gin-vue-admin/forum-server]2023/02/04 - 20:07:53.507	[34minfo[0m	/Users/mac/gopath/src/gin-vue-admin/forum-server/core/server.go:37	forum-server run success on 	{"address": ":8889"}
[github.com/flipped-aurora/gin-vue-admin/forum-server]2023/02/04 - 20:09:43.039	[34minfo[0m	/Users/mac/gopath/src/gin-vue-admin/forum-server/initialize/gorm.go:68	register table success
[github.com/flipped-aurora/gin-vue-admin/forum-server]2023/02/04 - 20:09:43.053	[34minfo[0m	/Users/mac/gopath/src/gin-vue-admin/forum-server/initialize/redis.go:23	redis connect ping response:	{"pong": "PONG"}
[github.com/flipped-aurora/gin-vue-admin/forum-server]2023/02/04 - 20:09:43.054	[34minfo[0m	/Users/mac/gopath/src/gin-vue-admin/forum-server/initialize/router.go:39	register swagger handler
[github.com/flipped-aurora/gin-vue-admin/forum-server]2023/02/04 - 20:09:43.056	[34minfo[0m	/Users/mac/gopath/src/gin-vue-admin/forum-server/initialize/router.go:96	router register success
[github.com/flipped-aurora/gin-vue-admin/forum-server]2023/02/04 - 20:09:43.056	[34minfo[0m	/Users/mac/gopath/src/gin-vue-admin/forum-server/core/server.go:37	forum-server run success on 	{"address": ":8889"}
[github.com/flipped-aurora/gin-vue-admin/forum-server]2023/02/04 - 20:12:01.587	[34minfo[0m	/Users/mac/gopath/src/gin-vue-admin/forum-server/initialize/gorm.go:68	register table success
[github.com/flipped-aurora/gin-vue-admin/forum-server]2023/02/04 - 20:12:01.593	[34minfo[0m	/Users/mac/gopath/src/gin-vue-admin/forum-server/initialize/redis.go:23	redis connect ping response:	{"pong": "PONG"}
[github.com/flipped-aurora/gin-vue-admin/forum-server]2023/02/04 - 20:12:01.594	[34minfo[0m	/Users/mac/gopath/src/gin-vue-admin/forum-server/initialize/router.go:39	register swagger handler
[github.com/flipped-aurora/gin-vue-admin/forum-server]2023/02/04 - 20:12:01.596	[34minfo[0m	/Users/mac/gopath/src/gin-vue-admin/forum-server/initialize/router.go:96	router register success
[github.com/flipped-aurora/gin-vue-admin/forum-server]2023/02/04 - 20:12:01.596	[34minfo[0m	/Users/mac/gopath/src/gin-vue-admin/forum-server/core/server.go:37	forum-server run success on 	{"address": ":8889"}
[github.com/flipped-aurora/gin-vue-admin/forum-server]2023/02/04 - 20:18:12.696	[34minfo[0m	/Users/mac/gopath/src/gin-vue-admin/forum-server/initialize/gorm.go:68	register table success
[github.com/flipped-aurora/gin-vue-admin/forum-server]2023/02/04 - 20:18:12.701	[34minfo[0m	/Users/mac/gopath/src/gin-vue-admin/forum-server/initialize/redis.go:23	redis connect ping response:	{"pong": "PONG"}
[github.com/flipped-aurora/gin-vue-admin/forum-server]2023/02/04 - 20:18:12.702	[34minfo[0m	/Users/mac/gopath/src/gin-vue-admin/forum-server/initialize/router.go:39	register swagger handler
[github.com/flipped-aurora/gin-vue-admin/forum-server]2023/02/04 - 20:18:12.704	[34minfo[0m	/Users/mac/gopath/src/gin-vue-admin/forum-server/initialize/router.go:96	router register success
[github.com/flipped-aurora/gin-vue-admin/forum-server]2023/02/04 - 20:18:12.704	[34minfo[0m	/Users/mac/gopath/src/gin-vue-admin/forum-server/core/server.go:37	forum-server run success on 	{"address": ":8889"}
[github.com/flipped-aurora/gin-vue-admin/forum-server]2023/02/04 - 20:20:24.584	[34minfo[0m	/Users/mac/gopath/src/gin-vue-admin/forum-server/initialize/gorm.go:68	register table success
[github.com/flipped-aurora/gin-vue-admin/forum-server]2023/02/04 - 20:20:24.595	[34minfo[0m	/Users/mac/gopath/src/gin-vue-admin/forum-server/initialize/redis.go:23	redis connect ping response:	{"pong": "PONG"}
[github.com/flipped-aurora/gin-vue-admin/forum-server]2023/02/04 - 20:20:24.596	[34minfo[0m	/Users/mac/gopath/src/gin-vue-admin/forum-server/initialize/router.go:39	register swagger handler
[github.com/flipped-aurora/gin-vue-admin/forum-server]2023/02/04 - 20:20:24.598	[34minfo[0m	/Users/mac/gopath/src/gin-vue-admin/forum-server/initialize/router.go:96	router register success
[github.com/flipped-aurora/gin-vue-admin/forum-server]2023/02/04 - 20:20:24.598	[34minfo[0m	/Users/mac/gopath/src/gin-vue-admin/forum-server/core/server.go:37	forum-server run success on 	{"address": ":8889"}
[github.com/flipped-aurora/gin-vue-admin/forum-server]2023/02/04 - 20:24:03.459	[34minfo[0m	/Users/mac/gopath/src/gin-vue-admin/forum-server/initialize/gorm.go:68	register table success
[github.com/flipped-aurora/gin-vue-admin/forum-server]2023/02/04 - 20:24:03.463	[34minfo[0m	/Users/mac/gopath/src/gin-vue-admin/forum-server/initialize/redis.go:23	redis connect ping response:	{"pong": "PONG"}
[github.com/flipped-aurora/gin-vue-admin/forum-server]2023/02/04 - 20:24:03.463	[34minfo[0m	/Users/mac/gopath/src/gin-vue-admin/forum-server/initialize/router.go:39	register swagger handler
[github.com/flipped-aurora/gin-vue-admin/forum-server]2023/02/04 - 20:24:03.465	[34minfo[0m	/Users/mac/gopath/src/gin-vue-admin/forum-server/initialize/router.go:96	router register success
[github.com/flipped-aurora/gin-vue-admin/forum-server]2023/02/04 - 20:24:03.465	[34minfo[0m	/Users/mac/gopath/src/gin-vue-admin/forum-server/core/server.go:37	forum-server run success on 	{"address": ":8889"}
[github.com/flipped-aurora/gin-vue-admin/forum-server]2023/02/04 - 20:28:08.884	[34minfo[0m	/Users/mac/gopath/src/gin-vue-admin/forum-server/initialize/gorm.go:68	register table success
[github.com/flipped-aurora/gin-vue-admin/forum-server]2023/02/04 - 20:28:08.890	[34minfo[0m	/Users/mac/gopath/src/gin-vue-admin/forum-server/initialize/redis.go:23	redis connect ping response:	{"pong": "PONG"}
[github.com/flipped-aurora/gin-vue-admin/forum-server]2023/02/04 - 20:28:08.891	[34minfo[0m	/Users/mac/gopath/src/gin-vue-admin/forum-server/initialize/router.go:39	register swagger handler
[github.com/flipped-aurora/gin-vue-admin/forum-server]2023/02/04 - 20:28:08.893	[34minfo[0m	/Users/mac/gopath/src/gin-vue-admin/forum-server/initialize/router.go:96	router register success
[github.com/flipped-aurora/gin-vue-admin/forum-server]2023/02/04 - 20:28:08.893	[34minfo[0m	/Users/mac/gopath/src/gin-vue-admin/forum-server/core/server.go:37	forum-server run success on 	{"address": ":8889"}
